<?xml version="1.0" encoding="UTF-8"?>
<testsuite xmlns:xsi="http://www.w3.org/2001/XMLSchema-instance" xsi:noNamespaceSchemaLocation="https://maven.apache.org/surefire/maven-surefire-plugin/xsd/surefire-test-report-3.0.xsd" version="3.0" name="techsea.habhabapi.HabhabApiApplicationTests" time="91.793" tests="1" errors="0" skipped="0" failures="0">
  <properties>
    <property name="java.specification.version" value="21"/>
    <property name="sun.cpu.isalist" value="amd64"/>
    <property name="sun.jnu.encoding" value="Cp1252"/>
    <property name="java.class.path" value="C:\Users\Abdulaziz\Desktop\MyProjects\habhab-api\target\test-classes;C:\Users\Abdulaziz\Desktop\MyProjects\habhab-api\target\classes;C:\Users\Abdulaziz\.m2\repository\org\springframework\boot\spring-boot-starter-actuator\3.3.0\spring-boot-starter-actuator-3.3.0.jar;C:\Users\Abdulaziz\.m2\repository\org\springframework\boot\spring-boot-starter\3.3.0\spring-boot-starter-3.3.0.jar;C:\Users\Abdulaziz\.m2\repository\org\springframework\boot\spring-boot-starter-logging\3.3.0\spring-boot-starter-logging-3.3.0.jar;C:\Users\Abdulaziz\.m2\repository\ch\qos\logback\logback-classic\1.5.6\logback-classic-1.5.6.jar;C:\Users\Abdulaziz\.m2\repository\ch\qos\logback\logback-core\1.5.6\logback-core-1.5.6.jar;C:\Users\Abdulaziz\.m2\repository\org\apache\logging\log4j\log4j-to-slf4j\2.23.1\log4j-to-slf4j-2.23.1.jar;C:\Users\Abdulaziz\.m2\repository\org\apache\logging\log4j\log4j-api\2.23.1\log4j-api-2.23.1.jar;C:\Users\Abdulaziz\.m2\repository\org\slf4j\jul-to-slf4j\2.0.13\jul-to-slf4j-2.0.13.jar;C:\Users\Abdulaziz\.m2\repository\jakarta\annotation\jakarta.annotation-api\2.1.1\jakarta.annotation-api-2.1.1.jar;C:\Users\Abdulaziz\.m2\repository\org\yaml\snakeyaml\2.2\snakeyaml-2.2.jar;C:\Users\Abdulaziz\.m2\repository\org\springframework\boot\spring-boot-actuator-autoconfigure\3.3.0\spring-boot-actuator-autoconfigure-3.3.0.jar;C:\Users\Abdulaziz\.m2\repository\org\springframework\boot\spring-boot-actuator\3.3.0\spring-boot-actuator-3.3.0.jar;C:\Users\Abdulaziz\.m2\repository\com\fasterxml\jackson\core\jackson-databind\2.17.1\jackson-databind-2.17.1.jar;C:\Users\Abdulaziz\.m2\repository\com\fasterxml\jackson\core\jackson-annotations\2.17.1\jackson-annotations-2.17.1.jar;C:\Users\Abdulaziz\.m2\repository\com\fasterxml\jackson\core\jackson-core\2.17.1\jackson-core-2.17.1.jar;C:\Users\Abdulaziz\.m2\repository\com\fasterxml\jackson\datatype\jackson-datatype-jsr310\2.17.1\jackson-datatype-jsr310-2.17.1.jar;C:\Users\Abdulaziz\.m2\repository\io\micrometer\micrometer-observation\1.13.0\micrometer-observation-1.13.0.jar;C:\Users\Abdulaziz\.m2\repository\io\micrometer\micrometer-commons\1.13.0\micrometer-commons-1.13.0.jar;C:\Users\Abdulaziz\.m2\repository\io\micrometer\micrometer-jakarta9\1.13.0\micrometer-jakarta9-1.13.0.jar;C:\Users\Abdulaziz\.m2\repository\io\micrometer\micrometer-core\1.13.0\micrometer-core-1.13.0.jar;C:\Users\Abdulaziz\.m2\repository\org\hdrhistogram\HdrHistogram\2.2.1\HdrHistogram-2.2.1.jar;C:\Users\Abdulaziz\.m2\repository\org\latencyutils\LatencyUtils\2.0.3\LatencyUtils-2.0.3.jar;C:\Users\Abdulaziz\.m2\repository\org\springframework\boot\spring-boot-starter-data-jpa\3.3.0\spring-boot-starter-data-jpa-3.3.0.jar;C:\Users\Abdulaziz\.m2\repository\org\springframework\boot\spring-boot-starter-aop\3.3.0\spring-boot-starter-aop-3.3.0.jar;C:\Users\Abdulaziz\.m2\repository\org\aspectj\aspectjweaver\1.9.22\aspectjweaver-1.9.22.jar;C:\Users\Abdulaziz\.m2\repository\org\springframework\boot\spring-boot-starter-jdbc\3.3.0\spring-boot-starter-jdbc-3.3.0.jar;C:\Users\Abdulaziz\.m2\repository\com\zaxxer\HikariCP\5.1.0\HikariCP-5.1.0.jar;C:\Users\Abdulaziz\.m2\repository\org\springframework\spring-jdbc\6.1.8\spring-jdbc-6.1.8.jar;C:\Users\Abdulaziz\.m2\repository\org\hibernate\orm\hibernate-core\6.5.2.Final\hibernate-core-6.5.2.Final.jar;C:\Users\Abdulaziz\.m2\repository\jakarta\persistence\jakarta.persistence-api\3.1.0\jakarta.persistence-api-3.1.0.jar;C:\Users\Abdulaziz\.m2\repository\jakarta\transaction\jakarta.transaction-api\2.0.1\jakarta.transaction-api-2.0.1.jar;C:\Users\Abdulaziz\.m2\repository\org\jboss\logging\jboss-logging\3.5.3.Final\jboss-logging-3.5.3.Final.jar;C:\Users\Abdulaziz\.m2\repository\org\hibernate\common\hibernate-commons-annotations\6.0.6.Final\hibernate-commons-annotations-6.0.6.Final.jar;C:\Users\Abdulaziz\.m2\repository\io\smallrye\jandex\3.1.2\jandex-3.1.2.jar;C:\Users\Abdulaziz\.m2\repository\com\fasterxml\classmate\1.7.0\classmate-1.7.0.jar;C:\Users\Abdulaziz\.m2\repository\net\bytebuddy\byte-buddy\1.14.16\byte-buddy-1.14.16.jar;C:\Users\Abdulaziz\.m2\repository\org\glassfish\jaxb\jaxb-runtime\4.0.5\jaxb-runtime-4.0.5.jar;C:\Users\Abdulaziz\.m2\repository\org\glassfish\jaxb\jaxb-core\4.0.5\jaxb-core-4.0.5.jar;C:\Users\Abdulaziz\.m2\repository\org\eclipse\angus\angus-activation\2.0.2\angus-activation-2.0.2.jar;C:\Users\Abdulaziz\.m2\repository\org\glassfish\jaxb\txw2\4.0.5\txw2-4.0.5.jar;C:\Users\Abdulaziz\.m2\repository\com\sun\istack\istack-commons-runtime\4.1.2\istack-commons-runtime-4.1.2.jar;C:\Users\Abdulaziz\.m2\repository\jakarta\inject\jakarta.inject-api\2.0.1\jakarta.inject-api-2.0.1.jar;C:\Users\Abdulaziz\.m2\repository\org\antlr\antlr4-runtime\4.13.0\antlr4-runtime-4.13.0.jar;C:\Users\Abdulaziz\.m2\repository\org\springframework\data\spring-data-jpa\3.3.0\spring-data-jpa-3.3.0.jar;C:\Users\Abdulaziz\.m2\repository\org\springframework\data\spring-data-commons\3.3.0\spring-data-commons-3.3.0.jar;C:\Users\Abdulaziz\.m2\repository\org\springframework\spring-orm\6.1.8\spring-orm-6.1.8.jar;C:\Users\Abdulaziz\.m2\repository\org\springframework\spring-context\6.1.8\spring-context-6.1.8.jar;C:\Users\Abdulaziz\.m2\repository\org\springframework\spring-tx\6.1.8\spring-tx-6.1.8.jar;C:\Users\Abdulaziz\.m2\repository\org\springframework\spring-beans\6.1.8\spring-beans-6.1.8.jar;C:\Users\Abdulaziz\.m2\repository\org\springframework\spring-aspects\6.1.8\spring-aspects-6.1.8.jar;C:\Users\Abdulaziz\.m2\repository\org\springframework\boot\spring-boot-starter-security\3.3.0\spring-boot-starter-security-3.3.0.jar;C:\Users\Abdulaziz\.m2\repository\org\springframework\spring-aop\6.1.8\spring-aop-6.1.8.jar;C:\Users\Abdulaziz\.m2\repository\org\springframework\security\spring-security-config\6.3.0\spring-security-config-6.3.0.jar;C:\Users\Abdulaziz\.m2\repository\org\springframework\security\spring-security-web\6.3.0\spring-security-web-6.3.0.jar;C:\Users\Abdulaziz\.m2\repository\org\springframework\spring-expression\6.1.8\spring-expression-6.1.8.jar;C:\Users\Abdulaziz\.m2\repository\org\springframework\boot\spring-boot-starter-web\3.3.0\spring-boot-starter-web-3.3.0.jar;C:\Users\Abdulaziz\.m2\repository\org\springframework\boot\spring-boot-starter-json\3.3.0\spring-boot-starter-json-3.3.0.jar;C:\Users\Abdulaziz\.m2\repository\com\fasterxml\jackson\datatype\jackson-datatype-jdk8\2.17.1\jackson-datatype-jdk8-2.17.1.jar;C:\Users\Abdulaziz\.m2\repository\com\fasterxml\jackson\module\jackson-module-parameter-names\2.17.1\jackson-module-parameter-names-2.17.1.jar;C:\Users\Abdulaziz\.m2\repository\org\springframework\boot\spring-boot-starter-tomcat\3.3.0\spring-boot-starter-tomcat-3.3.0.jar;C:\Users\Abdulaziz\.m2\repository\org\apache\tomcat\embed\tomcat-embed-core\10.1.24\tomcat-embed-core-10.1.24.jar;C:\Users\Abdulaziz\.m2\repository\org\apache\tomcat\embed\tomcat-embed-el\10.1.24\tomcat-embed-el-10.1.24.jar;C:\Users\Abdulaziz\.m2\repository\org\apache\tomcat\embed\tomcat-embed-websocket\10.1.24\tomcat-embed-websocket-10.1.24.jar;C:\Users\Abdulaziz\.m2\repository\org\springframework\spring-web\6.1.8\spring-web-6.1.8.jar;C:\Users\Abdulaziz\.m2\repository\org\springframework\spring-webmvc\6.1.8\spring-webmvc-6.1.8.jar;C:\Users\Abdulaziz\.m2\repository\org\springframework\boot\spring-boot-devtools\3.3.0\spring-boot-devtools-3.3.0.jar;C:\Users\Abdulaziz\.m2\repository\org\springframework\boot\spring-boot\3.3.0\spring-boot-3.3.0.jar;C:\Users\Abdulaziz\.m2\repository\org\springframework\boot\spring-boot-autoconfigure\3.3.0\spring-boot-autoconfigure-3.3.0.jar;C:\Users\Abdulaziz\.m2\repository\org\postgresql\postgresql\42.7.3\postgresql-42.7.3.jar;C:\Users\Abdulaziz\.m2\repository\org\checkerframework\checker-qual\3.42.0\checker-qual-3.42.0.jar;C:\Users\Abdulaziz\.m2\repository\org\projectlombok\lombok\1.18.32\lombok-1.18.32.jar;C:\Users\Abdulaziz\.m2\repository\org\springframework\boot\spring-boot-starter-test\3.3.0\spring-boot-starter-test-3.3.0.jar;C:\Users\Abdulaziz\.m2\repository\org\springframework\boot\spring-boot-test\3.3.0\spring-boot-test-3.3.0.jar;C:\Users\Abdulaziz\.m2\repository\org\springframework\boot\spring-boot-test-autoconfigure\3.3.0\spring-boot-test-autoconfigure-3.3.0.jar;C:\Users\Abdulaziz\.m2\repository\com\jayway\jsonpath\json-path\2.9.0\json-path-2.9.0.jar;C:\Users\Abdulaziz\.m2\repository\jakarta\xml\bind\jakarta.xml.bind-api\4.0.2\jakarta.xml.bind-api-4.0.2.jar;C:\Users\Abdulaziz\.m2\repository\jakarta\activation\jakarta.activation-api\2.1.3\jakarta.activation-api-2.1.3.jar;C:\Users\Abdulaziz\.m2\repository\net\minidev\json-smart\2.5.1\json-smart-2.5.1.jar;C:\Users\Abdulaziz\.m2\repository\net\minidev\accessors-smart\2.5.1\accessors-smart-2.5.1.jar;C:\Users\Abdulaziz\.m2\repository\org\ow2\asm\asm\9.6\asm-9.6.jar;C:\Users\Abdulaziz\.m2\repository\org\assertj\assertj-core\3.25.3\assertj-core-3.25.3.jar;C:\Users\Abdulaziz\.m2\repository\org\awaitility\awaitility\4.2.1\awaitility-4.2.1.jar;C:\Users\Abdulaziz\.m2\repository\org\hamcrest\hamcrest\2.2\hamcrest-2.2.jar;C:\Users\Abdulaziz\.m2\repository\org\junit\jupiter\junit-jupiter\5.10.2\junit-jupiter-5.10.2.jar;C:\Users\Abdulaziz\.m2\repository\org\junit\jupiter\junit-jupiter-api\5.10.2\junit-jupiter-api-5.10.2.jar;C:\Users\Abdulaziz\.m2\repository\org\opentest4j\opentest4j\1.3.0\opentest4j-1.3.0.jar;C:\Users\Abdulaziz\.m2\repository\org\junit\platform\junit-platform-commons\1.10.2\junit-platform-commons-1.10.2.jar;C:\Users\Abdulaziz\.m2\repository\org\apiguardian\apiguardian-api\1.1.2\apiguardian-api-1.1.2.jar;C:\Users\Abdulaziz\.m2\repository\org\junit\jupiter\junit-jupiter-params\5.10.2\junit-jupiter-params-5.10.2.jar;C:\Users\Abdulaziz\.m2\repository\org\junit\jupiter\junit-jupiter-engine\5.10.2\junit-jupiter-engine-5.10.2.jar;C:\Users\Abdulaziz\.m2\repository\org\junit\platform\junit-platform-engine\1.10.2\junit-platform-engine-1.10.2.jar;C:\Users\Abdulaziz\.m2\repository\org\mockito\mockito-core\5.11.0\mockito-core-5.11.0.jar;C:\Users\Abdulaziz\.m2\repository\net\bytebuddy\byte-buddy-agent\1.14.16\byte-buddy-agent-1.14.16.jar;C:\Users\Abdulaziz\.m2\repository\org\objenesis\objenesis\3.3\objenesis-3.3.jar;C:\Users\Abdulaziz\.m2\repository\org\mockito\mockito-junit-jupiter\5.11.0\mockito-junit-jupiter-5.11.0.jar;C:\Users\Abdulaziz\.m2\repository\org\skyscreamer\jsonassert\1.5.1\jsonassert-1.5.1.jar;C:\Users\Abdulaziz\.m2\repository\org\springframework\spring-core\6.1.8\spring-core-6.1.8.jar;C:\Users\Abdulaziz\.m2\repository\org\springframework\spring-jcl\6.1.8\spring-jcl-6.1.8.jar;C:\Users\Abdulaziz\.m2\repository\org\springframework\spring-test\6.1.8\spring-test-6.1.8.jar;C:\Users\Abdulaziz\.m2\repository\org\xmlunit\xmlunit-core\2.9.1\xmlunit-core-2.9.1.jar;C:\Users\Abdulaziz\.m2\repository\org\springframework\security\spring-security-test\6.3.0\spring-security-test-6.3.0.jar;C:\Users\Abdulaziz\.m2\repository\org\springframework\security\spring-security-core\6.3.0\spring-security-core-6.3.0.jar;C:\Users\Abdulaziz\.m2\repository\org\springframework\security\spring-security-crypto\6.3.0\spring-security-crypto-6.3.0.jar;C:\Users\Abdulaziz\.m2\repository\org\json\json\20240303\json-20240303.jar;C:\Users\Abdulaziz\.m2\repository\org\springdoc\springdoc-openapi-starter-webmvc-ui\2.5.0\springdoc-openapi-starter-webmvc-ui-2.5.0.jar;C:\Users\Abdulaziz\.m2\repository\org\springdoc\springdoc-openapi-starter-webmvc-api\2.5.0\springdoc-openapi-starter-webmvc-api-2.5.0.jar;C:\Users\Abdulaziz\.m2\repository\org\springdoc\springdoc-openapi-starter-common\2.5.0\springdoc-openapi-starter-common-2.5.0.jar;C:\Users\Abdulaziz\.m2\repository\io\swagger\core\v3\swagger-core-jakarta\2.2.21\swagger-core-jakarta-2.2.21.jar;C:\Users\Abdulaziz\.m2\repository\org\apache\commons\commons-lang3\3.14.0\commons-lang3-3.14.0.jar;C:\Users\Abdulaziz\.m2\repository\io\swagger\core\v3\swagger-annotations-jakarta\2.2.21\swagger-annotations-jakarta-2.2.21.jar;C:\Users\Abdulaziz\.m2\repository\io\swagger\core\v3\swagger-models-jakarta\2.2.21\swagger-models-jakarta-2.2.21.jar;C:\Users\Abdulaziz\.m2\repository\jakarta\validation\jakarta.validation-api\3.0.2\jakarta.validation-api-3.0.2.jar;C:\Users\Abdulaziz\.m2\repository\com\fasterxml\jackson\dataformat\jackson-dataformat-yaml\2.17.1\jackson-dataformat-yaml-2.17.1.jar;C:\Users\Abdulaziz\.m2\repository\org\webjars\swagger-ui\5.13.0\swagger-ui-5.13.0.jar;C:\Users\Abdulaziz\.m2\repository\com\nimbusds\nimbus-jose-jwt\9.37.3\nimbus-jose-jwt-9.37.3.jar;C:\Users\Abdulaziz\.m2\repository\com\github\stephenc\jcip\jcip-annotations\1.0-1\jcip-annotations-1.0-1.jar;C:\Users\Abdulaziz\.m2\repository\org\apache\httpcomponents\httpclient\4.5.14\httpclient-4.5.14.jar;C:\Users\Abdulaziz\.m2\repository\org\apache\httpcomponents\httpcore\4.4.16\httpcore-4.4.16.jar;C:\Users\Abdulaziz\.m2\repository\commons-logging\commons-logging\1.2\commons-logging-1.2.jar;C:\Users\Abdulaziz\.m2\repository\commons-codec\commons-codec\1.16.1\commons-codec-1.16.1.jar;C:\Users\Abdulaziz\.m2\repository\org\springframework\boot\spring-boot-starter-amqp\3.3.0\spring-boot-starter-amqp-3.3.0.jar;C:\Users\Abdulaziz\.m2\repository\org\springframework\spring-messaging\6.1.8\spring-messaging-6.1.8.jar;C:\Users\Abdulaziz\.m2\repository\org\springframework\amqp\spring-rabbit\3.1.5\spring-rabbit-3.1.5.jar;C:\Users\Abdulaziz\.m2\repository\org\springframework\amqp\spring-amqp\3.1.5\spring-amqp-3.1.5.jar;C:\Users\Abdulaziz\.m2\repository\org\springframework\retry\spring-retry\2.0.6\spring-retry-2.0.6.jar;C:\Users\Abdulaziz\.m2\repository\com\rabbitmq\amqp-client\5.21.0\amqp-client-5.21.0.jar;C:\Users\Abdulaziz\.m2\repository\org\springframework\amqp\spring-rabbit-test\3.1.5\spring-rabbit-test-3.1.5.jar;C:\Users\Abdulaziz\.m2\repository\org\springframework\amqp\spring-rabbit-junit\3.1.5\spring-rabbit-junit-3.1.5.jar;C:\Users\Abdulaziz\.m2\repository\org\hamcrest\hamcrest-library\2.2\hamcrest-library-2.2.jar;C:\Users\Abdulaziz\.m2\repository\org\hamcrest\hamcrest-core\2.2\hamcrest-core-2.2.jar;C:\Users\Abdulaziz\.m2\repository\org\springframework\boot\spring-boot-starter-thymeleaf\3.3.0\spring-boot-starter-thymeleaf-3.3.0.jar;C:\Users\Abdulaziz\.m2\repository\org\thymeleaf\thymeleaf-spring6\3.1.2.RELEASE\thymeleaf-spring6-3.1.2.RELEASE.jar;C:\Users\Abdulaziz\.m2\repository\org\thymeleaf\thymeleaf\3.1.2.RELEASE\thymeleaf-3.1.2.RELEASE.jar;C:\Users\Abdulaziz\.m2\repository\org\attoparser\attoparser\2.0.7.RELEASE\attoparser-2.0.7.RELEASE.jar;C:\Users\Abdulaziz\.m2\repository\org\unbescape\unbescape\1.1.6.RELEASE\unbescape-1.1.6.RELEASE.jar;C:\Users\Abdulaziz\.m2\repository\org\thymeleaf\extras\thymeleaf-extras-springsecurity6\3.1.2.RELEASE\thymeleaf-extras-springsecurity6-3.1.2.RELEASE.jar;C:\Users\Abdulaziz\.m2\repository\org\slf4j\slf4j-api\2.0.13\slf4j-api-2.0.13.jar;"/>
    <property name="java.vm.vendor" value="Oracle Corporation"/>
    <property name="sun.arch.data.model" value="64"/>
    <property name="user.variant" value=""/>
    <property name="java.vendor.url" value="https://java.oracle.com/"/>
    <property name="user.timezone" value="Asia/Riyadh"/>
    <property name="org.jboss.logging.provider" value="slf4j"/>
    <property name="os.name" value="Windows 11"/>
    <property name="java.vm.specification.version" value="21"/>
    <property name="sun.java.launcher" value="SUN_STANDARD"/>
    <property name="user.country" value="US"/>
    <property name="sun.boot.library.path" value="C:\Users\Abdulaziz\.jdks\openjdk-21.0.2\bin"/>
    <property name="sun.java.command" value="C:\Users\Abdulaziz\AppData\Local\Temp\surefire10703446505509173282\surefirebooter-20240626165105656_3.jar C:\Users\Abdulaziz\AppData\Local\Temp\surefire10703446505509173282 2024-06-26T16-51-05_460-jvmRun1 surefire-20240626165105656_1tmp surefire_0-20240626165105656_2tmp"/>
    <property name="jdk.debug" value="release"/>
    <property name="surefire.test.class.path" value="C:\Users\Abdulaziz\Desktop\MyProjects\habhab-api\target\test-classes;C:\Users\Abdulaziz\Desktop\MyProjects\habhab-api\target\classes;C:\Users\Abdulaziz\.m2\repository\org\springframework\boot\spring-boot-starter-actuator\3.3.0\spring-boot-starter-actuator-3.3.0.jar;C:\Users\Abdulaziz\.m2\repository\org\springframework\boot\spring-boot-starter\3.3.0\spring-boot-starter-3.3.0.jar;C:\Users\Abdulaziz\.m2\repository\org\springframework\boot\spring-boot-starter-logging\3.3.0\spring-boot-starter-logging-3.3.0.jar;C:\Users\Abdulaziz\.m2\repository\ch\qos\logback\logback-classic\1.5.6\logback-classic-1.5.6.jar;C:\Users\Abdulaziz\.m2\repository\ch\qos\logback\logback-core\1.5.6\logback-core-1.5.6.jar;C:\Users\Abdulaziz\.m2\repository\org\apache\logging\log4j\log4j-to-slf4j\2.23.1\log4j-to-slf4j-2.23.1.jar;C:\Users\Abdulaziz\.m2\repository\org\apache\logging\log4j\log4j-api\2.23.1\log4j-api-2.23.1.jar;C:\Users\Abdulaziz\.m2\repository\org\slf4j\jul-to-slf4j\2.0.13\jul-to-slf4j-2.0.13.jar;C:\Users\Abdulaziz\.m2\repository\jakarta\annotation\jakarta.annotation-api\2.1.1\jakarta.annotation-api-2.1.1.jar;C:\Users\Abdulaziz\.m2\repository\org\yaml\snakeyaml\2.2\snakeyaml-2.2.jar;C:\Users\Abdulaziz\.m2\repository\org\springframework\boot\spring-boot-actuator-autoconfigure\3.3.0\spring-boot-actuator-autoconfigure-3.3.0.jar;C:\Users\Abdulaziz\.m2\repository\org\springframework\boot\spring-boot-actuator\3.3.0\spring-boot-actuator-3.3.0.jar;C:\Users\Abdulaziz\.m2\repository\com\fasterxml\jackson\core\jackson-databind\2.17.1\jackson-databind-2.17.1.jar;C:\Users\Abdulaziz\.m2\repository\com\fasterxml\jackson\core\jackson-annotations\2.17.1\jackson-annotations-2.17.1.jar;C:\Users\Abdulaziz\.m2\repository\com\fasterxml\jackson\core\jackson-core\2.17.1\jackson-core-2.17.1.jar;C:\Users\Abdulaziz\.m2\repository\com\fasterxml\jackson\datatype\jackson-datatype-jsr310\2.17.1\jackson-datatype-jsr310-2.17.1.jar;C:\Users\Abdulaziz\.m2\repository\io\micrometer\micrometer-observation\1.13.0\micrometer-observation-1.13.0.jar;C:\Users\Abdulaziz\.m2\repository\io\micrometer\micrometer-commons\1.13.0\micrometer-commons-1.13.0.jar;C:\Users\Abdulaziz\.m2\repository\io\micrometer\micrometer-jakarta9\1.13.0\micrometer-jakarta9-1.13.0.jar;C:\Users\Abdulaziz\.m2\repository\io\micrometer\micrometer-core\1.13.0\micrometer-core-1.13.0.jar;C:\Users\Abdulaziz\.m2\repository\org\hdrhistogram\HdrHistogram\2.2.1\HdrHistogram-2.2.1.jar;C:\Users\Abdulaziz\.m2\repository\org\latencyutils\LatencyUtils\2.0.3\LatencyUtils-2.0.3.jar;C:\Users\Abdulaziz\.m2\repository\org\springframework\boot\spring-boot-starter-data-jpa\3.3.0\spring-boot-starter-data-jpa-3.3.0.jar;C:\Users\Abdulaziz\.m2\repository\org\springframework\boot\spring-boot-starter-aop\3.3.0\spring-boot-starter-aop-3.3.0.jar;C:\Users\Abdulaziz\.m2\repository\org\aspectj\aspectjweaver\1.9.22\aspectjweaver-1.9.22.jar;C:\Users\Abdulaziz\.m2\repository\org\springframework\boot\spring-boot-starter-jdbc\3.3.0\spring-boot-starter-jdbc-3.3.0.jar;C:\Users\Abdulaziz\.m2\repository\com\zaxxer\HikariCP\5.1.0\HikariCP-5.1.0.jar;C:\Users\Abdulaziz\.m2\repository\org\springframework\spring-jdbc\6.1.8\spring-jdbc-6.1.8.jar;C:\Users\Abdulaziz\.m2\repository\org\hibernate\orm\hibernate-core\6.5.2.Final\hibernate-core-6.5.2.Final.jar;C:\Users\Abdulaziz\.m2\repository\jakarta\persistence\jakarta.persistence-api\3.1.0\jakarta.persistence-api-3.1.0.jar;C:\Users\Abdulaziz\.m2\repository\jakarta\transaction\jakarta.transaction-api\2.0.1\jakarta.transaction-api-2.0.1.jar;C:\Users\Abdulaziz\.m2\repository\org\jboss\logging\jboss-logging\3.5.3.Final\jboss-logging-3.5.3.Final.jar;C:\Users\Abdulaziz\.m2\repository\org\hibernate\common\hibernate-commons-annotations\6.0.6.Final\hibernate-commons-annotations-6.0.6.Final.jar;C:\Users\Abdulaziz\.m2\repository\io\smallrye\jandex\3.1.2\jandex-3.1.2.jar;C:\Users\Abdulaziz\.m2\repository\com\fasterxml\classmate\1.7.0\classmate-1.7.0.jar;C:\Users\Abdulaziz\.m2\repository\net\bytebuddy\byte-buddy\1.14.16\byte-buddy-1.14.16.jar;C:\Users\Abdulaziz\.m2\repository\org\glassfish\jaxb\jaxb-runtime\4.0.5\jaxb-runtime-4.0.5.jar;C:\Users\Abdulaziz\.m2\repository\org\glassfish\jaxb\jaxb-core\4.0.5\jaxb-core-4.0.5.jar;C:\Users\Abdulaziz\.m2\repository\org\eclipse\angus\angus-activation\2.0.2\angus-activation-2.0.2.jar;C:\Users\Abdulaziz\.m2\repository\org\glassfish\jaxb\txw2\4.0.5\txw2-4.0.5.jar;C:\Users\Abdulaziz\.m2\repository\com\sun\istack\istack-commons-runtime\4.1.2\istack-commons-runtime-4.1.2.jar;C:\Users\Abdulaziz\.m2\repository\jakarta\inject\jakarta.inject-api\2.0.1\jakarta.inject-api-2.0.1.jar;C:\Users\Abdulaziz\.m2\repository\org\antlr\antlr4-runtime\4.13.0\antlr4-runtime-4.13.0.jar;C:\Users\Abdulaziz\.m2\repository\org\springframework\data\spring-data-jpa\3.3.0\spring-data-jpa-3.3.0.jar;C:\Users\Abdulaziz\.m2\repository\org\springframework\data\spring-data-commons\3.3.0\spring-data-commons-3.3.0.jar;C:\Users\Abdulaziz\.m2\repository\org\springframework\spring-orm\6.1.8\spring-orm-6.1.8.jar;C:\Users\Abdulaziz\.m2\repository\org\springframework\spring-context\6.1.8\spring-context-6.1.8.jar;C:\Users\Abdulaziz\.m2\repository\org\springframework\spring-tx\6.1.8\spring-tx-6.1.8.jar;C:\Users\Abdulaziz\.m2\repository\org\springframework\spring-beans\6.1.8\spring-beans-6.1.8.jar;C:\Users\Abdulaziz\.m2\repository\org\springframework\spring-aspects\6.1.8\spring-aspects-6.1.8.jar;C:\Users\Abdulaziz\.m2\repository\org\springframework\boot\spring-boot-starter-security\3.3.0\spring-boot-starter-security-3.3.0.jar;C:\Users\Abdulaziz\.m2\repository\org\springframework\spring-aop\6.1.8\spring-aop-6.1.8.jar;C:\Users\Abdulaziz\.m2\repository\org\springframework\security\spring-security-config\6.3.0\spring-security-config-6.3.0.jar;C:\Users\Abdulaziz\.m2\repository\org\springframework\security\spring-security-web\6.3.0\spring-security-web-6.3.0.jar;C:\Users\Abdulaziz\.m2\repository\org\springframework\spring-expression\6.1.8\spring-expression-6.1.8.jar;C:\Users\Abdulaziz\.m2\repository\org\springframework\boot\spring-boot-starter-web\3.3.0\spring-boot-starter-web-3.3.0.jar;C:\Users\Abdulaziz\.m2\repository\org\springframework\boot\spring-boot-starter-json\3.3.0\spring-boot-starter-json-3.3.0.jar;C:\Users\Abdulaziz\.m2\repository\com\fasterxml\jackson\datatype\jackson-datatype-jdk8\2.17.1\jackson-datatype-jdk8-2.17.1.jar;C:\Users\Abdulaziz\.m2\repository\com\fasterxml\jackson\module\jackson-module-parameter-names\2.17.1\jackson-module-parameter-names-2.17.1.jar;C:\Users\Abdulaziz\.m2\repository\org\springframework\boot\spring-boot-starter-tomcat\3.3.0\spring-boot-starter-tomcat-3.3.0.jar;C:\Users\Abdulaziz\.m2\repository\org\apache\tomcat\embed\tomcat-embed-core\10.1.24\tomcat-embed-core-10.1.24.jar;C:\Users\Abdulaziz\.m2\repository\org\apache\tomcat\embed\tomcat-embed-el\10.1.24\tomcat-embed-el-10.1.24.jar;C:\Users\Abdulaziz\.m2\repository\org\apache\tomcat\embed\tomcat-embed-websocket\10.1.24\tomcat-embed-websocket-10.1.24.jar;C:\Users\Abdulaziz\.m2\repository\org\springframework\spring-web\6.1.8\spring-web-6.1.8.jar;C:\Users\Abdulaziz\.m2\repository\org\springframework\spring-webmvc\6.1.8\spring-webmvc-6.1.8.jar;C:\Users\Abdulaziz\.m2\repository\org\springframework\boot\spring-boot-devtools\3.3.0\spring-boot-devtools-3.3.0.jar;C:\Users\Abdulaziz\.m2\repository\org\springframework\boot\spring-boot\3.3.0\spring-boot-3.3.0.jar;C:\Users\Abdulaziz\.m2\repository\org\springframework\boot\spring-boot-autoconfigure\3.3.0\spring-boot-autoconfigure-3.3.0.jar;C:\Users\Abdulaziz\.m2\repository\org\postgresql\postgresql\42.7.3\postgresql-42.7.3.jar;C:\Users\Abdulaziz\.m2\repository\org\checkerframework\checker-qual\3.42.0\checker-qual-3.42.0.jar;C:\Users\Abdulaziz\.m2\repository\org\projectlombok\lombok\1.18.32\lombok-1.18.32.jar;C:\Users\Abdulaziz\.m2\repository\org\springframework\boot\spring-boot-starter-test\3.3.0\spring-boot-starter-test-3.3.0.jar;C:\Users\Abdulaziz\.m2\repository\org\springframework\boot\spring-boot-test\3.3.0\spring-boot-test-3.3.0.jar;C:\Users\Abdulaziz\.m2\repository\org\springframework\boot\spring-boot-test-autoconfigure\3.3.0\spring-boot-test-autoconfigure-3.3.0.jar;C:\Users\Abdulaziz\.m2\repository\com\jayway\jsonpath\json-path\2.9.0\json-path-2.9.0.jar;C:\Users\Abdulaziz\.m2\repository\jakarta\xml\bind\jakarta.xml.bind-api\4.0.2\jakarta.xml.bind-api-4.0.2.jar;C:\Users\Abdulaziz\.m2\repository\jakarta\activation\jakarta.activation-api\2.1.3\jakarta.activation-api-2.1.3.jar;C:\Users\Abdulaziz\.m2\repository\net\minidev\json-smart\2.5.1\json-smart-2.5.1.jar;C:\Users\Abdulaziz\.m2\repository\net\minidev\accessors-smart\2.5.1\accessors-smart-2.5.1.jar;C:\Users\Abdulaziz\.m2\repository\org\ow2\asm\asm\9.6\asm-9.6.jar;C:\Users\Abdulaziz\.m2\repository\org\assertj\assertj-core\3.25.3\assertj-core-3.25.3.jar;C:\Users\Abdulaziz\.m2\repository\org\awaitility\awaitility\4.2.1\awaitility-4.2.1.jar;C:\Users\Abdulaziz\.m2\repository\org\hamcrest\hamcrest\2.2\hamcrest-2.2.jar;C:\Users\Abdulaziz\.m2\repository\org\junit\jupiter\junit-jupiter\5.10.2\junit-jupiter-5.10.2.jar;C:\Users\Abdulaziz\.m2\repository\org\junit\jupiter\junit-jupiter-api\5.10.2\junit-jupiter-api-5.10.2.jar;C:\Users\Abdulaziz\.m2\repository\org\opentest4j\opentest4j\1.3.0\opentest4j-1.3.0.jar;C:\Users\Abdulaziz\.m2\repository\org\junit\platform\junit-platform-commons\1.10.2\junit-platform-commons-1.10.2.jar;C:\Users\Abdulaziz\.m2\repository\org\apiguardian\apiguardian-api\1.1.2\apiguardian-api-1.1.2.jar;C:\Users\Abdulaziz\.m2\repository\org\junit\jupiter\junit-jupiter-params\5.10.2\junit-jupiter-params-5.10.2.jar;C:\Users\Abdulaziz\.m2\repository\org\junit\jupiter\junit-jupiter-engine\5.10.2\junit-jupiter-engine-5.10.2.jar;C:\Users\Abdulaziz\.m2\repository\org\junit\platform\junit-platform-engine\1.10.2\junit-platform-engine-1.10.2.jar;C:\Users\Abdulaziz\.m2\repository\org\mockito\mockito-core\5.11.0\mockito-core-5.11.0.jar;C:\Users\Abdulaziz\.m2\repository\net\bytebuddy\byte-buddy-agent\1.14.16\byte-buddy-agent-1.14.16.jar;C:\Users\Abdulaziz\.m2\repository\org\objenesis\objenesis\3.3\objenesis-3.3.jar;C:\Users\Abdulaziz\.m2\repository\org\mockito\mockito-junit-jupiter\5.11.0\mockito-junit-jupiter-5.11.0.jar;C:\Users\Abdulaziz\.m2\repository\org\skyscreamer\jsonassert\1.5.1\jsonassert-1.5.1.jar;C:\Users\Abdulaziz\.m2\repository\org\springframework\spring-core\6.1.8\spring-core-6.1.8.jar;C:\Users\Abdulaziz\.m2\repository\org\springframework\spring-jcl\6.1.8\spring-jcl-6.1.8.jar;C:\Users\Abdulaziz\.m2\repository\org\springframework\spring-test\6.1.8\spring-test-6.1.8.jar;C:\Users\Abdulaziz\.m2\repository\org\xmlunit\xmlunit-core\2.9.1\xmlunit-core-2.9.1.jar;C:\Users\Abdulaziz\.m2\repository\org\springframework\security\spring-security-test\6.3.0\spring-security-test-6.3.0.jar;C:\Users\Abdulaziz\.m2\repository\org\springframework\security\spring-security-core\6.3.0\spring-security-core-6.3.0.jar;C:\Users\Abdulaziz\.m2\repository\org\springframework\security\spring-security-crypto\6.3.0\spring-security-crypto-6.3.0.jar;C:\Users\Abdulaziz\.m2\repository\org\json\json\20240303\json-20240303.jar;C:\Users\Abdulaziz\.m2\repository\org\springdoc\springdoc-openapi-starter-webmvc-ui\2.5.0\springdoc-openapi-starter-webmvc-ui-2.5.0.jar;C:\Users\Abdulaziz\.m2\repository\org\springdoc\springdoc-openapi-starter-webmvc-api\2.5.0\springdoc-openapi-starter-webmvc-api-2.5.0.jar;C:\Users\Abdulaziz\.m2\repository\org\springdoc\springdoc-openapi-starter-common\2.5.0\springdoc-openapi-starter-common-2.5.0.jar;C:\Users\Abdulaziz\.m2\repository\io\swagger\core\v3\swagger-core-jakarta\2.2.21\swagger-core-jakarta-2.2.21.jar;C:\Users\Abdulaziz\.m2\repository\org\apache\commons\commons-lang3\3.14.0\commons-lang3-3.14.0.jar;C:\Users\Abdulaziz\.m2\repository\io\swagger\core\v3\swagger-annotations-jakarta\2.2.21\swagger-annotations-jakarta-2.2.21.jar;C:\Users\Abdulaziz\.m2\repository\io\swagger\core\v3\swagger-models-jakarta\2.2.21\swagger-models-jakarta-2.2.21.jar;C:\Users\Abdulaziz\.m2\repository\jakarta\validation\jakarta.validation-api\3.0.2\jakarta.validation-api-3.0.2.jar;C:\Users\Abdulaziz\.m2\repository\com\fasterxml\jackson\dataformat\jackson-dataformat-yaml\2.17.1\jackson-dataformat-yaml-2.17.1.jar;C:\Users\Abdulaziz\.m2\repository\org\webjars\swagger-ui\5.13.0\swagger-ui-5.13.0.jar;C:\Users\Abdulaziz\.m2\repository\com\nimbusds\nimbus-jose-jwt\9.37.3\nimbus-jose-jwt-9.37.3.jar;C:\Users\Abdulaziz\.m2\repository\com\github\stephenc\jcip\jcip-annotations\1.0-1\jcip-annotations-1.0-1.jar;C:\Users\Abdulaziz\.m2\repository\org\apache\httpcomponents\httpclient\4.5.14\httpclient-4.5.14.jar;C:\Users\Abdulaziz\.m2\repository\org\apache\httpcomponents\httpcore\4.4.16\httpcore-4.4.16.jar;C:\Users\Abdulaziz\.m2\repository\commons-logging\commons-logging\1.2\commons-logging-1.2.jar;C:\Users\Abdulaziz\.m2\repository\commons-codec\commons-codec\1.16.1\commons-codec-1.16.1.jar;C:\Users\Abdulaziz\.m2\repository\org\springframework\boot\spring-boot-starter-amqp\3.3.0\spring-boot-starter-amqp-3.3.0.jar;C:\Users\Abdulaziz\.m2\repository\org\springframework\spring-messaging\6.1.8\spring-messaging-6.1.8.jar;C:\Users\Abdulaziz\.m2\repository\org\springframework\amqp\spring-rabbit\3.1.5\spring-rabbit-3.1.5.jar;C:\Users\Abdulaziz\.m2\repository\org\springframework\amqp\spring-amqp\3.1.5\spring-amqp-3.1.5.jar;C:\Users\Abdulaziz\.m2\repository\org\springframework\retry\spring-retry\2.0.6\spring-retry-2.0.6.jar;C:\Users\Abdulaziz\.m2\repository\com\rabbitmq\amqp-client\5.21.0\amqp-client-5.21.0.jar;C:\Users\Abdulaziz\.m2\repository\org\springframework\amqp\spring-rabbit-test\3.1.5\spring-rabbit-test-3.1.5.jar;C:\Users\Abdulaziz\.m2\repository\org\springframework\amqp\spring-rabbit-junit\3.1.5\spring-rabbit-junit-3.1.5.jar;C:\Users\Abdulaziz\.m2\repository\org\hamcrest\hamcrest-library\2.2\hamcrest-library-2.2.jar;C:\Users\Abdulaziz\.m2\repository\org\hamcrest\hamcrest-core\2.2\hamcrest-core-2.2.jar;C:\Users\Abdulaziz\.m2\repository\org\springframework\boot\spring-boot-starter-thymeleaf\3.3.0\spring-boot-starter-thymeleaf-3.3.0.jar;C:\Users\Abdulaziz\.m2\repository\org\thymeleaf\thymeleaf-spring6\3.1.2.RELEASE\thymeleaf-spring6-3.1.2.RELEASE.jar;C:\Users\Abdulaziz\.m2\repository\org\thymeleaf\thymeleaf\3.1.2.RELEASE\thymeleaf-3.1.2.RELEASE.jar;C:\Users\Abdulaziz\.m2\repository\org\attoparser\attoparser\2.0.7.RELEASE\attoparser-2.0.7.RELEASE.jar;C:\Users\Abdulaziz\.m2\repository\org\unbescape\unbescape\1.1.6.RELEASE\unbescape-1.1.6.RELEASE.jar;C:\Users\Abdulaziz\.m2\repository\org\thymeleaf\extras\thymeleaf-extras-springsecurity6\3.1.2.RELEASE\thymeleaf-extras-springsecurity6-3.1.2.RELEASE.jar;C:\Users\Abdulaziz\.m2\repository\org\slf4j\slf4j-api\2.0.13\slf4j-api-2.0.13.jar;"/>
    <property name="sun.cpu.endian" value="little"/>
    <property name="user.home" value="C:\Users\Abdulaziz"/>
    <property name="user.language" value="en"/>
    <property name="java.specification.vendor" value="Oracle Corporation"/>
    <property name="java.version.date" value="2024-01-16"/>
    <property name="java.home" value="C:\Users\Abdulaziz\.jdks\openjdk-21.0.2"/>
    <property name="file.separator" value="\"/>
    <property name="basedir" value="C:\Users\Abdulaziz\Desktop\MyProjects\habhab-api"/>
    <property name="java.vm.compressedOopsMode" value="Zero based"/>
    <property name="line.separator" value="&#10;"/>
    <property name="java.vm.specification.vendor" value="Oracle Corporation"/>
    <property name="java.specification.name" value="Java Platform API Specification"/>
    <property name="FILE_LOG_CHARSET" value="UTF-8"/>
    <property name="java.awt.headless" value="true"/>
    <property name="surefire.real.class.path" value="C:\Users\Abdulaziz\AppData\Local\Temp\surefire10703446505509173282\surefirebooter-20240626165105656_3.jar"/>
    <property name="junit.platform.listeners.uid.tracking.enabled" value="true"/>
    <property name="user.script" value=""/>
    <property name="sun.management.compiler" value="HotSpot 64-Bit Tiered Compilers"/>
    <property name="junit.platform.listeners.uid.tracking.output.dir" value="C:\Users\Abdulaziz\Desktop\MyProjects\habhab-api\target\test-ids"/>
    <property name="java.runtime.version" value="21.0.2+13-58"/>
    <property name="user.name" value="Abdulaziz"/>
    <property name="stdout.encoding" value="Cp1252"/>
    <property name="path.separator" value=";"/>
    <property name="os.version" value="10.0"/>
    <property name="java.runtime.name" value="OpenJDK Runtime Environment"/>
    <property name="file.encoding" value="UTF-8"/>
    <property name="java.vm.name" value="OpenJDK 64-Bit Server VM"/>
    <property name="localRepository" value="C:\Users\Abdulaziz\.m2\repository"/>
    <property name="java.vendor.url.bug" value="https://bugreport.java.com/bugreport/"/>
    <property name="java.io.tmpdir" value="C:\Users\ABDULA~1\AppData\Local\Temp\"/>
    <property name="idea.version" value="2024.1.4"/>
    <property name="com.zaxxer.hikari.pool_number" value="1"/>
    <property name="java.version" value="21.0.2"/>
    <property name="user.dir" value="C:\Users\Abdulaziz\Desktop\MyProjects\habhab-api"/>
    <property name="os.arch" value="amd64"/>
    <property name="java.vm.specification.name" value="Java Virtual Machine Specification"/>
    <property name="PID" value="25712"/>
    <property name="sun.os.patch.level" value=""/>
    <property name="CONSOLE_LOG_CHARSET" value="UTF-8"/>
    <property name="native.encoding" value="Cp1252"/>
    <property name="java.library.path" value="C:\Users\Abdulaziz\.jdks\openjdk-21.0.2\bin;C:\Windows\Sun\Java\bin;C:\Windows\system32;C:\Windows;C:\Python312\Scripts\;C:\Python312\;C:\Program Files\Common Files\Oracle\Java\javapath;C:\Windows\system32;C:\Windows;C:\Windows\System32\Wbem;C:\Windows\System32\WindowsPowerShell\v1.0\;C:\Windows\System32\OpenSSH\;C:\ProgramData\chocolatey\bin;C:\Program Files\nodejs\;C:\Program Files\PuTTY\;C:\Program Files\dotnet\;C:\Program Files\Docker\Docker\resources\bin;C:\Program Files\Git\cmd;C:\Program Files (x86)\Windows Kits\10\Windows Performance Toolkit\;C:\Program Files\Git LFS;C:\Users\Abdulaziz\Documents\flutter\bin;C:\Users\Abdulaziz\AppData\Local\Microsoft\WindowsApps;C:\Program Files\JetBrains\IntelliJ IDEA 2023.3.4\bin;;C:\Users\Abdulaziz\AppData\Local\GitHubDesktop\bin;C:\Users\Abdulaziz\AppData\Local\Programs\Microsoft VS Code\bin;C:\Users\Abdulaziz\AppData\Roaming\npm;C:\tools\dart-sdk\bin;C:\Users\Abdulaziz\AppData\Local\Pub\Cache\bin;C:\Program Files\spring\;C:\Users\Abdulaziz\.dotnet\tools;."/>
    <property name="java.vm.info" value="mixed mode, sharing"/>
    <property name="stderr.encoding" value="Cp1252"/>
    <property name="java.vendor" value="Oracle Corporation"/>
    <property name="java.vm.version" value="21.0.2+13-58"/>
    <property name="sun.io.unicode.encoding" value="UnicodeLittle"/>
    <property name="java.class.version" value="65.0"/>
    <property name="LOGGED_APPLICATION_NAME" value="[habhab-api] "/>
  </properties>
  <testcase name="contextLoads" classname="techsea.habhabapi.HabhabApiApplicationTests" time="0.38">
    <system-out><![CDATA[16:51:06.423 [main] INFO org.springframework.test.context.support.AnnotationConfigContextLoaderUtils -- Could not detect default configuration classes for test class [techsea.habhabapi.HabhabApiApplicationTests]: HabhabApiApplicationTests does not declare any static, non-private, non-final, nested classes annotated with @Configuration.
16:51:06.539 [main] INFO org.springframework.boot.test.context.SpringBootTestContextBootstrapper -- Found @SpringBootConfiguration techsea.habhabapi.HabhabApiApplication for test class techsea.habhabapi.HabhabApiApplicationTests
16:51:06.709 [main] INFO org.springframework.boot.devtools.restart.RestartApplicationListener -- Restart disabled due to context in which it is running
  .   ____          _            __ _ _
 /\\ / ___'_ __ _ _(_)_ __  __ _ \ \ \ \
( ( )\___ | '_ | '_| | '_ \/ _` | \ \ \ \
 \\/  ___)| |_)| | | | | || (_| |  ) ) ) )
  '  |____| .__|_| |_|_| |_\__, | / / / /
 =========|_|==============|___/=/_/_/_/

 :: Spring Boot ::                (v3.3.0)

2024-06-26T16:51:06.998+03:00  INFO 25712 --- [habhab-api] [           main] t.habhabapi.HabhabApiApplicationTests    : Starting HabhabApiApplicationTests using Java 21.0.2 with PID 25712 (started by Abdulaziz in C:\Users\Abdulaziz\Desktop\MyProjects\habhab-api)
2024-06-26T16:51:07.000+03:00  INFO 25712 --- [habhab-api] [           main] t.habhabapi.HabhabApiApplicationTests    : The following 1 profile is active: "dev"
2024-06-26T16:51:08.225+03:00  INFO 25712 --- [habhab-api] [           main] .s.d.r.c.RepositoryConfigurationDelegate : Bootstrapping Spring Data JPA repositories in DEFAULT mode.
2024-06-26T16:51:08.311+03:00  INFO 25712 --- [habhab-api] [           main] .s.d.r.c.RepositoryConfigurationDelegate : Finished Spring Data repository scanning in 80 ms. Found 15 JPA repository interfaces.
2024-06-26T16:51:09.525+03:00  INFO 25712 --- [habhab-api] [           main] o.hibernate.jpa.internal.util.LogHelper  : HHH000204: Processing PersistenceUnitInfo [name: default]
2024-06-26T16:51:09.661+03:00  INFO 25712 --- [habhab-api] [           main] org.hibernate.Version                    : HHH000412: Hibernate ORM core version 6.5.2.Final
2024-06-26T16:51:09.699+03:00  INFO 25712 --- [habhab-api] [           main] o.h.c.internal.RegionFactoryInitiator    : HHH000026: Second-level cache disabled
2024-06-26T16:51:10.143+03:00  INFO 25712 --- [habhab-api] [           main] o.s.o.j.p.SpringPersistenceUnitInfo      : No LoadTimeWeaver setup: ignoring JPA class transformer
2024-06-26T16:51:10.166+03:00  INFO 25712 --- [habhab-api] [           main] com.zaxxer.hikari.HikariDataSource       : HikariPool-1 - Starting...
2024-06-26T16:51:10.326+03:00  INFO 25712 --- [habhab-api] [           main] com.zaxxer.hikari.pool.HikariPool        : HikariPool-1 - Added connection org.postgresql.jdbc.PgConnection@552088cc
2024-06-26T16:51:10.328+03:00  INFO 25712 --- [habhab-api] [           main] com.zaxxer.hikari.HikariDataSource       : HikariPool-1 - Start completed.
2024-06-26T16:51:11.516+03:00  INFO 25712 --- [habhab-api] [           main] o.h.e.t.j.p.i.JtaPlatformInitiator       : HHH000489: No JTA platform available (set 'hibernate.transaction.jta.platform' to enable JTA platform integration)
2024-06-26T16:51:11.844+03:00  INFO 25712 --- [habhab-api] [           main] j.LocalContainerEntityManagerFactoryBean : Initialized JPA EntityManagerFactory for persistence unit 'default'
2024-06-26T16:51:14.027+03:00  WARN 25712 --- [habhab-api] [           main] JpaBaseConfiguration$JpaWebConfiguration : spring.jpa.open-in-view is enabled by default. Therefore, database queries may be performed during view rendering. Explicitly configure spring.jpa.open-in-view to disable this warning
2024-06-26T16:51:14.102+03:00  INFO 25712 --- [habhab-api] [           main] r$InitializeUserDetailsManagerConfigurer : Global AuthenticationManager configured with UserDetailsService bean with name authService
2024-06-26T16:51:14.887+03:00  INFO 25712 --- [habhab-api] [           main] o.s.b.a.e.web.EndpointLinksResolver      : Exposing 1 endpoint beneath base path '/actuator'
2024-06-26T16:51:15.037+03:00  INFO 25712 --- [habhab-api] [           main] o.s.s.web.DefaultSecurityFilterChain     : Will secure any request with [org.springframework.security.web.session.DisableEncodeUrlFilter@56ed6e17, org.springframework.security.web.context.request.async.WebAsyncManagerIntegrationFilter@58179860, org.springframework.security.web.context.SecurityContextHolderFilter@54950027, org.springframework.security.web.header.HeaderWriterFilter@559d9517, org.springframework.web.filter.CorsFilter@43e55cfb, org.springframework.security.web.authentication.logout.LogoutFilter@347c7b, techsea.habhabapi.V1.Config.JwtAuthenticationFilter@60a54ad2, org.springframework.security.web.savedrequest.RequestCacheAwareFilter@31efe094, org.springframework.security.web.servletapi.SecurityContextHolderAwareRequestFilter@5498d2a2, org.springframework.security.web.authentication.AnonymousAuthenticationFilter@582ea857, org.springframework.security.web.session.SessionManagementFilter@5066a895, org.springframework.security.web.access.ExceptionTranslationFilter@601c953c, org.springframework.security.web.access.intercept.AuthorizationFilter@4f578fc2]
2024-06-26T16:51:15.800+03:00  INFO 25712 --- [habhab-api] [           main] o.s.a.r.c.CachingConnectionFactory       : Attempting to connect to: [localhost:5672]
2024-06-26T16:51:15.841+03:00  INFO 25712 --- [habhab-api] [           main] o.s.a.r.c.CachingConnectionFactory       : Created new connection: rabbitConnectionFactory#301c0aae:0/SimpleConnection@a809a62 [delegate=amqp://guest@127.0.0.1:5672/, localPort=54779]
2024-06-26T16:51:15.962+03:00  INFO 25712 --- [habhab-api] [           main] t.habhabapi.HabhabApiApplicationTests    : Started HabhabApiApplicationTests in 9.273 seconds (process running for 10.173)
2024-06-26T16:51:17.128+03:00  INFO 25712 --- [habhab-api] [           main] techsea.habhabapi.V1.Service.Monday      : {"name":"الأحد","id":1}
2024-06-26T16:51:17.132+03:00  INFO 25712 --- [habhab-api] [           main] techsea.habhabapi.V1.Service.Monday      : {"name":"الإثنين","id":2}
2024-06-26T16:51:17.133+03:00  INFO 25712 --- [habhab-api] [           main] techsea.habhabapi.V1.Service.Monday      : {"name":"الثلاثاء","id":3}
2024-06-26T16:51:17.138+03:00  INFO 25712 --- [habhab-api] [           main] techsea.habhabapi.V1.Service.Monday      : {"name":"الأربعاء","id":4}
2024-06-26T16:51:17.140+03:00  INFO 25712 --- [habhab-api] [           main] techsea.habhabapi.V1.Service.Monday      : {"name":"الخميس","id":5}
2024-06-26T16:51:17.141+03:00  INFO 25712 --- [habhab-api] [           main] techsea.habhabapi.V1.Service.Monday      : {"name":"الجمعة","id":6}
2024-06-26T16:51:17.143+03:00  INFO 25712 --- [habhab-api] [           main] techsea.habhabapi.V1.Service.Monday      : {"name":"السبت","id":7}
2024-06-26T16:51:17.182+03:00  INFO 25712 --- [habhab-api] [   scheduling-1] techsea.habhabapi.V1.Service.Monday      : {"name":"الأحد","id":1}
2024-06-26T16:51:17.184+03:00  INFO 25712 --- [habhab-api] [   scheduling-1] techsea.habhabapi.V1.Service.Monday      : {"name":"الإثنين","id":2}
2024-06-26T16:51:17.186+03:00  INFO 25712 --- [habhab-api] [   scheduling-1] techsea.habhabapi.V1.Service.Monday      : {"name":"الثلاثاء","id":3}
2024-06-26T16:51:17.187+03:00  INFO 25712 --- [habhab-api] [   scheduling-1] techsea.habhabapi.V1.Service.Monday      : {"name":"الأربعاء","id":4}
2024-06-26T16:51:17.188+03:00  INFO 25712 --- [habhab-api] [   scheduling-1] techsea.habhabapi.V1.Service.Monday      : {"name":"الخميس","id":5}
2024-06-26T16:51:17.190+03:00  INFO 25712 --- [habhab-api] [   scheduling-1] techsea.habhabapi.V1.Service.Monday      : {"name":"الجمعة","id":6}
2024-06-26T16:51:17.192+03:00  INFO 25712 --- [habhab-api] [   scheduling-1] techsea.habhabapi.V1.Service.Monday      : {"name":"السبت","id":7}
Candidate already exists
Candidate already exists
Candidate already exists
Candidate already exists
Candidate already exists
Candidate already exists
Candidate already exists
Candidate already exists
Candidate already exists
Candidate already exists
Candidate already exists
Candidate already exists
Candidate already exists
Candidate already exists
Candidate already exists
Candidate already exists
Candidate already exists
Candidate already exists
Candidate already exists
Candidate already exists
Candidate already exists
Candidate already exists
Candidate already exists
Candidate already exists
Candidate already exists
Candidate already exists
Candidate already exists
Candidate already exists
Candidate already exists
Candidate already exists
Candidate already exists
Candidate already exists
Candidate already exists
Candidate already exists
Candidate already exists
Candidate already exists
Candidate already exists
Candidate already exists
Candidate already exists
Candidate already exists
Candidate already exists
Candidate already exists
Candidate already exists
Candidate already exists
Candidate already exists
Candidate already exists
Candidate already exists
Candidate already exists
Candidate already exists
Candidate already exists
Candidate already exists
Candidate already exists
Candidate already exists
Candidate already exists
Candidate already exists
Candidate already exists
2024-06-26T16:51:18.916+03:00  INFO 25712 --- [habhab-api] [           main] techsea.habhabapi.V1.Service.Monday      : {"account_id":23739270,"data":{"assets":[{"public_url":"https://prod-euc1-files-monday-com.s3.eu-central-1.amazonaws.com/23739270/resources/54150914/Download.mp4?response-content-disposition=attachment&X-Amz-Algorithm=AWS4-HMAC-SHA256&X-Amz-Credential=AKIA4MPVJMFXILAOBJXD%2F20240626%2Feu-central-1%2Fs3%2Faws4_request&X-Amz-Date=20240626T135118Z&X-Amz-Expires=3600&X-Amz-SignedHeaders=host&X-Amz-Signature=c29b6d86ef27cb791c2b61085dd1bd0c24c4816abf0e3a3fd92b4ea182cde409","name":"Download.mp4","id":"54150914"}]}}
2024-06-26T16:51:18.917+03:00  INFO 25712 --- [habhab-api] [           main] techsea.habhabapi.V1.Service.Monday      : https://prod-euc1-files-monday-com.s3.eu-central-1.amazonaws.com/23739270/resources/54150914/Download.mp4?response-content-disposition=attachment&X-Amz-Algorithm=AWS4-HMAC-SHA256&X-Amz-Credential=AKIA4MPVJMFXILAOBJXD%2F20240626%2Feu-central-1%2Fs3%2Faws4_request&X-Amz-Date=20240626T135118Z&X-Amz-Expires=3600&X-Amz-SignedHeaders=host&X-Amz-Signature=c29b6d86ef27cb791c2b61085dd1bd0c24c4816abf0e3a3fd92b4ea182cde409
2024-06-26T16:51:21.655+03:00  INFO 25712 --- [habhab-api] [           main] techsea.habhabapi.V1.Service.Monday      : {"account_id":23739270,"data":{"assets":[{"public_url":"https://prod-euc1-files-monday-com.s3.eu-central-1.amazonaws.com/23739270/resources/54150973/unnamed%20%281%29.jpg?response-content-disposition=attachment&X-Amz-Algorithm=AWS4-HMAC-SHA256&X-Amz-Credential=AKIA4MPVJMFXILAOBJXD%2F20240626%2Feu-central-1%2Fs3%2Faws4_request&X-Amz-Date=20240626T135121Z&X-Amz-Expires=3600&X-Amz-SignedHeaders=host&X-Amz-Signature=4d0ce544e5b5cc37213f9463b142ca00de72d6e37fd485cf2306748f10125fb1","name":"unnamed (1).jpg","id":"54150973"}]}}
2024-06-26T16:51:21.656+03:00  INFO 25712 --- [habhab-api] [           main] techsea.habhabapi.V1.Service.Monday      : https://prod-euc1-files-monday-com.s3.eu-central-1.amazonaws.com/23739270/resources/54150973/unnamed%20%281%29.jpg?response-content-disposition=attachment&X-Amz-Algorithm=AWS4-HMAC-SHA256&X-Amz-Credential=AKIA4MPVJMFXILAOBJXD%2F20240626%2Feu-central-1%2Fs3%2Faws4_request&X-Amz-Date=20240626T135121Z&X-Amz-Expires=3600&X-Amz-SignedHeaders=host&X-Amz-Signature=4d0ce544e5b5cc37213f9463b142ca00de72d6e37fd485cf2306748f10125fb1
2024-06-26T16:51:28.354+03:00  INFO 25712 --- [habhab-api] [           main] techsea.habhabapi.V1.Service.Monday      : {"account_id":23739270,"data":{"assets":[{"public_url":"https://prod-euc1-files-monday-com.s3.eu-central-1.amazonaws.com/23739270/resources/50922977/b2a28520-94b0-402d-bf70-d1b668736063-1000x1000-woU3ncCpYE3XRI5qJWK9e5OEF6JEBCOdVpmAFttL.webp?response-content-disposition=attachment&X-Amz-Algorithm=AWS4-HMAC-SHA256&X-Amz-Credential=AKIA4MPVJMFXILAOBJXD%2F20240626%2Feu-central-1%2Fs3%2Faws4_request&X-Amz-Date=20240626T135128Z&X-Amz-Expires=3600&X-Amz-SignedHeaders=host&X-Amz-Signature=ff79a9ae52c06bfe4f4487124ad8a69edb78ed8f67eb8b6be813e7f8a928bdf3","name":"b2a28520-94b0-402d-bf70-d1b668736063-1000x1000-woU3ncCpYE3XRI5qJWK9e5OEF6JEBCOdVpmAFttL.webp","id":"50922977"}]}}
2024-06-26T16:51:28.354+03:00  INFO 25712 --- [habhab-api] [           main] techsea.habhabapi.V1.Service.Monday      : https://prod-euc1-files-monday-com.s3.eu-central-1.amazonaws.com/23739270/resources/50922977/b2a28520-94b0-402d-bf70-d1b668736063-1000x1000-woU3ncCpYE3XRI5qJWK9e5OEF6JEBCOdVpmAFttL.webp?response-content-disposition=attachment&X-Amz-Algorithm=AWS4-HMAC-SHA256&X-Amz-Credential=AKIA4MPVJMFXILAOBJXD%2F20240626%2Feu-central-1%2Fs3%2Faws4_request&X-Amz-Date=20240626T135128Z&X-Amz-Expires=3600&X-Amz-SignedHeaders=host&X-Amz-Signature=ff79a9ae52c06bfe4f4487124ad8a69edb78ed8f67eb8b6be813e7f8a928bdf3
2024-06-26T16:51:30.009+03:00  INFO 25712 --- [habhab-api] [           main] techsea.habhabapi.V1.Service.Monday      : {"account_id":23739270,"data":{"assets":[{"public_url":"https://prod-euc1-files-monday-com.s3.eu-central-1.amazonaws.com/23739270/resources/50923195/ac56b49c-d30c-4aa7-b581-3f1f3992131a-1000x1000-oLNnbIqvTcwAG2JlKROyfyZxvjRedJVgMx1K4IDJ.webp?response-content-disposition=attachment&X-Amz-Algorithm=AWS4-HMAC-SHA256&X-Amz-Credential=AKIA4MPVJMFXILAOBJXD%2F20240626%2Feu-central-1%2Fs3%2Faws4_request&X-Amz-Date=20240626T135129Z&X-Amz-Expires=3600&X-Amz-SignedHeaders=host&X-Amz-Signature=0f097cc89c41c2de15be3841a66fc1930ee04aedd2f5487e74ec7c5f38cb26a4","name":"ac56b49c-d30c-4aa7-b581-3f1f3992131a-1000x1000-oLNnbIqvTcwAG2JlKROyfyZxvjRedJVgMx1K4IDJ.webp","id":"50923195"}]}}
2024-06-26T16:51:30.009+03:00  INFO 25712 --- [habhab-api] [           main] techsea.habhabapi.V1.Service.Monday      : https://prod-euc1-files-monday-com.s3.eu-central-1.amazonaws.com/23739270/resources/50923195/ac56b49c-d30c-4aa7-b581-3f1f3992131a-1000x1000-oLNnbIqvTcwAG2JlKROyfyZxvjRedJVgMx1K4IDJ.webp?response-content-disposition=attachment&X-Amz-Algorithm=AWS4-HMAC-SHA256&X-Amz-Credential=AKIA4MPVJMFXILAOBJXD%2F20240626%2Feu-central-1%2Fs3%2Faws4_request&X-Amz-Date=20240626T135129Z&X-Amz-Expires=3600&X-Amz-SignedHeaders=host&X-Amz-Signature=0f097cc89c41c2de15be3841a66fc1930ee04aedd2f5487e74ec7c5f38cb26a4
2024-06-26T16:51:31.653+03:00  INFO 25712 --- [habhab-api] [           main] techsea.habhabapi.V1.Service.Monday      : {"account_id":23739270,"data":{"assets":[{"public_url":"https://prod-euc1-files-monday-com.s3.eu-central-1.amazonaws.com/23739270/resources/51163657/F2DsytTWAAMyqls.jpeg?response-content-disposition=attachment&X-Amz-Algorithm=AWS4-HMAC-SHA256&X-Amz-Credential=AKIA4MPVJMFXILAOBJXD%2F20240626%2Feu-central-1%2Fs3%2Faws4_request&X-Amz-Date=20240626T135131Z&X-Amz-Expires=3600&X-Amz-SignedHeaders=host&X-Amz-Signature=b49ba62e1f14a6c24941f01ac052478c92774efcb047cd1bbb48e5966119dd19","name":"F2DsytTWAAMyqls.jpeg","id":"51163657"}]}}
2024-06-26T16:51:31.653+03:00  INFO 25712 --- [habhab-api] [           main] techsea.habhabapi.V1.Service.Monday      : https://prod-euc1-files-monday-com.s3.eu-central-1.amazonaws.com/23739270/resources/51163657/F2DsytTWAAMyqls.jpeg?response-content-disposition=attachment&X-Amz-Algorithm=AWS4-HMAC-SHA256&X-Amz-Credential=AKIA4MPVJMFXILAOBJXD%2F20240626%2Feu-central-1%2Fs3%2Faws4_request&X-Amz-Date=20240626T135131Z&X-Amz-Expires=3600&X-Amz-SignedHeaders=host&X-Amz-Signature=b49ba62e1f14a6c24941f01ac052478c92774efcb047cd1bbb48e5966119dd19
2024-06-26T16:51:32.949+03:00  INFO 25712 --- [habhab-api] [           main] techsea.habhabapi.V1.Service.Monday      : {"account_id":23739270,"data":{"assets":[{"public_url":"https://prod-euc1-files-monday-com.s3.eu-central-1.amazonaws.com/23739270/resources/51164413/FzM5mH6WwAERu3O.jpeg?response-content-disposition=attachment&X-Amz-Algorithm=AWS4-HMAC-SHA256&X-Amz-Credential=AKIA4MPVJMFXILAOBJXD%2F20240626%2Feu-central-1%2Fs3%2Faws4_request&X-Amz-Date=20240626T135132Z&X-Amz-Expires=3600&X-Amz-SignedHeaders=host&X-Amz-Signature=a8df79a8e81e47e968b36b06c7a1b52c2c019ab7afbe3099f02cb1fb0ec678fa","name":"FzM5mH6WwAERu3O.jpeg","id":"51164413"}]}}
2024-06-26T16:51:32.949+03:00  INFO 25712 --- [habhab-api] [           main] techsea.habhabapi.V1.Service.Monday      : https://prod-euc1-files-monday-com.s3.eu-central-1.amazonaws.com/23739270/resources/51164413/FzM5mH6WwAERu3O.jpeg?response-content-disposition=attachment&X-Amz-Algorithm=AWS4-HMAC-SHA256&X-Amz-Credential=AKIA4MPVJMFXILAOBJXD%2F20240626%2Feu-central-1%2Fs3%2Faws4_request&X-Amz-Date=20240626T135132Z&X-Amz-Expires=3600&X-Amz-SignedHeaders=host&X-Amz-Signature=a8df79a8e81e47e968b36b06c7a1b52c2c019ab7afbe3099f02cb1fb0ec678fa
2024-06-26T16:51:55.306+03:00  INFO 25712 --- [habhab-api] [           main] techsea.habhabapi.V1.Service.Monday      : {"account_id":23739270,"data":{"assets":[{"public_url":"https://prod-euc1-files-monday-com.s3.eu-central-1.amazonaws.com/23739270/resources/51168002/cjtDFIJ0A3ymkqFdE6aJpiWvkkJ9k0MZq2uci8c0.webp?response-content-disposition=attachment&X-Amz-Algorithm=AWS4-HMAC-SHA256&X-Amz-Credential=AKIA4MPVJMFXILAOBJXD%2F20240626%2Feu-central-1%2Fs3%2Faws4_request&X-Amz-Date=20240626T135155Z&X-Amz-Expires=3600&X-Amz-SignedHeaders=host&X-Amz-Signature=ebb05b6109bfdbe16ce8ee1c3f2e9b3670c145664d6c950f1d407d5b2af14b1a","name":"cjtDFIJ0A3ymkqFdE6aJpiWvkkJ9k0MZq2uci8c0.webp","id":"51168002"}]}}
2024-06-26T16:51:55.306+03:00  INFO 25712 --- [habhab-api] [           main] techsea.habhabapi.V1.Service.Monday      : https://prod-euc1-files-monday-com.s3.eu-central-1.amazonaws.com/23739270/resources/51168002/cjtDFIJ0A3ymkqFdE6aJpiWvkkJ9k0MZq2uci8c0.webp?response-content-disposition=attachment&X-Amz-Algorithm=AWS4-HMAC-SHA256&X-Amz-Credential=AKIA4MPVJMFXILAOBJXD%2F20240626%2Feu-central-1%2Fs3%2Faws4_request&X-Amz-Date=20240626T135155Z&X-Amz-Expires=3600&X-Amz-SignedHeaders=host&X-Amz-Signature=ebb05b6109bfdbe16ce8ee1c3f2e9b3670c145664d6c950f1d407d5b2af14b1a
2024-06-26T16:52:00.083+03:00  INFO 25712 --- [habhab-api] [           main] techsea.habhabapi.V1.Service.Monday      : {"account_id":23739270,"data":{"assets":[{"public_url":"https://prod-euc1-files-monday-com.s3.eu-central-1.amazonaws.com/23739270/resources/51161245/pVMSZWnPacpxNkteFhA759AftABix82tBfLz0zUg.webp?response-content-disposition=attachment&X-Amz-Algorithm=AWS4-HMAC-SHA256&X-Amz-Credential=AKIA4MPVJMFXILAOBJXD%2F20240626%2Feu-central-1%2Fs3%2Faws4_request&X-Amz-Date=20240626T135159Z&X-Amz-Expires=3600&X-Amz-SignedHeaders=host&X-Amz-Signature=e3be27f88fb58de91a183ee14c101b4fa82c35ab4da111a1994131dec50bf11b","name":"pVMSZWnPacpxNkteFhA759AftABix82tBfLz0zUg.webp","id":"51161245"}]}}
2024-06-26T16:52:00.083+03:00  INFO 25712 --- [habhab-api] [           main] techsea.habhabapi.V1.Service.Monday      : https://prod-euc1-files-monday-com.s3.eu-central-1.amazonaws.com/23739270/resources/51161245/pVMSZWnPacpxNkteFhA759AftABix82tBfLz0zUg.webp?response-content-disposition=attachment&X-Amz-Algorithm=AWS4-HMAC-SHA256&X-Amz-Credential=AKIA4MPVJMFXILAOBJXD%2F20240626%2Feu-central-1%2Fs3%2Faws4_request&X-Amz-Date=20240626T135159Z&X-Amz-Expires=3600&X-Amz-SignedHeaders=host&X-Amz-Signature=e3be27f88fb58de91a183ee14c101b4fa82c35ab4da111a1994131dec50bf11b
2024-06-26T16:52:01.741+03:00  INFO 25712 --- [habhab-api] [           main] techsea.habhabapi.V1.Service.Monday      : {"account_id":23739270,"data":{"assets":[{"public_url":"https://prod-euc1-files-monday-com.s3.eu-central-1.amazonaws.com/23739270/resources/54555629/1315307468_--.png.31b35bdfb5df40e9abe9204c9f0eba8e.png?response-content-disposition=attachment&X-Amz-Algorithm=AWS4-HMAC-SHA256&X-Amz-Credential=AKIA4MPVJMFXILAOBJXD%2F20240626%2Feu-central-1%2Fs3%2Faws4_request&X-Amz-Date=20240626T135201Z&X-Amz-Expires=3600&X-Amz-SignedHeaders=host&X-Amz-Signature=5f9d0d51a64c4fe194e8b15a4915a5a4a7f656067fd95a4a1d3edcbf7cf67d74","name":"1315307468_--.png.31b35bdfb5df40e9abe9204c9f0eba8e.png","id":"54555629"}]}}
2024-06-26T16:52:01.742+03:00  INFO 25712 --- [habhab-api] [           main] techsea.habhabapi.V1.Service.Monday      : https://prod-euc1-files-monday-com.s3.eu-central-1.amazonaws.com/23739270/resources/54555629/1315307468_--.png.31b35bdfb5df40e9abe9204c9f0eba8e.png?response-content-disposition=attachment&X-Amz-Algorithm=AWS4-HMAC-SHA256&X-Amz-Credential=AKIA4MPVJMFXILAOBJXD%2F20240626%2Feu-central-1%2Fs3%2Faws4_request&X-Amz-Date=20240626T135201Z&X-Amz-Expires=3600&X-Amz-SignedHeaders=host&X-Amz-Signature=5f9d0d51a64c4fe194e8b15a4915a5a4a7f656067fd95a4a1d3edcbf7cf67d74
2024-06-26T16:52:03.651+03:00  INFO 25712 --- [habhab-api] [           main] techsea.habhabapi.V1.Service.Monday      : {"account_id":23739270,"data":{"assets":[{"public_url":"https://prod-euc1-files-monday-com.s3.eu-central-1.amazonaws.com/23739270/resources/54547286/unnamed.jpg?response-content-disposition=attachment&X-Amz-Algorithm=AWS4-HMAC-SHA256&X-Amz-Credential=AKIA4MPVJMFXILAOBJXD%2F20240626%2Feu-central-1%2Fs3%2Faws4_request&X-Amz-Date=20240626T135203Z&X-Amz-Expires=3600&X-Amz-SignedHeaders=host&X-Amz-Signature=6ff782c3bfdba87ac92e0d3d5bae8b0e029898649f82fd9a09a47024bfdaf127","name":"unnamed.jpg","id":"54547286"}]}}
2024-06-26T16:52:03.651+03:00  INFO 25712 --- [habhab-api] [           main] techsea.habhabapi.V1.Service.Monday      : https://prod-euc1-files-monday-com.s3.eu-central-1.amazonaws.com/23739270/resources/54547286/unnamed.jpg?response-content-disposition=attachment&X-Amz-Algorithm=AWS4-HMAC-SHA256&X-Amz-Credential=AKIA4MPVJMFXILAOBJXD%2F20240626%2Feu-central-1%2Fs3%2Faws4_request&X-Amz-Date=20240626T135203Z&X-Amz-Expires=3600&X-Amz-SignedHeaders=host&X-Amz-Signature=6ff782c3bfdba87ac92e0d3d5bae8b0e029898649f82fd9a09a47024bfdaf127
2024-06-26T16:52:05.472+03:00  INFO 25712 --- [habhab-api] [           main] techsea.habhabapi.V1.Service.Monday      : {"account_id":23739270,"data":{"assets":[{"public_url":"https://prod-euc1-files-monday-com.s3.eu-central-1.amazonaws.com/23739270/resources/54545330/unnamed.jpg?response-content-disposition=attachment&X-Amz-Algorithm=AWS4-HMAC-SHA256&X-Amz-Credential=AKIA4MPVJMFXILAOBJXD%2F20240626%2Feu-central-1%2Fs3%2Faws4_request&X-Amz-Date=20240626T135205Z&X-Amz-Expires=3600&X-Amz-SignedHeaders=host&X-Amz-Signature=f9ef933bd1cfdd1c7ec059179386c64a3217ff74d2334f48ea2faaf558808621","name":"unnamed.jpg","id":"54545330"}]}}
2024-06-26T16:52:05.472+03:00  INFO 25712 --- [habhab-api] [           main] techsea.habhabapi.V1.Service.Monday      : https://prod-euc1-files-monday-com.s3.eu-central-1.amazonaws.com/23739270/resources/54545330/unnamed.jpg?response-content-disposition=attachment&X-Amz-Algorithm=AWS4-HMAC-SHA256&X-Amz-Credential=AKIA4MPVJMFXILAOBJXD%2F20240626%2Feu-central-1%2Fs3%2Faws4_request&X-Amz-Date=20240626T135205Z&X-Amz-Expires=3600&X-Amz-SignedHeaders=host&X-Amz-Signature=f9ef933bd1cfdd1c7ec059179386c64a3217ff74d2334f48ea2faaf558808621
2024-06-26T16:52:08.081+03:00  INFO 25712 --- [habhab-api] [           main] techsea.habhabapi.V1.Service.Monday      : {"account_id":23739270,"data":{"assets":[{"public_url":"https://prod-euc1-files-monday-com.s3.eu-central-1.amazonaws.com/23739270/resources/54542425/unnamed.jpg?response-content-disposition=attachment&X-Amz-Algorithm=AWS4-HMAC-SHA256&X-Amz-Credential=AKIA4MPVJMFXILAOBJXD%2F20240626%2Feu-central-1%2Fs3%2Faws4_request&X-Amz-Date=20240626T135207Z&X-Amz-Expires=3600&X-Amz-SignedHeaders=host&X-Amz-Signature=a581798b2032d5a989f769a789f8a21c690403868c6378b884ae8f0aee9006ee","name":"unnamed.jpg","id":"54542425"}]}}
2024-06-26T16:52:08.081+03:00  INFO 25712 --- [habhab-api] [           main] techsea.habhabapi.V1.Service.Monday      : https://prod-euc1-files-monday-com.s3.eu-central-1.amazonaws.com/23739270/resources/54542425/unnamed.jpg?response-content-disposition=attachment&X-Amz-Algorithm=AWS4-HMAC-SHA256&X-Amz-Credential=AKIA4MPVJMFXILAOBJXD%2F20240626%2Feu-central-1%2Fs3%2Faws4_request&X-Amz-Date=20240626T135207Z&X-Amz-Expires=3600&X-Amz-SignedHeaders=host&X-Amz-Signature=a581798b2032d5a989f769a789f8a21c690403868c6378b884ae8f0aee9006ee
2024-06-26T16:52:10.265+03:00  INFO 25712 --- [habhab-api] [           main] techsea.habhabapi.V1.Service.Monday      : {"account_id":23739270,"data":{"assets":[{"public_url":"https://prod-euc1-files-monday-com.s3.eu-central-1.amazonaws.com/23739270/resources/54383908/techclub2-1-768x768.jpg?response-content-disposition=attachment&X-Amz-Algorithm=AWS4-HMAC-SHA256&X-Amz-Credential=AKIA4MPVJMFXILAOBJXD%2F20240626%2Feu-central-1%2Fs3%2Faws4_request&X-Amz-Date=20240626T135210Z&X-Amz-Expires=3600&X-Amz-SignedHeaders=host&X-Amz-Signature=51160a12a64ec63bc2ee11545c84820c063a1efe7a8bd7e2d63835cd748ccf7e","name":"techclub2-1-768x768.jpg","id":"54383908"}]}}
2024-06-26T16:52:10.265+03:00  INFO 25712 --- [habhab-api] [           main] techsea.habhabapi.V1.Service.Monday      : https://prod-euc1-files-monday-com.s3.eu-central-1.amazonaws.com/23739270/resources/54383908/techclub2-1-768x768.jpg?response-content-disposition=attachment&X-Amz-Algorithm=AWS4-HMAC-SHA256&X-Amz-Credential=AKIA4MPVJMFXILAOBJXD%2F20240626%2Feu-central-1%2Fs3%2Faws4_request&X-Amz-Date=20240626T135210Z&X-Amz-Expires=3600&X-Amz-SignedHeaders=host&X-Amz-Signature=51160a12a64ec63bc2ee11545c84820c063a1efe7a8bd7e2d63835cd748ccf7e
2024-06-26T16:52:11.758+03:00  INFO 25712 --- [habhab-api] [           main] techsea.habhabapi.V1.Service.Monday      : {"account_id":23739270,"data":{"assets":[{"public_url":"https://prod-euc1-files-monday-com.s3.eu-central-1.amazonaws.com/23739270/resources/54382392/b44b425c-8a49-40e9-8b7c-add91d455063.jpg?response-content-disposition=attachment&X-Amz-Algorithm=AWS4-HMAC-SHA256&X-Amz-Credential=AKIA4MPVJMFXILAOBJXD%2F20240626%2Feu-central-1%2Fs3%2Faws4_request&X-Amz-Date=20240626T135211Z&X-Amz-Expires=3600&X-Amz-SignedHeaders=host&X-Amz-Signature=48dfeaa837acbe6c12f38feaa5d0da9ca6cd3060fddc7e3a5d97b37f842c2ace","name":"b44b425c-8a49-40e9-8b7c-add91d455063.jpg","id":"54382392"}]}}
2024-06-26T16:52:11.760+03:00  INFO 25712 --- [habhab-api] [           main] techsea.habhabapi.V1.Service.Monday      : https://prod-euc1-files-monday-com.s3.eu-central-1.amazonaws.com/23739270/resources/54382392/b44b425c-8a49-40e9-8b7c-add91d455063.jpg?response-content-disposition=attachment&X-Amz-Algorithm=AWS4-HMAC-SHA256&X-Amz-Credential=AKIA4MPVJMFXILAOBJXD%2F20240626%2Feu-central-1%2Fs3%2Faws4_request&X-Amz-Date=20240626T135211Z&X-Amz-Expires=3600&X-Amz-SignedHeaders=host&X-Amz-Signature=48dfeaa837acbe6c12f38feaa5d0da9ca6cd3060fddc7e3a5d97b37f842c2ace
2024-06-26T16:52:13.607+03:00  INFO 25712 --- [habhab-api] [           main] techsea.habhabapi.V1.Service.Monday      : {"account_id":23739270,"data":{"assets":[{"public_url":"https://prod-euc1-files-monday-com.s3.eu-central-1.amazonaws.com/23739270/resources/54382840/65703102-1a5e-4d31-8a43-7d3604c8749d.jpg?response-content-disposition=attachment&X-Amz-Algorithm=AWS4-HMAC-SHA256&X-Amz-Credential=AKIA4MPVJMFXILAOBJXD%2F20240626%2Feu-central-1%2Fs3%2Faws4_request&X-Amz-Date=20240626T135213Z&X-Amz-Expires=3600&X-Amz-SignedHeaders=host&X-Amz-Signature=279d96ebe6e9f9164efcca3aa5cf8c241cc5cc7ca69dd7783ddf908cbe203ea3","name":"65703102-1a5e-4d31-8a43-7d3604c8749d.jpg","id":"54382840"}]}}
2024-06-26T16:52:13.607+03:00  INFO 25712 --- [habhab-api] [           main] techsea.habhabapi.V1.Service.Monday      : https://prod-euc1-files-monday-com.s3.eu-central-1.amazonaws.com/23739270/resources/54382840/65703102-1a5e-4d31-8a43-7d3604c8749d.jpg?response-content-disposition=attachment&X-Amz-Algorithm=AWS4-HMAC-SHA256&X-Amz-Credential=AKIA4MPVJMFXILAOBJXD%2F20240626%2Feu-central-1%2Fs3%2Faws4_request&X-Amz-Date=20240626T135213Z&X-Amz-Expires=3600&X-Amz-SignedHeaders=host&X-Amz-Signature=279d96ebe6e9f9164efcca3aa5cf8c241cc5cc7ca69dd7783ddf908cbe203ea3
2024-06-26T16:52:15.108+03:00  INFO 25712 --- [habhab-api] [           main] techsea.habhabapi.V1.Service.Monday      : {"account_id":23739270,"data":{"assets":[{"public_url":"https://prod-euc1-files-monday-com.s3.eu-central-1.amazonaws.com/23739270/resources/54358117/5.jpg?response-content-disposition=attachment&X-Amz-Algorithm=AWS4-HMAC-SHA256&X-Amz-Credential=AKIA4MPVJMFXILAOBJXD%2F20240626%2Feu-central-1%2Fs3%2Faws4_request&X-Amz-Date=20240626T135214Z&X-Amz-Expires=3600&X-Amz-SignedHeaders=host&X-Amz-Signature=06cf9ff2d90baa13a3b9a2efd6127e87f1fcd5d412f1e013067689a47f6cef14","name":"5.jpg","id":"54358117"}]}}
2024-06-26T16:52:15.108+03:00  INFO 25712 --- [habhab-api] [           main] techsea.habhabapi.V1.Service.Monday      : https://prod-euc1-files-monday-com.s3.eu-central-1.amazonaws.com/23739270/resources/54358117/5.jpg?response-content-disposition=attachment&X-Amz-Algorithm=AWS4-HMAC-SHA256&X-Amz-Credential=AKIA4MPVJMFXILAOBJXD%2F20240626%2Feu-central-1%2Fs3%2Faws4_request&X-Amz-Date=20240626T135214Z&X-Amz-Expires=3600&X-Amz-SignedHeaders=host&X-Amz-Signature=06cf9ff2d90baa13a3b9a2efd6127e87f1fcd5d412f1e013067689a47f6cef14
2024-06-26T16:52:17.802+03:00  INFO 25712 --- [habhab-api] [           main] techsea.habhabapi.V1.Service.Monday      : {"account_id":23739270,"data":{"assets":[{"public_url":"https://prod-euc1-files-monday-com.s3.eu-central-1.amazonaws.com/23739270/resources/54355129/unnamed.jpg?response-content-disposition=attachment&X-Amz-Algorithm=AWS4-HMAC-SHA256&X-Amz-Credential=AKIA4MPVJMFXILAOBJXD%2F20240626%2Feu-central-1%2Fs3%2Faws4_request&X-Amz-Date=20240626T135217Z&X-Amz-Expires=3600&X-Amz-SignedHeaders=host&X-Amz-Signature=420f3204f96d6bdcf6d7b8bf385a4da69da3dc26e3e54f99b47baf86060ebca6","name":"unnamed.jpg","id":"54355129"}]}}
2024-06-26T16:52:17.802+03:00  INFO 25712 --- [habhab-api] [           main] techsea.habhabapi.V1.Service.Monday      : https://prod-euc1-files-monday-com.s3.eu-central-1.amazonaws.com/23739270/resources/54355129/unnamed.jpg?response-content-disposition=attachment&X-Amz-Algorithm=AWS4-HMAC-SHA256&X-Amz-Credential=AKIA4MPVJMFXILAOBJXD%2F20240626%2Feu-central-1%2Fs3%2Faws4_request&X-Amz-Date=20240626T135217Z&X-Amz-Expires=3600&X-Amz-SignedHeaders=host&X-Amz-Signature=420f3204f96d6bdcf6d7b8bf385a4da69da3dc26e3e54f99b47baf86060ebca6
2024-06-26T16:52:19.352+03:00  INFO 25712 --- [habhab-api] [           main] techsea.habhabapi.V1.Service.Monday      : {"account_id":23739270,"data":{"assets":[{"public_url":"https://prod-euc1-files-monday-com.s3.eu-central-1.amazonaws.com/23739270/resources/54191587/unnamed.jpg?response-content-disposition=attachment&X-Amz-Algorithm=AWS4-HMAC-SHA256&X-Amz-Credential=AKIA4MPVJMFXILAOBJXD%2F20240626%2Feu-central-1%2Fs3%2Faws4_request&X-Amz-Date=20240626T135219Z&X-Amz-Expires=3600&X-Amz-SignedHeaders=host&X-Amz-Signature=cdda79694d8546c0a828b75558b68125152f458064f02eace9d9d1d50baf8ca1","name":"unnamed.jpg","id":"54191587"}]}}
2024-06-26T16:52:19.353+03:00  INFO 25712 --- [habhab-api] [           main] techsea.habhabapi.V1.Service.Monday      : https://prod-euc1-files-monday-com.s3.eu-central-1.amazonaws.com/23739270/resources/54191587/unnamed.jpg?response-content-disposition=attachment&X-Amz-Algorithm=AWS4-HMAC-SHA256&X-Amz-Credential=AKIA4MPVJMFXILAOBJXD%2F20240626%2Feu-central-1%2Fs3%2Faws4_request&X-Amz-Date=20240626T135219Z&X-Amz-Expires=3600&X-Amz-SignedHeaders=host&X-Amz-Signature=cdda79694d8546c0a828b75558b68125152f458064f02eace9d9d1d50baf8ca1
2024-06-26T16:52:20.864+03:00  INFO 25712 --- [habhab-api] [           main] techsea.habhabapi.V1.Service.Monday      : {"account_id":23739270,"data":{"assets":[{"public_url":"https://prod-euc1-files-monday-com.s3.eu-central-1.amazonaws.com/23739270/resources/54190929/unnamed.jpg?response-content-disposition=attachment&X-Amz-Algorithm=AWS4-HMAC-SHA256&X-Amz-Credential=AKIA4MPVJMFXILAOBJXD%2F20240626%2Feu-central-1%2Fs3%2Faws4_request&X-Amz-Date=20240626T135220Z&X-Amz-Expires=3600&X-Amz-SignedHeaders=host&X-Amz-Signature=88b696196c4b1fad3e5d48c14d5d6d3ab57f3b053adb4b58f329856e4129c898","name":"unnamed.jpg","id":"54190929"}]}}
2024-06-26T16:52:20.864+03:00  INFO 25712 --- [habhab-api] [           main] techsea.habhabapi.V1.Service.Monday      : https://prod-euc1-files-monday-com.s3.eu-central-1.amazonaws.com/23739270/resources/54190929/unnamed.jpg?response-content-disposition=attachment&X-Amz-Algorithm=AWS4-HMAC-SHA256&X-Amz-Credential=AKIA4MPVJMFXILAOBJXD%2F20240626%2Feu-central-1%2Fs3%2Faws4_request&X-Amz-Date=20240626T135220Z&X-Amz-Expires=3600&X-Amz-SignedHeaders=host&X-Amz-Signature=88b696196c4b1fad3e5d48c14d5d6d3ab57f3b053adb4b58f329856e4129c898
2024-06-26T16:52:22.603+03:00  INFO 25712 --- [habhab-api] [           main] techsea.habhabapi.V1.Service.Monday      : {"account_id":23739270,"data":{"assets":[{"public_url":"https://prod-euc1-files-monday-com.s3.eu-central-1.amazonaws.com/23739270/resources/54319164/INTL-Saudi-Arabia-Riyadh-Top_600x450.jpg?response-content-disposition=attachment&X-Amz-Algorithm=AWS4-HMAC-SHA256&X-Amz-Credential=AKIA4MPVJMFXILAOBJXD%2F20240626%2Feu-central-1%2Fs3%2Faws4_request&X-Amz-Date=20240626T135222Z&X-Amz-Expires=3600&X-Amz-SignedHeaders=host&X-Amz-Signature=091498cd08094f563888769e93ec7af40177ce9b284acc59d21572ac87fb0889","name":"INTL-Saudi-Arabia-Riyadh-Top_600x450.jpg","id":"54319164"}]}}
2024-06-26T16:52:22.604+03:00  INFO 25712 --- [habhab-api] [           main] techsea.habhabapi.V1.Service.Monday      : https://prod-euc1-files-monday-com.s3.eu-central-1.amazonaws.com/23739270/resources/54319164/INTL-Saudi-Arabia-Riyadh-Top_600x450.jpg?response-content-disposition=attachment&X-Amz-Algorithm=AWS4-HMAC-SHA256&X-Amz-Credential=AKIA4MPVJMFXILAOBJXD%2F20240626%2Feu-central-1%2Fs3%2Faws4_request&X-Amz-Date=20240626T135222Z&X-Amz-Expires=3600&X-Amz-SignedHeaders=host&X-Amz-Signature=091498cd08094f563888769e93ec7af40177ce9b284acc59d21572ac87fb0889
2024-06-26T16:52:24.405+03:00  INFO 25712 --- [habhab-api] [           main] techsea.habhabapi.V1.Service.Monday      : {"account_id":23739270,"data":{"assets":[{"public_url":"https://prod-euc1-files-monday-com.s3.eu-central-1.amazonaws.com/23739270/resources/54190569/unnamed.jpg?response-content-disposition=attachment&X-Amz-Algorithm=AWS4-HMAC-SHA256&X-Amz-Credential=AKIA4MPVJMFXILAOBJXD%2F20240626%2Feu-central-1%2Fs3%2Faws4_request&X-Amz-Date=20240626T135224Z&X-Amz-Expires=3600&X-Amz-SignedHeaders=host&X-Amz-Signature=230e4d12c6968f31975293c5ab37cf7a3cbd9d021695d8aea3ac447af54ac7cb","name":"unnamed.jpg","id":"54190569"}]}}
2024-06-26T16:52:24.405+03:00  INFO 25712 --- [habhab-api] [           main] techsea.habhabapi.V1.Service.Monday      : https://prod-euc1-files-monday-com.s3.eu-central-1.amazonaws.com/23739270/resources/54190569/unnamed.jpg?response-content-disposition=attachment&X-Amz-Algorithm=AWS4-HMAC-SHA256&X-Amz-Credential=AKIA4MPVJMFXILAOBJXD%2F20240626%2Feu-central-1%2Fs3%2Faws4_request&X-Amz-Date=20240626T135224Z&X-Amz-Expires=3600&X-Amz-SignedHeaders=host&X-Amz-Signature=230e4d12c6968f31975293c5ab37cf7a3cbd9d021695d8aea3ac447af54ac7cb
2024-06-26T16:52:26.060+03:00  INFO 25712 --- [habhab-api] [           main] techsea.habhabapi.V1.Service.Monday      : {"account_id":23739270,"data":{"assets":[{"public_url":"https://prod-euc1-files-monday-com.s3.eu-central-1.amazonaws.com/23739270/resources/54172700/0.jpg?response-content-disposition=attachment&X-Amz-Algorithm=AWS4-HMAC-SHA256&X-Amz-Credential=AKIA4MPVJMFXILAOBJXD%2F20240626%2Feu-central-1%2Fs3%2Faws4_request&X-Amz-Date=20240626T135225Z&X-Amz-Expires=3600&X-Amz-SignedHeaders=host&X-Amz-Signature=c83b17fe3091ebf6be327c1461b49ae3bf8ada95302c73038a1d6c21416314e2","name":"0.jpg","id":"54172700"}]}}
2024-06-26T16:52:26.060+03:00  INFO 25712 --- [habhab-api] [           main] techsea.habhabapi.V1.Service.Monday      : https://prod-euc1-files-monday-com.s3.eu-central-1.amazonaws.com/23739270/resources/54172700/0.jpg?response-content-disposition=attachment&X-Amz-Algorithm=AWS4-HMAC-SHA256&X-Amz-Credential=AKIA4MPVJMFXILAOBJXD%2F20240626%2Feu-central-1%2Fs3%2Faws4_request&X-Amz-Date=20240626T135225Z&X-Amz-Expires=3600&X-Amz-SignedHeaders=host&X-Amz-Signature=c83b17fe3091ebf6be327c1461b49ae3bf8ada95302c73038a1d6c21416314e2
2024-06-26T16:52:29.606+03:00  INFO 25712 --- [habhab-api] [           main] techsea.habhabapi.V1.Service.Monday      : {"account_id":23739270,"data":{"assets":[{"public_url":"https://prod-euc1-files-monday-com.s3.eu-central-1.amazonaws.com/23739270/resources/54151393/image_123650291%20%281%29.JPG?response-content-disposition=attachment&X-Amz-Algorithm=AWS4-HMAC-SHA256&X-Amz-Credential=AKIA4MPVJMFXILAOBJXD%2F20240626%2Feu-central-1%2Fs3%2Faws4_request&X-Amz-Date=20240626T135229Z&X-Amz-Expires=3600&X-Amz-SignedHeaders=host&X-Amz-Signature=33d4cae9a79a57dd4a10d2b35285a306e71d360a1f70cfb8da6fdea01bb81fa5","name":"image_123650291 (1).JPG","id":"54151393"}]}}
2024-06-26T16:52:29.607+03:00  INFO 25712 --- [habhab-api] [           main] techsea.habhabapi.V1.Service.Monday      : https://prod-euc1-files-monday-com.s3.eu-central-1.amazonaws.com/23739270/resources/54151393/image_123650291%20%281%29.JPG?response-content-disposition=attachment&X-Amz-Algorithm=AWS4-HMAC-SHA256&X-Amz-Credential=AKIA4MPVJMFXILAOBJXD%2F20240626%2Feu-central-1%2Fs3%2Faws4_request&X-Amz-Date=20240626T135229Z&X-Amz-Expires=3600&X-Amz-SignedHeaders=host&X-Amz-Signature=33d4cae9a79a57dd4a10d2b35285a306e71d360a1f70cfb8da6fdea01bb81fa5
2024-06-26T16:52:31.407+03:00  INFO 25712 --- [habhab-api] [           main] techsea.habhabapi.V1.Service.Monday      : {"account_id":23739270,"data":{"assets":[{"public_url":"https://prod-euc1-files-monday-com.s3.eu-central-1.amazonaws.com/23739270/resources/54150944/image_123650291.JPG?response-content-disposition=attachment&X-Amz-Algorithm=AWS4-HMAC-SHA256&X-Amz-Credential=AKIA4MPVJMFXILAOBJXD%2F20240626%2Feu-central-1%2Fs3%2Faws4_request&X-Amz-Date=20240626T135231Z&X-Amz-Expires=3600&X-Amz-SignedHeaders=host&X-Amz-Signature=ec9d565ea7566c9cd9190688f6f9d3a8f33252d45e806ea39d44a4b8e7302296","name":"image_123650291.JPG","id":"54150944"}]}}
2024-06-26T16:52:31.407+03:00  INFO 25712 --- [habhab-api] [           main] techsea.habhabapi.V1.Service.Monday      : https://prod-euc1-files-monday-com.s3.eu-central-1.amazonaws.com/23739270/resources/54150944/image_123650291.JPG?response-content-disposition=attachment&X-Amz-Algorithm=AWS4-HMAC-SHA256&X-Amz-Credential=AKIA4MPVJMFXILAOBJXD%2F20240626%2Feu-central-1%2Fs3%2Faws4_request&X-Amz-Date=20240626T135231Z&X-Amz-Expires=3600&X-Amz-SignedHeaders=host&X-Amz-Signature=ec9d565ea7566c9cd9190688f6f9d3a8f33252d45e806ea39d44a4b8e7302296
2024-06-26T16:52:35.121+03:00  INFO 25712 --- [habhab-api] [           main] techsea.habhabapi.V1.Service.Monday      : {"account_id":23739270,"data":{"assets":[{"public_url":"https://prod-euc1-files-monday-com.s3.eu-central-1.amazonaws.com/23739270/resources/54385423/1369f333-8dd6-4913-815a-83108634634b.jpg?response-content-disposition=attachment&X-Amz-Algorithm=AWS4-HMAC-SHA256&X-Amz-Credential=AKIA4MPVJMFXILAOBJXD%2F20240626%2Feu-central-1%2Fs3%2Faws4_request&X-Amz-Date=20240626T135234Z&X-Amz-Expires=3600&X-Amz-SignedHeaders=host&X-Amz-Signature=98731e0b526ce8443837e7c7ab490b6eb7f4192936dfccc28cda7d868a9cb243","name":"1369f333-8dd6-4913-815a-83108634634b.jpg","id":"54385423"}]}}
2024-06-26T16:52:35.122+03:00  INFO 25712 --- [habhab-api] [           main] techsea.habhabapi.V1.Service.Monday      : https://prod-euc1-files-monday-com.s3.eu-central-1.amazonaws.com/23739270/resources/54385423/1369f333-8dd6-4913-815a-83108634634b.jpg?response-content-disposition=attachment&X-Amz-Algorithm=AWS4-HMAC-SHA256&X-Amz-Credential=AKIA4MPVJMFXILAOBJXD%2F20240626%2Feu-central-1%2Fs3%2Faws4_request&X-Amz-Date=20240626T135234Z&X-Amz-Expires=3600&X-Amz-SignedHeaders=host&X-Amz-Signature=98731e0b526ce8443837e7c7ab490b6eb7f4192936dfccc28cda7d868a9cb243
2024-06-26T16:52:36.562+03:00  INFO 25712 --- [habhab-api] [           main] techsea.habhabapi.V1.Service.Monday      : {"account_id":23739270,"data":{"assets":[{"public_url":"https://prod-euc1-files-monday-com.s3.eu-central-1.amazonaws.com/23739270/resources/54523329/unnamed.jpg?response-content-disposition=attachment&X-Amz-Algorithm=AWS4-HMAC-SHA256&X-Amz-Credential=AKIA4MPVJMFXILAOBJXD%2F20240626%2Feu-central-1%2Fs3%2Faws4_request&X-Amz-Date=20240626T135236Z&X-Amz-Expires=3600&X-Amz-SignedHeaders=host&X-Amz-Signature=01c6546fb8abb327151f6b5c5cc32c50bc3834cb79c020e3d420adf633403f2d","name":"unnamed.jpg","id":"54523329"}]}}
2024-06-26T16:52:36.562+03:00  INFO 25712 --- [habhab-api] [           main] techsea.habhabapi.V1.Service.Monday      : https://prod-euc1-files-monday-com.s3.eu-central-1.amazonaws.com/23739270/resources/54523329/unnamed.jpg?response-content-disposition=attachment&X-Amz-Algorithm=AWS4-HMAC-SHA256&X-Amz-Credential=AKIA4MPVJMFXILAOBJXD%2F20240626%2Feu-central-1%2Fs3%2Faws4_request&X-Amz-Date=20240626T135236Z&X-Amz-Expires=3600&X-Amz-SignedHeaders=host&X-Amz-Signature=01c6546fb8abb327151f6b5c5cc32c50bc3834cb79c020e3d420adf633403f2d
]]></system-out>
    <system-err><![CDATA[WARNING: A Java agent has been loaded dynamically (C:\Users\Abdulaziz\.m2\repository\net\bytebuddy\byte-buddy-agent\1.14.16\byte-buddy-agent-1.14.16.jar)
WARNING: If a serviceability tool is in use, please run with -XX:+EnableDynamicAgentLoading to hide this warning
WARNING: If a serviceability tool is not in use, please run with -Djdk.instrument.traceUsage for more information
WARNING: Dynamic loading of agents will be disallowed by default in a future release
]]></system-err>
  </testcase>
</testsuite>