<?xml version="1.0" encoding="UTF-8"?>
<testsuite xmlns:xsi="http://www.w3.org/2001/XMLSchema-instance" xsi:noNamespaceSchemaLocation="https://maven.apache.org/surefire/maven-surefire-plugin/xsd/surefire-test-report-3.0.xsd" version="3.0" name="techsea.habhabapi.HabhabApiApplicationTests" time="141.625" tests="1" errors="0" skipped="0" failures="0">
  <properties>
    <property name="java.specification.version" value="21"/>
    <property name="sun.cpu.isalist" value="amd64"/>
    <property name="sun.jnu.encoding" value="Cp1252"/>
    <property name="java.class.path" value="C:\Users\Abdulaziz\Desktop\MyProjects\habhab-api\target\test-classes;C:\Users\Abdulaziz\Desktop\MyProjects\habhab-api\target\classes;C:\Users\Abdulaziz\.m2\repository\org\springframework\boot\spring-boot-starter-actuator\3.3.0\spring-boot-starter-actuator-3.3.0.jar;C:\Users\Abdulaziz\.m2\repository\org\springframework\boot\spring-boot-starter\3.3.0\spring-boot-starter-3.3.0.jar;C:\Users\Abdulaziz\.m2\repository\org\springframework\boot\spring-boot-starter-logging\3.3.0\spring-boot-starter-logging-3.3.0.jar;C:\Users\Abdulaziz\.m2\repository\ch\qos\logback\logback-classic\1.5.6\logback-classic-1.5.6.jar;C:\Users\Abdulaziz\.m2\repository\ch\qos\logback\logback-core\1.5.6\logback-core-1.5.6.jar;C:\Users\Abdulaziz\.m2\repository\org\apache\logging\log4j\log4j-to-slf4j\2.23.1\log4j-to-slf4j-2.23.1.jar;C:\Users\Abdulaziz\.m2\repository\org\apache\logging\log4j\log4j-api\2.23.1\log4j-api-2.23.1.jar;C:\Users\Abdulaziz\.m2\repository\org\slf4j\jul-to-slf4j\2.0.13\jul-to-slf4j-2.0.13.jar;C:\Users\Abdulaziz\.m2\repository\jakarta\annotation\jakarta.annotation-api\2.1.1\jakarta.annotation-api-2.1.1.jar;C:\Users\Abdulaziz\.m2\repository\org\yaml\snakeyaml\2.2\snakeyaml-2.2.jar;C:\Users\Abdulaziz\.m2\repository\org\springframework\boot\spring-boot-actuator-autoconfigure\3.3.0\spring-boot-actuator-autoconfigure-3.3.0.jar;C:\Users\Abdulaziz\.m2\repository\org\springframework\boot\spring-boot-actuator\3.3.0\spring-boot-actuator-3.3.0.jar;C:\Users\Abdulaziz\.m2\repository\com\fasterxml\jackson\core\jackson-databind\2.17.1\jackson-databind-2.17.1.jar;C:\Users\Abdulaziz\.m2\repository\com\fasterxml\jackson\core\jackson-annotations\2.17.1\jackson-annotations-2.17.1.jar;C:\Users\Abdulaziz\.m2\repository\com\fasterxml\jackson\core\jackson-core\2.17.1\jackson-core-2.17.1.jar;C:\Users\Abdulaziz\.m2\repository\com\fasterxml\jackson\datatype\jackson-datatype-jsr310\2.17.1\jackson-datatype-jsr310-2.17.1.jar;C:\Users\Abdulaziz\.m2\repository\io\micrometer\micrometer-observation\1.13.0\micrometer-observation-1.13.0.jar;C:\Users\Abdulaziz\.m2\repository\io\micrometer\micrometer-commons\1.13.0\micrometer-commons-1.13.0.jar;C:\Users\Abdulaziz\.m2\repository\io\micrometer\micrometer-jakarta9\1.13.0\micrometer-jakarta9-1.13.0.jar;C:\Users\Abdulaziz\.m2\repository\io\micrometer\micrometer-core\1.13.0\micrometer-core-1.13.0.jar;C:\Users\Abdulaziz\.m2\repository\org\hdrhistogram\HdrHistogram\2.2.1\HdrHistogram-2.2.1.jar;C:\Users\Abdulaziz\.m2\repository\org\latencyutils\LatencyUtils\2.0.3\LatencyUtils-2.0.3.jar;C:\Users\Abdulaziz\.m2\repository\org\springframework\boot\spring-boot-starter-data-jpa\3.3.0\spring-boot-starter-data-jpa-3.3.0.jar;C:\Users\Abdulaziz\.m2\repository\org\springframework\boot\spring-boot-starter-aop\3.3.0\spring-boot-starter-aop-3.3.0.jar;C:\Users\Abdulaziz\.m2\repository\org\aspectj\aspectjweaver\1.9.22\aspectjweaver-1.9.22.jar;C:\Users\Abdulaziz\.m2\repository\org\springframework\boot\spring-boot-starter-jdbc\3.3.0\spring-boot-starter-jdbc-3.3.0.jar;C:\Users\Abdulaziz\.m2\repository\com\zaxxer\HikariCP\5.1.0\HikariCP-5.1.0.jar;C:\Users\Abdulaziz\.m2\repository\org\springframework\spring-jdbc\6.1.8\spring-jdbc-6.1.8.jar;C:\Users\Abdulaziz\.m2\repository\org\hibernate\orm\hibernate-core\6.5.2.Final\hibernate-core-6.5.2.Final.jar;C:\Users\Abdulaziz\.m2\repository\jakarta\persistence\jakarta.persistence-api\3.1.0\jakarta.persistence-api-3.1.0.jar;C:\Users\Abdulaziz\.m2\repository\jakarta\transaction\jakarta.transaction-api\2.0.1\jakarta.transaction-api-2.0.1.jar;C:\Users\Abdulaziz\.m2\repository\org\jboss\logging\jboss-logging\3.5.3.Final\jboss-logging-3.5.3.Final.jar;C:\Users\Abdulaziz\.m2\repository\org\hibernate\common\hibernate-commons-annotations\6.0.6.Final\hibernate-commons-annotations-6.0.6.Final.jar;C:\Users\Abdulaziz\.m2\repository\io\smallrye\jandex\3.1.2\jandex-3.1.2.jar;C:\Users\Abdulaziz\.m2\repository\com\fasterxml\classmate\1.7.0\classmate-1.7.0.jar;C:\Users\Abdulaziz\.m2\repository\net\bytebuddy\byte-buddy\1.14.16\byte-buddy-1.14.16.jar;C:\Users\Abdulaziz\.m2\repository\org\glassfish\jaxb\jaxb-runtime\4.0.5\jaxb-runtime-4.0.5.jar;C:\Users\Abdulaziz\.m2\repository\org\glassfish\jaxb\jaxb-core\4.0.5\jaxb-core-4.0.5.jar;C:\Users\Abdulaziz\.m2\repository\org\eclipse\angus\angus-activation\2.0.2\angus-activation-2.0.2.jar;C:\Users\Abdulaziz\.m2\repository\org\glassfish\jaxb\txw2\4.0.5\txw2-4.0.5.jar;C:\Users\Abdulaziz\.m2\repository\com\sun\istack\istack-commons-runtime\4.1.2\istack-commons-runtime-4.1.2.jar;C:\Users\Abdulaziz\.m2\repository\jakarta\inject\jakarta.inject-api\2.0.1\jakarta.inject-api-2.0.1.jar;C:\Users\Abdulaziz\.m2\repository\org\antlr\antlr4-runtime\4.13.0\antlr4-runtime-4.13.0.jar;C:\Users\Abdulaziz\.m2\repository\org\springframework\data\spring-data-jpa\3.3.0\spring-data-jpa-3.3.0.jar;C:\Users\Abdulaziz\.m2\repository\org\springframework\data\spring-data-commons\3.3.0\spring-data-commons-3.3.0.jar;C:\Users\Abdulaziz\.m2\repository\org\springframework\spring-orm\6.1.8\spring-orm-6.1.8.jar;C:\Users\Abdulaziz\.m2\repository\org\springframework\spring-context\6.1.8\spring-context-6.1.8.jar;C:\Users\Abdulaziz\.m2\repository\org\springframework\spring-tx\6.1.8\spring-tx-6.1.8.jar;C:\Users\Abdulaziz\.m2\repository\org\springframework\spring-beans\6.1.8\spring-beans-6.1.8.jar;C:\Users\Abdulaziz\.m2\repository\org\springframework\spring-aspects\6.1.8\spring-aspects-6.1.8.jar;C:\Users\Abdulaziz\.m2\repository\org\springframework\boot\spring-boot-starter-security\3.3.0\spring-boot-starter-security-3.3.0.jar;C:\Users\Abdulaziz\.m2\repository\org\springframework\spring-aop\6.1.8\spring-aop-6.1.8.jar;C:\Users\Abdulaziz\.m2\repository\org\springframework\security\spring-security-config\6.3.0\spring-security-config-6.3.0.jar;C:\Users\Abdulaziz\.m2\repository\org\springframework\security\spring-security-web\6.3.0\spring-security-web-6.3.0.jar;C:\Users\Abdulaziz\.m2\repository\org\springframework\spring-expression\6.1.8\spring-expression-6.1.8.jar;C:\Users\Abdulaziz\.m2\repository\org\springframework\boot\spring-boot-starter-web\3.3.0\spring-boot-starter-web-3.3.0.jar;C:\Users\Abdulaziz\.m2\repository\org\springframework\boot\spring-boot-starter-json\3.3.0\spring-boot-starter-json-3.3.0.jar;C:\Users\Abdulaziz\.m2\repository\com\fasterxml\jackson\datatype\jackson-datatype-jdk8\2.17.1\jackson-datatype-jdk8-2.17.1.jar;C:\Users\Abdulaziz\.m2\repository\com\fasterxml\jackson\module\jackson-module-parameter-names\2.17.1\jackson-module-parameter-names-2.17.1.jar;C:\Users\Abdulaziz\.m2\repository\org\springframework\boot\spring-boot-starter-tomcat\3.3.0\spring-boot-starter-tomcat-3.3.0.jar;C:\Users\Abdulaziz\.m2\repository\org\apache\tomcat\embed\tomcat-embed-core\10.1.24\tomcat-embed-core-10.1.24.jar;C:\Users\Abdulaziz\.m2\repository\org\apache\tomcat\embed\tomcat-embed-el\10.1.24\tomcat-embed-el-10.1.24.jar;C:\Users\Abdulaziz\.m2\repository\org\apache\tomcat\embed\tomcat-embed-websocket\10.1.24\tomcat-embed-websocket-10.1.24.jar;C:\Users\Abdulaziz\.m2\repository\org\springframework\spring-web\6.1.8\spring-web-6.1.8.jar;C:\Users\Abdulaziz\.m2\repository\org\springframework\spring-webmvc\6.1.8\spring-webmvc-6.1.8.jar;C:\Users\Abdulaziz\.m2\repository\org\springframework\boot\spring-boot-devtools\3.3.0\spring-boot-devtools-3.3.0.jar;C:\Users\Abdulaziz\.m2\repository\org\springframework\boot\spring-boot\3.3.0\spring-boot-3.3.0.jar;C:\Users\Abdulaziz\.m2\repository\org\springframework\boot\spring-boot-autoconfigure\3.3.0\spring-boot-autoconfigure-3.3.0.jar;C:\Users\Abdulaziz\.m2\repository\org\postgresql\postgresql\42.7.3\postgresql-42.7.3.jar;C:\Users\Abdulaziz\.m2\repository\org\checkerframework\checker-qual\3.42.0\checker-qual-3.42.0.jar;C:\Users\Abdulaziz\.m2\repository\org\projectlombok\lombok\1.18.32\lombok-1.18.32.jar;C:\Users\Abdulaziz\.m2\repository\org\springframework\boot\spring-boot-starter-test\3.3.0\spring-boot-starter-test-3.3.0.jar;C:\Users\Abdulaziz\.m2\repository\org\springframework\boot\spring-boot-test\3.3.0\spring-boot-test-3.3.0.jar;C:\Users\Abdulaziz\.m2\repository\org\springframework\boot\spring-boot-test-autoconfigure\3.3.0\spring-boot-test-autoconfigure-3.3.0.jar;C:\Users\Abdulaziz\.m2\repository\com\jayway\jsonpath\json-path\2.9.0\json-path-2.9.0.jar;C:\Users\Abdulaziz\.m2\repository\jakarta\xml\bind\jakarta.xml.bind-api\4.0.2\jakarta.xml.bind-api-4.0.2.jar;C:\Users\Abdulaziz\.m2\repository\jakarta\activation\jakarta.activation-api\2.1.3\jakarta.activation-api-2.1.3.jar;C:\Users\Abdulaziz\.m2\repository\net\minidev\json-smart\2.5.1\json-smart-2.5.1.jar;C:\Users\Abdulaziz\.m2\repository\net\minidev\accessors-smart\2.5.1\accessors-smart-2.5.1.jar;C:\Users\Abdulaziz\.m2\repository\org\ow2\asm\asm\9.6\asm-9.6.jar;C:\Users\Abdulaziz\.m2\repository\org\assertj\assertj-core\3.25.3\assertj-core-3.25.3.jar;C:\Users\Abdulaziz\.m2\repository\org\awaitility\awaitility\4.2.1\awaitility-4.2.1.jar;C:\Users\Abdulaziz\.m2\repository\org\hamcrest\hamcrest\2.2\hamcrest-2.2.jar;C:\Users\Abdulaziz\.m2\repository\org\junit\jupiter\junit-jupiter\5.10.2\junit-jupiter-5.10.2.jar;C:\Users\Abdulaziz\.m2\repository\org\junit\jupiter\junit-jupiter-api\5.10.2\junit-jupiter-api-5.10.2.jar;C:\Users\Abdulaziz\.m2\repository\org\opentest4j\opentest4j\1.3.0\opentest4j-1.3.0.jar;C:\Users\Abdulaziz\.m2\repository\org\junit\platform\junit-platform-commons\1.10.2\junit-platform-commons-1.10.2.jar;C:\Users\Abdulaziz\.m2\repository\org\apiguardian\apiguardian-api\1.1.2\apiguardian-api-1.1.2.jar;C:\Users\Abdulaziz\.m2\repository\org\junit\jupiter\junit-jupiter-params\5.10.2\junit-jupiter-params-5.10.2.jar;C:\Users\Abdulaziz\.m2\repository\org\junit\jupiter\junit-jupiter-engine\5.10.2\junit-jupiter-engine-5.10.2.jar;C:\Users\Abdulaziz\.m2\repository\org\junit\platform\junit-platform-engine\1.10.2\junit-platform-engine-1.10.2.jar;C:\Users\Abdulaziz\.m2\repository\org\mockito\mockito-core\5.11.0\mockito-core-5.11.0.jar;C:\Users\Abdulaziz\.m2\repository\net\bytebuddy\byte-buddy-agent\1.14.16\byte-buddy-agent-1.14.16.jar;C:\Users\Abdulaziz\.m2\repository\org\objenesis\objenesis\3.3\objenesis-3.3.jar;C:\Users\Abdulaziz\.m2\repository\org\mockito\mockito-junit-jupiter\5.11.0\mockito-junit-jupiter-5.11.0.jar;C:\Users\Abdulaziz\.m2\repository\org\skyscreamer\jsonassert\1.5.1\jsonassert-1.5.1.jar;C:\Users\Abdulaziz\.m2\repository\org\springframework\spring-core\6.1.8\spring-core-6.1.8.jar;C:\Users\Abdulaziz\.m2\repository\org\springframework\spring-jcl\6.1.8\spring-jcl-6.1.8.jar;C:\Users\Abdulaziz\.m2\repository\org\springframework\spring-test\6.1.8\spring-test-6.1.8.jar;C:\Users\Abdulaziz\.m2\repository\org\xmlunit\xmlunit-core\2.9.1\xmlunit-core-2.9.1.jar;C:\Users\Abdulaziz\.m2\repository\org\springframework\security\spring-security-test\6.3.0\spring-security-test-6.3.0.jar;C:\Users\Abdulaziz\.m2\repository\org\springframework\security\spring-security-core\6.3.0\spring-security-core-6.3.0.jar;C:\Users\Abdulaziz\.m2\repository\org\springframework\security\spring-security-crypto\6.3.0\spring-security-crypto-6.3.0.jar;C:\Users\Abdulaziz\.m2\repository\org\json\json\20240303\json-20240303.jar;C:\Users\Abdulaziz\.m2\repository\org\springdoc\springdoc-openapi-starter-webmvc-ui\2.5.0\springdoc-openapi-starter-webmvc-ui-2.5.0.jar;C:\Users\Abdulaziz\.m2\repository\org\springdoc\springdoc-openapi-starter-webmvc-api\2.5.0\springdoc-openapi-starter-webmvc-api-2.5.0.jar;C:\Users\Abdulaziz\.m2\repository\org\springdoc\springdoc-openapi-starter-common\2.5.0\springdoc-openapi-starter-common-2.5.0.jar;C:\Users\Abdulaziz\.m2\repository\io\swagger\core\v3\swagger-core-jakarta\2.2.21\swagger-core-jakarta-2.2.21.jar;C:\Users\Abdulaziz\.m2\repository\org\apache\commons\commons-lang3\3.14.0\commons-lang3-3.14.0.jar;C:\Users\Abdulaziz\.m2\repository\io\swagger\core\v3\swagger-annotations-jakarta\2.2.21\swagger-annotations-jakarta-2.2.21.jar;C:\Users\Abdulaziz\.m2\repository\io\swagger\core\v3\swagger-models-jakarta\2.2.21\swagger-models-jakarta-2.2.21.jar;C:\Users\Abdulaziz\.m2\repository\jakarta\validation\jakarta.validation-api\3.0.2\jakarta.validation-api-3.0.2.jar;C:\Users\Abdulaziz\.m2\repository\com\fasterxml\jackson\dataformat\jackson-dataformat-yaml\2.17.1\jackson-dataformat-yaml-2.17.1.jar;C:\Users\Abdulaziz\.m2\repository\org\webjars\swagger-ui\5.13.0\swagger-ui-5.13.0.jar;C:\Users\Abdulaziz\.m2\repository\com\nimbusds\nimbus-jose-jwt\9.37.3\nimbus-jose-jwt-9.37.3.jar;C:\Users\Abdulaziz\.m2\repository\com\github\stephenc\jcip\jcip-annotations\1.0-1\jcip-annotations-1.0-1.jar;C:\Users\Abdulaziz\.m2\repository\org\apache\httpcomponents\httpclient\4.5.14\httpclient-4.5.14.jar;C:\Users\Abdulaziz\.m2\repository\org\apache\httpcomponents\httpcore\4.4.16\httpcore-4.4.16.jar;C:\Users\Abdulaziz\.m2\repository\commons-logging\commons-logging\1.2\commons-logging-1.2.jar;C:\Users\Abdulaziz\.m2\repository\commons-codec\commons-codec\1.16.1\commons-codec-1.16.1.jar;C:\Users\Abdulaziz\.m2\repository\org\springframework\boot\spring-boot-starter-amqp\3.3.0\spring-boot-starter-amqp-3.3.0.jar;C:\Users\Abdulaziz\.m2\repository\org\springframework\spring-messaging\6.1.8\spring-messaging-6.1.8.jar;C:\Users\Abdulaziz\.m2\repository\org\springframework\amqp\spring-rabbit\3.1.5\spring-rabbit-3.1.5.jar;C:\Users\Abdulaziz\.m2\repository\org\springframework\amqp\spring-amqp\3.1.5\spring-amqp-3.1.5.jar;C:\Users\Abdulaziz\.m2\repository\org\springframework\retry\spring-retry\2.0.6\spring-retry-2.0.6.jar;C:\Users\Abdulaziz\.m2\repository\com\rabbitmq\amqp-client\5.21.0\amqp-client-5.21.0.jar;C:\Users\Abdulaziz\.m2\repository\org\springframework\amqp\spring-rabbit-test\3.1.5\spring-rabbit-test-3.1.5.jar;C:\Users\Abdulaziz\.m2\repository\org\springframework\amqp\spring-rabbit-junit\3.1.5\spring-rabbit-junit-3.1.5.jar;C:\Users\Abdulaziz\.m2\repository\org\hamcrest\hamcrest-library\2.2\hamcrest-library-2.2.jar;C:\Users\Abdulaziz\.m2\repository\org\hamcrest\hamcrest-core\2.2\hamcrest-core-2.2.jar;C:\Users\Abdulaziz\.m2\repository\org\springframework\boot\spring-boot-starter-thymeleaf\3.3.0\spring-boot-starter-thymeleaf-3.3.0.jar;C:\Users\Abdulaziz\.m2\repository\org\thymeleaf\thymeleaf-spring6\3.1.2.RELEASE\thymeleaf-spring6-3.1.2.RELEASE.jar;C:\Users\Abdulaziz\.m2\repository\org\thymeleaf\thymeleaf\3.1.2.RELEASE\thymeleaf-3.1.2.RELEASE.jar;C:\Users\Abdulaziz\.m2\repository\org\attoparser\attoparser\2.0.7.RELEASE\attoparser-2.0.7.RELEASE.jar;C:\Users\Abdulaziz\.m2\repository\org\unbescape\unbescape\1.1.6.RELEASE\unbescape-1.1.6.RELEASE.jar;C:\Users\Abdulaziz\.m2\repository\org\thymeleaf\extras\thymeleaf-extras-springsecurity6\3.1.2.RELEASE\thymeleaf-extras-springsecurity6-3.1.2.RELEASE.jar;C:\Users\Abdulaziz\.m2\repository\org\slf4j\slf4j-api\2.0.13\slf4j-api-2.0.13.jar;"/>
    <property name="java.vm.vendor" value="Oracle Corporation"/>
    <property name="sun.arch.data.model" value="64"/>
    <property name="user.variant" value=""/>
    <property name="java.vendor.url" value="https://java.oracle.com/"/>
    <property name="user.timezone" value="Asia/Riyadh"/>
    <property name="org.jboss.logging.provider" value="slf4j"/>
    <property name="os.name" value="Windows 11"/>
    <property name="java.vm.specification.version" value="21"/>
    <property name="sun.java.launcher" value="SUN_STANDARD"/>
    <property name="user.country" value="US"/>
    <property name="sun.boot.library.path" value="C:\Users\Abdulaziz\.jdks\openjdk-21.0.2\bin"/>
    <property name="sun.java.command" value="C:\Users\Abdulaziz\AppData\Local\Temp\surefire8031415451747716159\surefirebooter-20240626162249888_3.jar C:\Users\Abdulaziz\AppData\Local\Temp\surefire8031415451747716159 2024-06-26T16-22-49_758-jvmRun1 surefire-20240626162249888_1tmp surefire_0-20240626162249888_2tmp"/>
    <property name="jdk.debug" value="release"/>
    <property name="surefire.test.class.path" value="C:\Users\Abdulaziz\Desktop\MyProjects\habhab-api\target\test-classes;C:\Users\Abdulaziz\Desktop\MyProjects\habhab-api\target\classes;C:\Users\Abdulaziz\.m2\repository\org\springframework\boot\spring-boot-starter-actuator\3.3.0\spring-boot-starter-actuator-3.3.0.jar;C:\Users\Abdulaziz\.m2\repository\org\springframework\boot\spring-boot-starter\3.3.0\spring-boot-starter-3.3.0.jar;C:\Users\Abdulaziz\.m2\repository\org\springframework\boot\spring-boot-starter-logging\3.3.0\spring-boot-starter-logging-3.3.0.jar;C:\Users\Abdulaziz\.m2\repository\ch\qos\logback\logback-classic\1.5.6\logback-classic-1.5.6.jar;C:\Users\Abdulaziz\.m2\repository\ch\qos\logback\logback-core\1.5.6\logback-core-1.5.6.jar;C:\Users\Abdulaziz\.m2\repository\org\apache\logging\log4j\log4j-to-slf4j\2.23.1\log4j-to-slf4j-2.23.1.jar;C:\Users\Abdulaziz\.m2\repository\org\apache\logging\log4j\log4j-api\2.23.1\log4j-api-2.23.1.jar;C:\Users\Abdulaziz\.m2\repository\org\slf4j\jul-to-slf4j\2.0.13\jul-to-slf4j-2.0.13.jar;C:\Users\Abdulaziz\.m2\repository\jakarta\annotation\jakarta.annotation-api\2.1.1\jakarta.annotation-api-2.1.1.jar;C:\Users\Abdulaziz\.m2\repository\org\yaml\snakeyaml\2.2\snakeyaml-2.2.jar;C:\Users\Abdulaziz\.m2\repository\org\springframework\boot\spring-boot-actuator-autoconfigure\3.3.0\spring-boot-actuator-autoconfigure-3.3.0.jar;C:\Users\Abdulaziz\.m2\repository\org\springframework\boot\spring-boot-actuator\3.3.0\spring-boot-actuator-3.3.0.jar;C:\Users\Abdulaziz\.m2\repository\com\fasterxml\jackson\core\jackson-databind\2.17.1\jackson-databind-2.17.1.jar;C:\Users\Abdulaziz\.m2\repository\com\fasterxml\jackson\core\jackson-annotations\2.17.1\jackson-annotations-2.17.1.jar;C:\Users\Abdulaziz\.m2\repository\com\fasterxml\jackson\core\jackson-core\2.17.1\jackson-core-2.17.1.jar;C:\Users\Abdulaziz\.m2\repository\com\fasterxml\jackson\datatype\jackson-datatype-jsr310\2.17.1\jackson-datatype-jsr310-2.17.1.jar;C:\Users\Abdulaziz\.m2\repository\io\micrometer\micrometer-observation\1.13.0\micrometer-observation-1.13.0.jar;C:\Users\Abdulaziz\.m2\repository\io\micrometer\micrometer-commons\1.13.0\micrometer-commons-1.13.0.jar;C:\Users\Abdulaziz\.m2\repository\io\micrometer\micrometer-jakarta9\1.13.0\micrometer-jakarta9-1.13.0.jar;C:\Users\Abdulaziz\.m2\repository\io\micrometer\micrometer-core\1.13.0\micrometer-core-1.13.0.jar;C:\Users\Abdulaziz\.m2\repository\org\hdrhistogram\HdrHistogram\2.2.1\HdrHistogram-2.2.1.jar;C:\Users\Abdulaziz\.m2\repository\org\latencyutils\LatencyUtils\2.0.3\LatencyUtils-2.0.3.jar;C:\Users\Abdulaziz\.m2\repository\org\springframework\boot\spring-boot-starter-data-jpa\3.3.0\spring-boot-starter-data-jpa-3.3.0.jar;C:\Users\Abdulaziz\.m2\repository\org\springframework\boot\spring-boot-starter-aop\3.3.0\spring-boot-starter-aop-3.3.0.jar;C:\Users\Abdulaziz\.m2\repository\org\aspectj\aspectjweaver\1.9.22\aspectjweaver-1.9.22.jar;C:\Users\Abdulaziz\.m2\repository\org\springframework\boot\spring-boot-starter-jdbc\3.3.0\spring-boot-starter-jdbc-3.3.0.jar;C:\Users\Abdulaziz\.m2\repository\com\zaxxer\HikariCP\5.1.0\HikariCP-5.1.0.jar;C:\Users\Abdulaziz\.m2\repository\org\springframework\spring-jdbc\6.1.8\spring-jdbc-6.1.8.jar;C:\Users\Abdulaziz\.m2\repository\org\hibernate\orm\hibernate-core\6.5.2.Final\hibernate-core-6.5.2.Final.jar;C:\Users\Abdulaziz\.m2\repository\jakarta\persistence\jakarta.persistence-api\3.1.0\jakarta.persistence-api-3.1.0.jar;C:\Users\Abdulaziz\.m2\repository\jakarta\transaction\jakarta.transaction-api\2.0.1\jakarta.transaction-api-2.0.1.jar;C:\Users\Abdulaziz\.m2\repository\org\jboss\logging\jboss-logging\3.5.3.Final\jboss-logging-3.5.3.Final.jar;C:\Users\Abdulaziz\.m2\repository\org\hibernate\common\hibernate-commons-annotations\6.0.6.Final\hibernate-commons-annotations-6.0.6.Final.jar;C:\Users\Abdulaziz\.m2\repository\io\smallrye\jandex\3.1.2\jandex-3.1.2.jar;C:\Users\Abdulaziz\.m2\repository\com\fasterxml\classmate\1.7.0\classmate-1.7.0.jar;C:\Users\Abdulaziz\.m2\repository\net\bytebuddy\byte-buddy\1.14.16\byte-buddy-1.14.16.jar;C:\Users\Abdulaziz\.m2\repository\org\glassfish\jaxb\jaxb-runtime\4.0.5\jaxb-runtime-4.0.5.jar;C:\Users\Abdulaziz\.m2\repository\org\glassfish\jaxb\jaxb-core\4.0.5\jaxb-core-4.0.5.jar;C:\Users\Abdulaziz\.m2\repository\org\eclipse\angus\angus-activation\2.0.2\angus-activation-2.0.2.jar;C:\Users\Abdulaziz\.m2\repository\org\glassfish\jaxb\txw2\4.0.5\txw2-4.0.5.jar;C:\Users\Abdulaziz\.m2\repository\com\sun\istack\istack-commons-runtime\4.1.2\istack-commons-runtime-4.1.2.jar;C:\Users\Abdulaziz\.m2\repository\jakarta\inject\jakarta.inject-api\2.0.1\jakarta.inject-api-2.0.1.jar;C:\Users\Abdulaziz\.m2\repository\org\antlr\antlr4-runtime\4.13.0\antlr4-runtime-4.13.0.jar;C:\Users\Abdulaziz\.m2\repository\org\springframework\data\spring-data-jpa\3.3.0\spring-data-jpa-3.3.0.jar;C:\Users\Abdulaziz\.m2\repository\org\springframework\data\spring-data-commons\3.3.0\spring-data-commons-3.3.0.jar;C:\Users\Abdulaziz\.m2\repository\org\springframework\spring-orm\6.1.8\spring-orm-6.1.8.jar;C:\Users\Abdulaziz\.m2\repository\org\springframework\spring-context\6.1.8\spring-context-6.1.8.jar;C:\Users\Abdulaziz\.m2\repository\org\springframework\spring-tx\6.1.8\spring-tx-6.1.8.jar;C:\Users\Abdulaziz\.m2\repository\org\springframework\spring-beans\6.1.8\spring-beans-6.1.8.jar;C:\Users\Abdulaziz\.m2\repository\org\springframework\spring-aspects\6.1.8\spring-aspects-6.1.8.jar;C:\Users\Abdulaziz\.m2\repository\org\springframework\boot\spring-boot-starter-security\3.3.0\spring-boot-starter-security-3.3.0.jar;C:\Users\Abdulaziz\.m2\repository\org\springframework\spring-aop\6.1.8\spring-aop-6.1.8.jar;C:\Users\Abdulaziz\.m2\repository\org\springframework\security\spring-security-config\6.3.0\spring-security-config-6.3.0.jar;C:\Users\Abdulaziz\.m2\repository\org\springframework\security\spring-security-web\6.3.0\spring-security-web-6.3.0.jar;C:\Users\Abdulaziz\.m2\repository\org\springframework\spring-expression\6.1.8\spring-expression-6.1.8.jar;C:\Users\Abdulaziz\.m2\repository\org\springframework\boot\spring-boot-starter-web\3.3.0\spring-boot-starter-web-3.3.0.jar;C:\Users\Abdulaziz\.m2\repository\org\springframework\boot\spring-boot-starter-json\3.3.0\spring-boot-starter-json-3.3.0.jar;C:\Users\Abdulaziz\.m2\repository\com\fasterxml\jackson\datatype\jackson-datatype-jdk8\2.17.1\jackson-datatype-jdk8-2.17.1.jar;C:\Users\Abdulaziz\.m2\repository\com\fasterxml\jackson\module\jackson-module-parameter-names\2.17.1\jackson-module-parameter-names-2.17.1.jar;C:\Users\Abdulaziz\.m2\repository\org\springframework\boot\spring-boot-starter-tomcat\3.3.0\spring-boot-starter-tomcat-3.3.0.jar;C:\Users\Abdulaziz\.m2\repository\org\apache\tomcat\embed\tomcat-embed-core\10.1.24\tomcat-embed-core-10.1.24.jar;C:\Users\Abdulaziz\.m2\repository\org\apache\tomcat\embed\tomcat-embed-el\10.1.24\tomcat-embed-el-10.1.24.jar;C:\Users\Abdulaziz\.m2\repository\org\apache\tomcat\embed\tomcat-embed-websocket\10.1.24\tomcat-embed-websocket-10.1.24.jar;C:\Users\Abdulaziz\.m2\repository\org\springframework\spring-web\6.1.8\spring-web-6.1.8.jar;C:\Users\Abdulaziz\.m2\repository\org\springframework\spring-webmvc\6.1.8\spring-webmvc-6.1.8.jar;C:\Users\Abdulaziz\.m2\repository\org\springframework\boot\spring-boot-devtools\3.3.0\spring-boot-devtools-3.3.0.jar;C:\Users\Abdulaziz\.m2\repository\org\springframework\boot\spring-boot\3.3.0\spring-boot-3.3.0.jar;C:\Users\Abdulaziz\.m2\repository\org\springframework\boot\spring-boot-autoconfigure\3.3.0\spring-boot-autoconfigure-3.3.0.jar;C:\Users\Abdulaziz\.m2\repository\org\postgresql\postgresql\42.7.3\postgresql-42.7.3.jar;C:\Users\Abdulaziz\.m2\repository\org\checkerframework\checker-qual\3.42.0\checker-qual-3.42.0.jar;C:\Users\Abdulaziz\.m2\repository\org\projectlombok\lombok\1.18.32\lombok-1.18.32.jar;C:\Users\Abdulaziz\.m2\repository\org\springframework\boot\spring-boot-starter-test\3.3.0\spring-boot-starter-test-3.3.0.jar;C:\Users\Abdulaziz\.m2\repository\org\springframework\boot\spring-boot-test\3.3.0\spring-boot-test-3.3.0.jar;C:\Users\Abdulaziz\.m2\repository\org\springframework\boot\spring-boot-test-autoconfigure\3.3.0\spring-boot-test-autoconfigure-3.3.0.jar;C:\Users\Abdulaziz\.m2\repository\com\jayway\jsonpath\json-path\2.9.0\json-path-2.9.0.jar;C:\Users\Abdulaziz\.m2\repository\jakarta\xml\bind\jakarta.xml.bind-api\4.0.2\jakarta.xml.bind-api-4.0.2.jar;C:\Users\Abdulaziz\.m2\repository\jakarta\activation\jakarta.activation-api\2.1.3\jakarta.activation-api-2.1.3.jar;C:\Users\Abdulaziz\.m2\repository\net\minidev\json-smart\2.5.1\json-smart-2.5.1.jar;C:\Users\Abdulaziz\.m2\repository\net\minidev\accessors-smart\2.5.1\accessors-smart-2.5.1.jar;C:\Users\Abdulaziz\.m2\repository\org\ow2\asm\asm\9.6\asm-9.6.jar;C:\Users\Abdulaziz\.m2\repository\org\assertj\assertj-core\3.25.3\assertj-core-3.25.3.jar;C:\Users\Abdulaziz\.m2\repository\org\awaitility\awaitility\4.2.1\awaitility-4.2.1.jar;C:\Users\Abdulaziz\.m2\repository\org\hamcrest\hamcrest\2.2\hamcrest-2.2.jar;C:\Users\Abdulaziz\.m2\repository\org\junit\jupiter\junit-jupiter\5.10.2\junit-jupiter-5.10.2.jar;C:\Users\Abdulaziz\.m2\repository\org\junit\jupiter\junit-jupiter-api\5.10.2\junit-jupiter-api-5.10.2.jar;C:\Users\Abdulaziz\.m2\repository\org\opentest4j\opentest4j\1.3.0\opentest4j-1.3.0.jar;C:\Users\Abdulaziz\.m2\repository\org\junit\platform\junit-platform-commons\1.10.2\junit-platform-commons-1.10.2.jar;C:\Users\Abdulaziz\.m2\repository\org\apiguardian\apiguardian-api\1.1.2\apiguardian-api-1.1.2.jar;C:\Users\Abdulaziz\.m2\repository\org\junit\jupiter\junit-jupiter-params\5.10.2\junit-jupiter-params-5.10.2.jar;C:\Users\Abdulaziz\.m2\repository\org\junit\jupiter\junit-jupiter-engine\5.10.2\junit-jupiter-engine-5.10.2.jar;C:\Users\Abdulaziz\.m2\repository\org\junit\platform\junit-platform-engine\1.10.2\junit-platform-engine-1.10.2.jar;C:\Users\Abdulaziz\.m2\repository\org\mockito\mockito-core\5.11.0\mockito-core-5.11.0.jar;C:\Users\Abdulaziz\.m2\repository\net\bytebuddy\byte-buddy-agent\1.14.16\byte-buddy-agent-1.14.16.jar;C:\Users\Abdulaziz\.m2\repository\org\objenesis\objenesis\3.3\objenesis-3.3.jar;C:\Users\Abdulaziz\.m2\repository\org\mockito\mockito-junit-jupiter\5.11.0\mockito-junit-jupiter-5.11.0.jar;C:\Users\Abdulaziz\.m2\repository\org\skyscreamer\jsonassert\1.5.1\jsonassert-1.5.1.jar;C:\Users\Abdulaziz\.m2\repository\org\springframework\spring-core\6.1.8\spring-core-6.1.8.jar;C:\Users\Abdulaziz\.m2\repository\org\springframework\spring-jcl\6.1.8\spring-jcl-6.1.8.jar;C:\Users\Abdulaziz\.m2\repository\org\springframework\spring-test\6.1.8\spring-test-6.1.8.jar;C:\Users\Abdulaziz\.m2\repository\org\xmlunit\xmlunit-core\2.9.1\xmlunit-core-2.9.1.jar;C:\Users\Abdulaziz\.m2\repository\org\springframework\security\spring-security-test\6.3.0\spring-security-test-6.3.0.jar;C:\Users\Abdulaziz\.m2\repository\org\springframework\security\spring-security-core\6.3.0\spring-security-core-6.3.0.jar;C:\Users\Abdulaziz\.m2\repository\org\springframework\security\spring-security-crypto\6.3.0\spring-security-crypto-6.3.0.jar;C:\Users\Abdulaziz\.m2\repository\org\json\json\20240303\json-20240303.jar;C:\Users\Abdulaziz\.m2\repository\org\springdoc\springdoc-openapi-starter-webmvc-ui\2.5.0\springdoc-openapi-starter-webmvc-ui-2.5.0.jar;C:\Users\Abdulaziz\.m2\repository\org\springdoc\springdoc-openapi-starter-webmvc-api\2.5.0\springdoc-openapi-starter-webmvc-api-2.5.0.jar;C:\Users\Abdulaziz\.m2\repository\org\springdoc\springdoc-openapi-starter-common\2.5.0\springdoc-openapi-starter-common-2.5.0.jar;C:\Users\Abdulaziz\.m2\repository\io\swagger\core\v3\swagger-core-jakarta\2.2.21\swagger-core-jakarta-2.2.21.jar;C:\Users\Abdulaziz\.m2\repository\org\apache\commons\commons-lang3\3.14.0\commons-lang3-3.14.0.jar;C:\Users\Abdulaziz\.m2\repository\io\swagger\core\v3\swagger-annotations-jakarta\2.2.21\swagger-annotations-jakarta-2.2.21.jar;C:\Users\Abdulaziz\.m2\repository\io\swagger\core\v3\swagger-models-jakarta\2.2.21\swagger-models-jakarta-2.2.21.jar;C:\Users\Abdulaziz\.m2\repository\jakarta\validation\jakarta.validation-api\3.0.2\jakarta.validation-api-3.0.2.jar;C:\Users\Abdulaziz\.m2\repository\com\fasterxml\jackson\dataformat\jackson-dataformat-yaml\2.17.1\jackson-dataformat-yaml-2.17.1.jar;C:\Users\Abdulaziz\.m2\repository\org\webjars\swagger-ui\5.13.0\swagger-ui-5.13.0.jar;C:\Users\Abdulaziz\.m2\repository\com\nimbusds\nimbus-jose-jwt\9.37.3\nimbus-jose-jwt-9.37.3.jar;C:\Users\Abdulaziz\.m2\repository\com\github\stephenc\jcip\jcip-annotations\1.0-1\jcip-annotations-1.0-1.jar;C:\Users\Abdulaziz\.m2\repository\org\apache\httpcomponents\httpclient\4.5.14\httpclient-4.5.14.jar;C:\Users\Abdulaziz\.m2\repository\org\apache\httpcomponents\httpcore\4.4.16\httpcore-4.4.16.jar;C:\Users\Abdulaziz\.m2\repository\commons-logging\commons-logging\1.2\commons-logging-1.2.jar;C:\Users\Abdulaziz\.m2\repository\commons-codec\commons-codec\1.16.1\commons-codec-1.16.1.jar;C:\Users\Abdulaziz\.m2\repository\org\springframework\boot\spring-boot-starter-amqp\3.3.0\spring-boot-starter-amqp-3.3.0.jar;C:\Users\Abdulaziz\.m2\repository\org\springframework\spring-messaging\6.1.8\spring-messaging-6.1.8.jar;C:\Users\Abdulaziz\.m2\repository\org\springframework\amqp\spring-rabbit\3.1.5\spring-rabbit-3.1.5.jar;C:\Users\Abdulaziz\.m2\repository\org\springframework\amqp\spring-amqp\3.1.5\spring-amqp-3.1.5.jar;C:\Users\Abdulaziz\.m2\repository\org\springframework\retry\spring-retry\2.0.6\spring-retry-2.0.6.jar;C:\Users\Abdulaziz\.m2\repository\com\rabbitmq\amqp-client\5.21.0\amqp-client-5.21.0.jar;C:\Users\Abdulaziz\.m2\repository\org\springframework\amqp\spring-rabbit-test\3.1.5\spring-rabbit-test-3.1.5.jar;C:\Users\Abdulaziz\.m2\repository\org\springframework\amqp\spring-rabbit-junit\3.1.5\spring-rabbit-junit-3.1.5.jar;C:\Users\Abdulaziz\.m2\repository\org\hamcrest\hamcrest-library\2.2\hamcrest-library-2.2.jar;C:\Users\Abdulaziz\.m2\repository\org\hamcrest\hamcrest-core\2.2\hamcrest-core-2.2.jar;C:\Users\Abdulaziz\.m2\repository\org\springframework\boot\spring-boot-starter-thymeleaf\3.3.0\spring-boot-starter-thymeleaf-3.3.0.jar;C:\Users\Abdulaziz\.m2\repository\org\thymeleaf\thymeleaf-spring6\3.1.2.RELEASE\thymeleaf-spring6-3.1.2.RELEASE.jar;C:\Users\Abdulaziz\.m2\repository\org\thymeleaf\thymeleaf\3.1.2.RELEASE\thymeleaf-3.1.2.RELEASE.jar;C:\Users\Abdulaziz\.m2\repository\org\attoparser\attoparser\2.0.7.RELEASE\attoparser-2.0.7.RELEASE.jar;C:\Users\Abdulaziz\.m2\repository\org\unbescape\unbescape\1.1.6.RELEASE\unbescape-1.1.6.RELEASE.jar;C:\Users\Abdulaziz\.m2\repository\org\thymeleaf\extras\thymeleaf-extras-springsecurity6\3.1.2.RELEASE\thymeleaf-extras-springsecurity6-3.1.2.RELEASE.jar;C:\Users\Abdulaziz\.m2\repository\org\slf4j\slf4j-api\2.0.13\slf4j-api-2.0.13.jar;"/>
    <property name="sun.cpu.endian" value="little"/>
    <property name="user.home" value="C:\Users\Abdulaziz"/>
    <property name="user.language" value="en"/>
    <property name="java.specification.vendor" value="Oracle Corporation"/>
    <property name="java.version.date" value="2024-01-16"/>
    <property name="java.home" value="C:\Users\Abdulaziz\.jdks\openjdk-21.0.2"/>
    <property name="file.separator" value="\"/>
    <property name="basedir" value="C:\Users\Abdulaziz\Desktop\MyProjects\habhab-api"/>
    <property name="java.vm.compressedOopsMode" value="Zero based"/>
    <property name="line.separator" value="&#10;"/>
    <property name="java.vm.specification.vendor" value="Oracle Corporation"/>
    <property name="java.specification.name" value="Java Platform API Specification"/>
    <property name="FILE_LOG_CHARSET" value="UTF-8"/>
    <property name="java.awt.headless" value="true"/>
    <property name="surefire.real.class.path" value="C:\Users\Abdulaziz\AppData\Local\Temp\surefire8031415451747716159\surefirebooter-20240626162249888_3.jar"/>
    <property name="junit.platform.listeners.uid.tracking.enabled" value="true"/>
    <property name="user.script" value=""/>
    <property name="sun.management.compiler" value="HotSpot 64-Bit Tiered Compilers"/>
    <property name="junit.platform.listeners.uid.tracking.output.dir" value="C:\Users\Abdulaziz\Desktop\MyProjects\habhab-api\target\test-ids"/>
    <property name="java.runtime.version" value="21.0.2+13-58"/>
    <property name="user.name" value="Abdulaziz"/>
    <property name="stdout.encoding" value="Cp1252"/>
    <property name="path.separator" value=";"/>
    <property name="os.version" value="10.0"/>
    <property name="java.runtime.name" value="OpenJDK Runtime Environment"/>
    <property name="file.encoding" value="UTF-8"/>
    <property name="java.vm.name" value="OpenJDK 64-Bit Server VM"/>
    <property name="localRepository" value="C:\Users\Abdulaziz\.m2\repository"/>
    <property name="java.vendor.url.bug" value="https://bugreport.java.com/bugreport/"/>
    <property name="java.io.tmpdir" value="C:\Users\ABDULA~1\AppData\Local\Temp\"/>
    <property name="idea.version" value="2024.1.4"/>
    <property name="com.zaxxer.hikari.pool_number" value="1"/>
    <property name="java.version" value="21.0.2"/>
    <property name="user.dir" value="C:\Users\Abdulaziz\Desktop\MyProjects\habhab-api"/>
    <property name="os.arch" value="amd64"/>
    <property name="java.vm.specification.name" value="Java Virtual Machine Specification"/>
    <property name="PID" value="14040"/>
    <property name="sun.os.patch.level" value=""/>
    <property name="CONSOLE_LOG_CHARSET" value="UTF-8"/>
    <property name="native.encoding" value="Cp1252"/>
    <property name="java.library.path" value="C:\Users\Abdulaziz\.jdks\openjdk-21.0.2\bin;C:\Windows\Sun\Java\bin;C:\Windows\system32;C:\Windows;C:\Python312\Scripts\;C:\Python312\;C:\Program Files\Common Files\Oracle\Java\javapath;C:\Windows\system32;C:\Windows;C:\Windows\System32\Wbem;C:\Windows\System32\WindowsPowerShell\v1.0\;C:\Windows\System32\OpenSSH\;C:\ProgramData\chocolatey\bin;C:\Program Files\nodejs\;C:\Program Files\PuTTY\;C:\Program Files\dotnet\;C:\Program Files\Docker\Docker\resources\bin;C:\Program Files\Git\cmd;C:\Program Files (x86)\Windows Kits\10\Windows Performance Toolkit\;C:\Program Files\Git LFS;C:\Users\Abdulaziz\Documents\flutter\bin;C:\Users\Abdulaziz\AppData\Local\Microsoft\WindowsApps;C:\Program Files\JetBrains\IntelliJ IDEA 2023.3.4\bin;;C:\Users\Abdulaziz\AppData\Local\GitHubDesktop\bin;C:\Users\Abdulaziz\AppData\Local\Programs\Microsoft VS Code\bin;C:\Users\Abdulaziz\AppData\Roaming\npm;C:\tools\dart-sdk\bin;C:\Users\Abdulaziz\AppData\Local\Pub\Cache\bin;C:\Program Files\spring\;C:\Users\Abdulaziz\.dotnet\tools;."/>
    <property name="java.vm.info" value="mixed mode, sharing"/>
    <property name="stderr.encoding" value="Cp1252"/>
    <property name="java.vendor" value="Oracle Corporation"/>
    <property name="java.vm.version" value="21.0.2+13-58"/>
    <property name="sun.io.unicode.encoding" value="UnicodeLittle"/>
    <property name="java.class.version" value="65.0"/>
    <property name="LOGGED_APPLICATION_NAME" value="[habhab-api] "/>
  </properties>
  <testcase name="contextLoads" classname="techsea.habhabapi.HabhabApiApplicationTests" time="0.447">
    <system-out><![CDATA[16:22:50.620 [main] INFO org.springframework.test.context.support.AnnotationConfigContextLoaderUtils -- Could not detect default configuration classes for test class [techsea.habhabapi.HabhabApiApplicationTests]: HabhabApiApplicationTests does not declare any static, non-private, non-final, nested classes annotated with @Configuration.
16:22:50.719 [main] INFO org.springframework.boot.test.context.SpringBootTestContextBootstrapper -- Found @SpringBootConfiguration techsea.habhabapi.HabhabApiApplication for test class techsea.habhabapi.HabhabApiApplicationTests
16:22:50.871 [main] INFO org.springframework.boot.devtools.restart.RestartApplicationListener -- Restart disabled due to context in which it is running
  .   ____          _            __ _ _
 /\\ / ___'_ __ _ _(_)_ __  __ _ \ \ \ \
( ( )\___ | '_ | '_| | '_ \/ _` | \ \ \ \
 \\/  ___)| |_)| | | | | || (_| |  ) ) ) )
  '  |____| .__|_| |_|_| |_\__, | / / / /
 =========|_|==============|___/=/_/_/_/

 :: Spring Boot ::                (v3.3.0)

2024-06-26T16:22:51.115+03:00  INFO 14040 --- [habhab-api] [           main] t.habhabapi.HabhabApiApplicationTests    : Starting HabhabApiApplicationTests using Java 21.0.2 with PID 14040 (started by Abdulaziz in C:\Users\Abdulaziz\Desktop\MyProjects\habhab-api)
2024-06-26T16:22:51.117+03:00  INFO 14040 --- [habhab-api] [           main] t.habhabapi.HabhabApiApplicationTests    : The following 1 profile is active: "dev"
2024-06-26T16:22:52.368+03:00  INFO 14040 --- [habhab-api] [           main] .s.d.r.c.RepositoryConfigurationDelegate : Bootstrapping Spring Data JPA repositories in DEFAULT mode.
2024-06-26T16:22:52.455+03:00  INFO 14040 --- [habhab-api] [           main] .s.d.r.c.RepositoryConfigurationDelegate : Finished Spring Data repository scanning in 80 ms. Found 15 JPA repository interfaces.
2024-06-26T16:22:53.696+03:00  INFO 14040 --- [habhab-api] [           main] o.hibernate.jpa.internal.util.LogHelper  : HHH000204: Processing PersistenceUnitInfo [name: default]
2024-06-26T16:22:53.822+03:00  INFO 14040 --- [habhab-api] [           main] org.hibernate.Version                    : HHH000412: Hibernate ORM core version 6.5.2.Final
2024-06-26T16:22:53.853+03:00  INFO 14040 --- [habhab-api] [           main] o.h.c.internal.RegionFactoryInitiator    : HHH000026: Second-level cache disabled
2024-06-26T16:22:54.204+03:00  INFO 14040 --- [habhab-api] [           main] o.s.o.j.p.SpringPersistenceUnitInfo      : No LoadTimeWeaver setup: ignoring JPA class transformer
2024-06-26T16:22:54.225+03:00  INFO 14040 --- [habhab-api] [           main] com.zaxxer.hikari.HikariDataSource       : HikariPool-1 - Starting...
2024-06-26T16:22:54.394+03:00  INFO 14040 --- [habhab-api] [           main] com.zaxxer.hikari.pool.HikariPool        : HikariPool-1 - Added connection org.postgresql.jdbc.PgConnection@3164d5aa
2024-06-26T16:22:54.395+03:00  INFO 14040 --- [habhab-api] [           main] com.zaxxer.hikari.HikariDataSource       : HikariPool-1 - Start completed.
2024-06-26T16:22:55.722+03:00  INFO 14040 --- [habhab-api] [           main] o.h.e.t.j.p.i.JtaPlatformInitiator       : HHH000489: No JTA platform available (set 'hibernate.transaction.jta.platform' to enable JTA platform integration)
2024-06-26T16:22:56.021+03:00  INFO 14040 --- [habhab-api] [           main] j.LocalContainerEntityManagerFactoryBean : Initialized JPA EntityManagerFactory for persistence unit 'default'
2024-06-26T16:22:58.293+03:00  WARN 14040 --- [habhab-api] [           main] JpaBaseConfiguration$JpaWebConfiguration : spring.jpa.open-in-view is enabled by default. Therefore, database queries may be performed during view rendering. Explicitly configure spring.jpa.open-in-view to disable this warning
2024-06-26T16:22:58.365+03:00  INFO 14040 --- [habhab-api] [           main] r$InitializeUserDetailsManagerConfigurer : Global AuthenticationManager configured with UserDetailsService bean with name authService
2024-06-26T16:22:59.200+03:00  INFO 14040 --- [habhab-api] [           main] o.s.b.a.e.web.EndpointLinksResolver      : Exposing 1 endpoint beneath base path '/actuator'
2024-06-26T16:22:59.345+03:00  INFO 14040 --- [habhab-api] [           main] o.s.s.web.DefaultSecurityFilterChain     : Will secure any request with [org.springframework.security.web.session.DisableEncodeUrlFilter@5e16e521, org.springframework.security.web.context.request.async.WebAsyncManagerIntegrationFilter@51a4472d, org.springframework.security.web.context.SecurityContextHolderFilter@4c627575, org.springframework.security.web.header.HeaderWriterFilter@6efa2e06, org.springframework.web.filter.CorsFilter@5930a229, org.springframework.security.web.authentication.logout.LogoutFilter@11f8d64, techsea.habhabapi.V1.Config.JwtAuthenticationFilter@1160c54b, org.springframework.security.web.savedrequest.RequestCacheAwareFilter@6a7a8e1e, org.springframework.security.web.servletapi.SecurityContextHolderAwareRequestFilter@58477355, org.springframework.security.web.authentication.AnonymousAuthenticationFilter@6bd21eb7, org.springframework.security.web.session.SessionManagementFilter@3ae648d2, org.springframework.security.web.access.ExceptionTranslationFilter@451e8bd0, org.springframework.security.web.access.intercept.AuthorizationFilter@1d3aefd]
2024-06-26T16:23:00.370+03:00  INFO 14040 --- [habhab-api] [           main] o.s.a.r.c.CachingConnectionFactory       : Attempting to connect to: [localhost:5672]
2024-06-26T16:23:00.407+03:00  INFO 14040 --- [habhab-api] [           main] o.s.a.r.c.CachingConnectionFactory       : Created new connection: rabbitConnectionFactory#2527765a:0/SimpleConnection@25a218a [delegate=amqp://guest@127.0.0.1:5672/, localPort=51454]
2024-06-26T16:23:00.516+03:00  INFO 14040 --- [habhab-api] [           main] t.habhabapi.HabhabApiApplicationTests    : Started HabhabApiApplicationTests in 9.666 seconds (process running for 10.512)
2024-06-26T16:23:01.696+03:00  INFO 14040 --- [habhab-api] [           main] techsea.habhabapi.V1.Service.Monday      : {"name":"الأحد","id":1}
2024-06-26T16:23:01.697+03:00  INFO 14040 --- [habhab-api] [   scheduling-1] techsea.habhabapi.V1.Service.Monday      : {"name":"الأحد","id":1}
2024-06-26T16:23:01.699+03:00  INFO 14040 --- [habhab-api] [           main] techsea.habhabapi.V1.Service.Monday      : {"name":"الإثنين","id":2}
2024-06-26T16:23:01.700+03:00  INFO 14040 --- [habhab-api] [   scheduling-1] techsea.habhabapi.V1.Service.Monday      : {"name":"الإثنين","id":2}
2024-06-26T16:23:01.701+03:00  INFO 14040 --- [habhab-api] [           main] techsea.habhabapi.V1.Service.Monday      : {"name":"الثلاثاء","id":3}
2024-06-26T16:23:01.702+03:00  INFO 14040 --- [habhab-api] [   scheduling-1] techsea.habhabapi.V1.Service.Monday      : {"name":"الثلاثاء","id":3}
2024-06-26T16:23:01.702+03:00  INFO 14040 --- [habhab-api] [           main] techsea.habhabapi.V1.Service.Monday      : {"name":"الأربعاء","id":4}
2024-06-26T16:23:01.704+03:00  INFO 14040 --- [habhab-api] [           main] techsea.habhabapi.V1.Service.Monday      : {"name":"الخميس","id":5}
2024-06-26T16:23:01.704+03:00  INFO 14040 --- [habhab-api] [   scheduling-1] techsea.habhabapi.V1.Service.Monday      : {"name":"الأربعاء","id":4}
2024-06-26T16:23:01.706+03:00  INFO 14040 --- [habhab-api] [           main] techsea.habhabapi.V1.Service.Monday      : {"name":"الجمعة","id":6}
2024-06-26T16:23:01.706+03:00  INFO 14040 --- [habhab-api] [   scheduling-1] techsea.habhabapi.V1.Service.Monday      : {"name":"الخميس","id":5}
2024-06-26T16:23:01.708+03:00  INFO 14040 --- [habhab-api] [   scheduling-1] techsea.habhabapi.V1.Service.Monday      : {"name":"الجمعة","id":6}
2024-06-26T16:23:01.708+03:00  INFO 14040 --- [habhab-api] [           main] techsea.habhabapi.V1.Service.Monday      : {"name":"السبت","id":7}
2024-06-26T16:23:01.710+03:00  INFO 14040 --- [habhab-api] [   scheduling-1] techsea.habhabapi.V1.Service.Monday      : {"name":"السبت","id":7}
2024-06-26T16:23:17.728+03:00  WARN 14040 --- [habhab-api] [   scheduling-1] o.h.engine.jdbc.spi.SqlExceptionHelper   : SQL Error: 0, SQLState: 23505
2024-06-26T16:23:17.728+03:00 ERROR 14040 --- [habhab-api] [   scheduling-1] o.h.engine.jdbc.spi.SqlExceptionHelper   : ERROR: duplicate key value violates unique constraint "uk1wdpsed5kna2y38hnbgrnhi5b"
  Detail: Key (name)=(الخطابة) already exists.
Error: could not execute statement [ERROR: duplicate key value violates unique constraint "uk1wdpsed5kna2y38hnbgrnhi5b"
  Detail: Key (name)=(الخطابة) already exists.] [insert into tag (name) values (?) returning id]; SQL [insert into tag (name) values (?) returning id]; constraint [uk1wdpsed5kna2y38hnbgrnhi5b]
2024-06-26T16:23:17.742+03:00 ERROR 14040 --- [habhab-api] [   scheduling-1] o.s.s.s.TaskUtils$LoggingErrorHandler    : Unexpected error occurred in scheduled task

org.springframework.transaction.UnexpectedRollbackException: Transaction silently rolled back because it has been marked as rollback-only
	at org.springframework.transaction.support.AbstractPlatformTransactionManager.processCommit(AbstractPlatformTransactionManager.java:804) ~[spring-tx-6.1.8.jar:6.1.8]
	at org.springframework.transaction.support.AbstractPlatformTransactionManager.commit(AbstractPlatformTransactionManager.java:758) ~[spring-tx-6.1.8.jar:6.1.8]
	at org.springframework.transaction.interceptor.TransactionAspectSupport.commitTransactionAfterReturning(TransactionAspectSupport.java:676) ~[spring-tx-6.1.8.jar:6.1.8]
	at org.springframework.transaction.interceptor.TransactionAspectSupport.invokeWithinTransaction(TransactionAspectSupport.java:426) ~[spring-tx-6.1.8.jar:6.1.8]
	at org.springframework.transaction.interceptor.TransactionInterceptor.invoke(TransactionInterceptor.java:119) ~[spring-tx-6.1.8.jar:6.1.8]
	at org.springframework.aop.framework.ReflectiveMethodInvocation.proceed(ReflectiveMethodInvocation.java:184) ~[spring-aop-6.1.8.jar:6.1.8]
	at org.springframework.aop.framework.CglibAopProxy$CglibMethodInvocation.proceed(CglibAopProxy.java:768) ~[spring-aop-6.1.8.jar:6.1.8]
	at org.springframework.aop.framework.CglibAopProxy$DynamicAdvisedInterceptor.intercept(CglibAopProxy.java:720) ~[spring-aop-6.1.8.jar:6.1.8]
	at techsea.habhabapi.V1.Service.Monday$$SpringCGLIB$$0.queryActivityBoard(<generated>) ~[classes/:na]
	at techsea.habhabapi.V1.Service.Dataload.scheduleFixedRateTask(Dataload.java:22) ~[classes/:na]
	at java.base/jdk.internal.reflect.DirectMethodHandleAccessor.invoke(DirectMethodHandleAccessor.java:103) ~[na:na]
	at java.base/java.lang.reflect.Method.invoke(Method.java:580) ~[na:na]
	at org.springframework.scheduling.support.ScheduledMethodRunnable.runInternal(ScheduledMethodRunnable.java:130) ~[spring-context-6.1.8.jar:6.1.8]
	at org.springframework.scheduling.support.ScheduledMethodRunnable.lambda$run$2(ScheduledMethodRunnable.java:124) ~[spring-context-6.1.8.jar:6.1.8]
	at io.micrometer.observation.Observation.observe(Observation.java:499) ~[micrometer-observation-1.13.0.jar:1.13.0]
	at org.springframework.scheduling.support.ScheduledMethodRunnable.run(ScheduledMethodRunnable.java:124) ~[spring-context-6.1.8.jar:6.1.8]
	at org.springframework.scheduling.support.DelegatingErrorHandlingRunnable.run(DelegatingErrorHandlingRunnable.java:54) ~[spring-context-6.1.8.jar:6.1.8]
	at java.base/java.util.concurrent.Executors$RunnableAdapter.call(Executors.java:572) ~[na:na]
	at java.base/java.util.concurrent.FutureTask.runAndReset(FutureTask.java:358) ~[na:na]
	at java.base/java.util.concurrent.ScheduledThreadPoolExecutor$ScheduledFutureTask.run(ScheduledThreadPoolExecutor.java:305) ~[na:na]
	at java.base/java.util.concurrent.ThreadPoolExecutor.runWorker(ThreadPoolExecutor.java:1144) ~[na:na]
	at java.base/java.util.concurrent.ThreadPoolExecutor$Worker.run(ThreadPoolExecutor.java:642) ~[na:na]
	at java.base/java.lang.Thread.run(Thread.java:1583) ~[na:na]

2024-06-26T16:23:18.244+03:00  INFO 14040 --- [habhab-api] [           main] techsea.habhabapi.V1.Service.Monday      : {"account_id":23739270,"data":{"assets":[{"public_url":"https://prod-euc1-files-monday-com.s3.eu-central-1.amazonaws.com/23739270/resources/50922977/b2a28520-94b0-402d-bf70-d1b668736063-1000x1000-woU3ncCpYE3XRI5qJWK9e5OEF6JEBCOdVpmAFttL.webp?response-content-disposition=attachment&X-Amz-Algorithm=AWS4-HMAC-SHA256&X-Amz-Credential=AKIA4MPVJMFXILAOBJXD%2F20240626%2Feu-central-1%2Fs3%2Faws4_request&X-Amz-Date=20240626T132318Z&X-Amz-Expires=3600&X-Amz-SignedHeaders=host&X-Amz-Signature=ec42f6e2d23ed361b330b14317f8e8bb1c9766f0d3c4a1728b2b313dabb2acc5","name":"b2a28520-94b0-402d-bf70-d1b668736063-1000x1000-woU3ncCpYE3XRI5qJWK9e5OEF6JEBCOdVpmAFttL.webp","id":"50922977"}]}}
2024-06-26T16:23:18.245+03:00  INFO 14040 --- [habhab-api] [           main] techsea.habhabapi.V1.Service.Monday      : https://prod-euc1-files-monday-com.s3.eu-central-1.amazonaws.com/23739270/resources/50922977/b2a28520-94b0-402d-bf70-d1b668736063-1000x1000-woU3ncCpYE3XRI5qJWK9e5OEF6JEBCOdVpmAFttL.webp?response-content-disposition=attachment&X-Amz-Algorithm=AWS4-HMAC-SHA256&X-Amz-Credential=AKIA4MPVJMFXILAOBJXD%2F20240626%2Feu-central-1%2Fs3%2Faws4_request&X-Amz-Date=20240626T132318Z&X-Amz-Expires=3600&X-Amz-SignedHeaders=host&X-Amz-Signature=ec42f6e2d23ed361b330b14317f8e8bb1c9766f0d3c4a1728b2b313dabb2acc5
2024-06-26T16:23:28.233+03:00  INFO 14040 --- [habhab-api] [           main] techsea.habhabapi.V1.Service.Monday      : {"account_id":23739270,"data":{"assets":[{"public_url":"https://prod-euc1-files-monday-com.s3.eu-central-1.amazonaws.com/23739270/resources/50923195/ac56b49c-d30c-4aa7-b581-3f1f3992131a-1000x1000-oLNnbIqvTcwAG2JlKROyfyZxvjRedJVgMx1K4IDJ.webp?response-content-disposition=attachment&X-Amz-Algorithm=AWS4-HMAC-SHA256&X-Amz-Credential=AKIA4MPVJMFXILAOBJXD%2F20240626%2Feu-central-1%2Fs3%2Faws4_request&X-Amz-Date=20240626T132328Z&X-Amz-Expires=3600&X-Amz-SignedHeaders=host&X-Amz-Signature=653e919cd399d84625c0c884108527505eda8ad3a233dd89f63b2e746e0adba9","name":"ac56b49c-d30c-4aa7-b581-3f1f3992131a-1000x1000-oLNnbIqvTcwAG2JlKROyfyZxvjRedJVgMx1K4IDJ.webp","id":"50923195"}]}}
2024-06-26T16:23:28.233+03:00  INFO 14040 --- [habhab-api] [           main] techsea.habhabapi.V1.Service.Monday      : https://prod-euc1-files-monday-com.s3.eu-central-1.amazonaws.com/23739270/resources/50923195/ac56b49c-d30c-4aa7-b581-3f1f3992131a-1000x1000-oLNnbIqvTcwAG2JlKROyfyZxvjRedJVgMx1K4IDJ.webp?response-content-disposition=attachment&X-Amz-Algorithm=AWS4-HMAC-SHA256&X-Amz-Credential=AKIA4MPVJMFXILAOBJXD%2F20240626%2Feu-central-1%2Fs3%2Faws4_request&X-Amz-Date=20240626T132328Z&X-Amz-Expires=3600&X-Amz-SignedHeaders=host&X-Amz-Signature=653e919cd399d84625c0c884108527505eda8ad3a233dd89f63b2e746e0adba9
2024-06-26T16:23:35.384+03:00  INFO 14040 --- [habhab-api] [           main] techsea.habhabapi.V1.Service.Monday      : {"account_id":23739270,"data":{"assets":[{"public_url":"https://prod-euc1-files-monday-com.s3.eu-central-1.amazonaws.com/23739270/resources/51163657/F2DsytTWAAMyqls.jpeg?response-content-disposition=attachment&X-Amz-Algorithm=AWS4-HMAC-SHA256&X-Amz-Credential=AKIA4MPVJMFXILAOBJXD%2F20240626%2Feu-central-1%2Fs3%2Faws4_request&X-Amz-Date=20240626T132335Z&X-Amz-Expires=3600&X-Amz-SignedHeaders=host&X-Amz-Signature=0ad953e5f5201fd3285766ba5792edab34b4ad55bec063faaa155d9a56bd1505","name":"F2DsytTWAAMyqls.jpeg","id":"51163657"}]}}
2024-06-26T16:23:35.384+03:00  INFO 14040 --- [habhab-api] [           main] techsea.habhabapi.V1.Service.Monday      : https://prod-euc1-files-monday-com.s3.eu-central-1.amazonaws.com/23739270/resources/51163657/F2DsytTWAAMyqls.jpeg?response-content-disposition=attachment&X-Amz-Algorithm=AWS4-HMAC-SHA256&X-Amz-Credential=AKIA4MPVJMFXILAOBJXD%2F20240626%2Feu-central-1%2Fs3%2Faws4_request&X-Amz-Date=20240626T132335Z&X-Amz-Expires=3600&X-Amz-SignedHeaders=host&X-Amz-Signature=0ad953e5f5201fd3285766ba5792edab34b4ad55bec063faaa155d9a56bd1505
2024-06-26T16:23:37.359+03:00  INFO 14040 --- [habhab-api] [           main] techsea.habhabapi.V1.Service.Monday      : {"account_id":23739270,"data":{"assets":[{"public_url":"https://prod-euc1-files-monday-com.s3.eu-central-1.amazonaws.com/23739270/resources/51164413/FzM5mH6WwAERu3O.jpeg?response-content-disposition=attachment&X-Amz-Algorithm=AWS4-HMAC-SHA256&X-Amz-Credential=AKIA4MPVJMFXILAOBJXD%2F20240626%2Feu-central-1%2Fs3%2Faws4_request&X-Amz-Date=20240626T132337Z&X-Amz-Expires=3600&X-Amz-SignedHeaders=host&X-Amz-Signature=6a03850e83998c66b9158c003f30b403debde4c244b4c1cfa30a89f1962b3972","name":"FzM5mH6WwAERu3O.jpeg","id":"51164413"}]}}
2024-06-26T16:23:37.359+03:00  INFO 14040 --- [habhab-api] [           main] techsea.habhabapi.V1.Service.Monday      : https://prod-euc1-files-monday-com.s3.eu-central-1.amazonaws.com/23739270/resources/51164413/FzM5mH6WwAERu3O.jpeg?response-content-disposition=attachment&X-Amz-Algorithm=AWS4-HMAC-SHA256&X-Amz-Credential=AKIA4MPVJMFXILAOBJXD%2F20240626%2Feu-central-1%2Fs3%2Faws4_request&X-Amz-Date=20240626T132337Z&X-Amz-Expires=3600&X-Amz-SignedHeaders=host&X-Amz-Signature=6a03850e83998c66b9158c003f30b403debde4c244b4c1cfa30a89f1962b3972
2024-06-26T16:23:39.146+03:00  INFO 14040 --- [habhab-api] [           main] techsea.habhabapi.V1.Service.Monday      : {"account_id":23739270,"data":{"assets":[{"public_url":"https://prod-euc1-files-monday-com.s3.eu-central-1.amazonaws.com/23739270/resources/54150973/unnamed%20%281%29.jpg?response-content-disposition=attachment&X-Amz-Algorithm=AWS4-HMAC-SHA256&X-Amz-Credential=AKIA4MPVJMFXILAOBJXD%2F20240626%2Feu-central-1%2Fs3%2Faws4_request&X-Amz-Date=20240626T132338Z&X-Amz-Expires=3600&X-Amz-SignedHeaders=host&X-Amz-Signature=6c1bf4ead4340a0517c325a72e3d6bd1913aab47750013ba9d818cd71ce5bf1c","name":"unnamed (1).jpg","id":"54150973"}]}}
2024-06-26T16:23:39.146+03:00  INFO 14040 --- [habhab-api] [           main] techsea.habhabapi.V1.Service.Monday      : https://prod-euc1-files-monday-com.s3.eu-central-1.amazonaws.com/23739270/resources/54150973/unnamed%20%281%29.jpg?response-content-disposition=attachment&X-Amz-Algorithm=AWS4-HMAC-SHA256&X-Amz-Credential=AKIA4MPVJMFXILAOBJXD%2F20240626%2Feu-central-1%2Fs3%2Faws4_request&X-Amz-Date=20240626T132338Z&X-Amz-Expires=3600&X-Amz-SignedHeaders=host&X-Amz-Signature=6c1bf4ead4340a0517c325a72e3d6bd1913aab47750013ba9d818cd71ce5bf1c
2024-06-26T16:23:41.460+03:00  INFO 14040 --- [habhab-api] [           main] techsea.habhabapi.V1.Service.Monday      : {"account_id":23739270,"data":{"assets":[{"public_url":"https://prod-euc1-files-monday-com.s3.eu-central-1.amazonaws.com/23739270/resources/51168002/cjtDFIJ0A3ymkqFdE6aJpiWvkkJ9k0MZq2uci8c0.webp?response-content-disposition=attachment&X-Amz-Algorithm=AWS4-HMAC-SHA256&X-Amz-Credential=AKIA4MPVJMFXILAOBJXD%2F20240626%2Feu-central-1%2Fs3%2Faws4_request&X-Amz-Date=20240626T132341Z&X-Amz-Expires=3600&X-Amz-SignedHeaders=host&X-Amz-Signature=b1cfe1c6b3dc68d766dcc827aaa22177f3895eb4b8fe3f97430e80fbdb9ab66a","name":"cjtDFIJ0A3ymkqFdE6aJpiWvkkJ9k0MZq2uci8c0.webp","id":"51168002"}]}}
2024-06-26T16:23:41.460+03:00  INFO 14040 --- [habhab-api] [           main] techsea.habhabapi.V1.Service.Monday      : https://prod-euc1-files-monday-com.s3.eu-central-1.amazonaws.com/23739270/resources/51168002/cjtDFIJ0A3ymkqFdE6aJpiWvkkJ9k0MZq2uci8c0.webp?response-content-disposition=attachment&X-Amz-Algorithm=AWS4-HMAC-SHA256&X-Amz-Credential=AKIA4MPVJMFXILAOBJXD%2F20240626%2Feu-central-1%2Fs3%2Faws4_request&X-Amz-Date=20240626T132341Z&X-Amz-Expires=3600&X-Amz-SignedHeaders=host&X-Amz-Signature=b1cfe1c6b3dc68d766dcc827aaa22177f3895eb4b8fe3f97430e80fbdb9ab66a
2024-06-26T16:23:43.079+03:00  INFO 14040 --- [habhab-api] [           main] techsea.habhabapi.V1.Service.Monday      : {"account_id":23739270,"data":{"assets":[{"public_url":"https://prod-euc1-files-monday-com.s3.eu-central-1.amazonaws.com/23739270/resources/51161245/pVMSZWnPacpxNkteFhA759AftABix82tBfLz0zUg.webp?response-content-disposition=attachment&X-Amz-Algorithm=AWS4-HMAC-SHA256&X-Amz-Credential=AKIA4MPVJMFXILAOBJXD%2F20240626%2Feu-central-1%2Fs3%2Faws4_request&X-Amz-Date=20240626T132342Z&X-Amz-Expires=3600&X-Amz-SignedHeaders=host&X-Amz-Signature=166c5047e645677ce6381bd2b21859b2d771c1f63ef58e1eea5287fbd8879478","name":"pVMSZWnPacpxNkteFhA759AftABix82tBfLz0zUg.webp","id":"51161245"}]}}
2024-06-26T16:23:43.079+03:00  INFO 14040 --- [habhab-api] [           main] techsea.habhabapi.V1.Service.Monday      : https://prod-euc1-files-monday-com.s3.eu-central-1.amazonaws.com/23739270/resources/51161245/pVMSZWnPacpxNkteFhA759AftABix82tBfLz0zUg.webp?response-content-disposition=attachment&X-Amz-Algorithm=AWS4-HMAC-SHA256&X-Amz-Credential=AKIA4MPVJMFXILAOBJXD%2F20240626%2Feu-central-1%2Fs3%2Faws4_request&X-Amz-Date=20240626T132342Z&X-Amz-Expires=3600&X-Amz-SignedHeaders=host&X-Amz-Signature=166c5047e645677ce6381bd2b21859b2d771c1f63ef58e1eea5287fbd8879478
2024-06-26T16:23:46.057+03:00  INFO 14040 --- [habhab-api] [           main] techsea.habhabapi.V1.Service.Monday      : {"account_id":23739270,"data":{"assets":[{"public_url":"https://prod-euc1-files-monday-com.s3.eu-central-1.amazonaws.com/23739270/resources/54555629/1315307468_--.png.31b35bdfb5df40e9abe9204c9f0eba8e.png?response-content-disposition=attachment&X-Amz-Algorithm=AWS4-HMAC-SHA256&X-Amz-Credential=AKIA4MPVJMFXILAOBJXD%2F20240626%2Feu-central-1%2Fs3%2Faws4_request&X-Amz-Date=20240626T132345Z&X-Amz-Expires=3600&X-Amz-SignedHeaders=host&X-Amz-Signature=740949ca6cd422a030437d268452bb426685c922012c636381c0d1002f3a8942","name":"1315307468_--.png.31b35bdfb5df40e9abe9204c9f0eba8e.png","id":"54555629"}]}}
2024-06-26T16:23:46.057+03:00  INFO 14040 --- [habhab-api] [           main] techsea.habhabapi.V1.Service.Monday      : https://prod-euc1-files-monday-com.s3.eu-central-1.amazonaws.com/23739270/resources/54555629/1315307468_--.png.31b35bdfb5df40e9abe9204c9f0eba8e.png?response-content-disposition=attachment&X-Amz-Algorithm=AWS4-HMAC-SHA256&X-Amz-Credential=AKIA4MPVJMFXILAOBJXD%2F20240626%2Feu-central-1%2Fs3%2Faws4_request&X-Amz-Date=20240626T132345Z&X-Amz-Expires=3600&X-Amz-SignedHeaders=host&X-Amz-Signature=740949ca6cd422a030437d268452bb426685c922012c636381c0d1002f3a8942
2024-06-26T16:23:49.619+03:00  INFO 14040 --- [habhab-api] [           main] techsea.habhabapi.V1.Service.Monday      : {"account_id":23739270,"data":{"assets":[{"public_url":"https://prod-euc1-files-monday-com.s3.eu-central-1.amazonaws.com/23739270/resources/54547286/unnamed.jpg?response-content-disposition=attachment&X-Amz-Algorithm=AWS4-HMAC-SHA256&X-Amz-Credential=AKIA4MPVJMFXILAOBJXD%2F20240626%2Feu-central-1%2Fs3%2Faws4_request&X-Amz-Date=20240626T132349Z&X-Amz-Expires=3600&X-Amz-SignedHeaders=host&X-Amz-Signature=0d2ae33273afa6ee04d8272b295512943f81c3ddcb20ca297fee4eeed1eb8e30","name":"unnamed.jpg","id":"54547286"}]}}
2024-06-26T16:23:49.619+03:00  INFO 14040 --- [habhab-api] [           main] techsea.habhabapi.V1.Service.Monday      : https://prod-euc1-files-monday-com.s3.eu-central-1.amazonaws.com/23739270/resources/54547286/unnamed.jpg?response-content-disposition=attachment&X-Amz-Algorithm=AWS4-HMAC-SHA256&X-Amz-Credential=AKIA4MPVJMFXILAOBJXD%2F20240626%2Feu-central-1%2Fs3%2Faws4_request&X-Amz-Date=20240626T132349Z&X-Amz-Expires=3600&X-Amz-SignedHeaders=host&X-Amz-Signature=0d2ae33273afa6ee04d8272b295512943f81c3ddcb20ca297fee4eeed1eb8e30
2024-06-26T16:24:00.703+03:00  INFO 14040 --- [habhab-api] [           main] techsea.habhabapi.V1.Service.Monday      : {"account_id":23739270,"data":{"assets":[{"public_url":"https://prod-euc1-files-monday-com.s3.eu-central-1.amazonaws.com/23739270/resources/54545330/unnamed.jpg?response-content-disposition=attachment&X-Amz-Algorithm=AWS4-HMAC-SHA256&X-Amz-Credential=AKIA4MPVJMFXILAOBJXD%2F20240626%2Feu-central-1%2Fs3%2Faws4_request&X-Amz-Date=20240626T132400Z&X-Amz-Expires=3600&X-Amz-SignedHeaders=host&X-Amz-Signature=fe577093a780471b26572f7a2bf57721be657d12bf6e7dbe268670efbeac47e9","name":"unnamed.jpg","id":"54545330"}]}}
2024-06-26T16:24:00.704+03:00  INFO 14040 --- [habhab-api] [           main] techsea.habhabapi.V1.Service.Monday      : https://prod-euc1-files-monday-com.s3.eu-central-1.amazonaws.com/23739270/resources/54545330/unnamed.jpg?response-content-disposition=attachment&X-Amz-Algorithm=AWS4-HMAC-SHA256&X-Amz-Credential=AKIA4MPVJMFXILAOBJXD%2F20240626%2Feu-central-1%2Fs3%2Faws4_request&X-Amz-Date=20240626T132400Z&X-Amz-Expires=3600&X-Amz-SignedHeaders=host&X-Amz-Signature=fe577093a780471b26572f7a2bf57721be657d12bf6e7dbe268670efbeac47e9
2024-06-26T16:24:04.435+03:00  INFO 14040 --- [habhab-api] [           main] techsea.habhabapi.V1.Service.Monday      : {"account_id":23739270,"data":{"assets":[{"public_url":"https://prod-euc1-files-monday-com.s3.eu-central-1.amazonaws.com/23739270/resources/54542425/unnamed.jpg?response-content-disposition=attachment&X-Amz-Algorithm=AWS4-HMAC-SHA256&X-Amz-Credential=AKIA4MPVJMFXILAOBJXD%2F20240626%2Feu-central-1%2Fs3%2Faws4_request&X-Amz-Date=20240626T132404Z&X-Amz-Expires=3600&X-Amz-SignedHeaders=host&X-Amz-Signature=31fae263c6649a3da57ca399e677cef553e66e48c9b96182d661853ab1e96339","name":"unnamed.jpg","id":"54542425"}]}}
2024-06-26T16:24:04.436+03:00  INFO 14040 --- [habhab-api] [           main] techsea.habhabapi.V1.Service.Monday      : https://prod-euc1-files-monday-com.s3.eu-central-1.amazonaws.com/23739270/resources/54542425/unnamed.jpg?response-content-disposition=attachment&X-Amz-Algorithm=AWS4-HMAC-SHA256&X-Amz-Credential=AKIA4MPVJMFXILAOBJXD%2F20240626%2Feu-central-1%2Fs3%2Faws4_request&X-Amz-Date=20240626T132404Z&X-Amz-Expires=3600&X-Amz-SignedHeaders=host&X-Amz-Signature=31fae263c6649a3da57ca399e677cef553e66e48c9b96182d661853ab1e96339
2024-06-26T16:24:09.100+03:00  INFO 14040 --- [habhab-api] [           main] techsea.habhabapi.V1.Service.Monday      : {"account_id":23739270,"data":{"assets":[{"public_url":"https://prod-euc1-files-monday-com.s3.eu-central-1.amazonaws.com/23739270/resources/54523329/unnamed.jpg?response-content-disposition=attachment&X-Amz-Algorithm=AWS4-HMAC-SHA256&X-Amz-Credential=AKIA4MPVJMFXILAOBJXD%2F20240626%2Feu-central-1%2Fs3%2Faws4_request&X-Amz-Date=20240626T132408Z&X-Amz-Expires=3600&X-Amz-SignedHeaders=host&X-Amz-Signature=09a2f5c60edcb2fe5d0fa22f889a76bf43cd3057fa11e55306a73d1269c3523a","name":"unnamed.jpg","id":"54523329"}]}}
2024-06-26T16:24:09.101+03:00  INFO 14040 --- [habhab-api] [           main] techsea.habhabapi.V1.Service.Monday      : https://prod-euc1-files-monday-com.s3.eu-central-1.amazonaws.com/23739270/resources/54523329/unnamed.jpg?response-content-disposition=attachment&X-Amz-Algorithm=AWS4-HMAC-SHA256&X-Amz-Credential=AKIA4MPVJMFXILAOBJXD%2F20240626%2Feu-central-1%2Fs3%2Faws4_request&X-Amz-Date=20240626T132408Z&X-Amz-Expires=3600&X-Amz-SignedHeaders=host&X-Amz-Signature=09a2f5c60edcb2fe5d0fa22f889a76bf43cd3057fa11e55306a73d1269c3523a
2024-06-26T16:24:13.718+03:00  INFO 14040 --- [habhab-api] [           main] techsea.habhabapi.V1.Service.Monday      : {"account_id":23739270,"data":{"assets":[{"public_url":"https://prod-euc1-files-monday-com.s3.eu-central-1.amazonaws.com/23739270/resources/54385423/1369f333-8dd6-4913-815a-83108634634b.jpg?response-content-disposition=attachment&X-Amz-Algorithm=AWS4-HMAC-SHA256&X-Amz-Credential=AKIA4MPVJMFXILAOBJXD%2F20240626%2Feu-central-1%2Fs3%2Faws4_request&X-Amz-Date=20240626T132413Z&X-Amz-Expires=3600&X-Amz-SignedHeaders=host&X-Amz-Signature=213e78cadf219eabb8c74ffe2ecc0a590caa87cc8257ffe236881cd56ba63a29","name":"1369f333-8dd6-4913-815a-83108634634b.jpg","id":"54385423"}]}}
2024-06-26T16:24:13.718+03:00  INFO 14040 --- [habhab-api] [           main] techsea.habhabapi.V1.Service.Monday      : https://prod-euc1-files-monday-com.s3.eu-central-1.amazonaws.com/23739270/resources/54385423/1369f333-8dd6-4913-815a-83108634634b.jpg?response-content-disposition=attachment&X-Amz-Algorithm=AWS4-HMAC-SHA256&X-Amz-Credential=AKIA4MPVJMFXILAOBJXD%2F20240626%2Feu-central-1%2Fs3%2Faws4_request&X-Amz-Date=20240626T132413Z&X-Amz-Expires=3600&X-Amz-SignedHeaders=host&X-Amz-Signature=213e78cadf219eabb8c74ffe2ecc0a590caa87cc8257ffe236881cd56ba63a29
2024-06-26T16:24:15.281+03:00  INFO 14040 --- [habhab-api] [           main] techsea.habhabapi.V1.Service.Monday      : {"account_id":23739270,"data":{"assets":[{"public_url":"https://prod-euc1-files-monday-com.s3.eu-central-1.amazonaws.com/23739270/resources/54383908/techclub2-1-768x768.jpg?response-content-disposition=attachment&X-Amz-Algorithm=AWS4-HMAC-SHA256&X-Amz-Credential=AKIA4MPVJMFXILAOBJXD%2F20240626%2Feu-central-1%2Fs3%2Faws4_request&X-Amz-Date=20240626T132415Z&X-Amz-Expires=3600&X-Amz-SignedHeaders=host&X-Amz-Signature=26a566b8b614ecb788a6b16d4de6cae79c46fc98eedd0ac043f8716dbc5b73dc","name":"techclub2-1-768x768.jpg","id":"54383908"}]}}
2024-06-26T16:24:15.281+03:00  INFO 14040 --- [habhab-api] [           main] techsea.habhabapi.V1.Service.Monday      : https://prod-euc1-files-monday-com.s3.eu-central-1.amazonaws.com/23739270/resources/54383908/techclub2-1-768x768.jpg?response-content-disposition=attachment&X-Amz-Algorithm=AWS4-HMAC-SHA256&X-Amz-Credential=AKIA4MPVJMFXILAOBJXD%2F20240626%2Feu-central-1%2Fs3%2Faws4_request&X-Amz-Date=20240626T132415Z&X-Amz-Expires=3600&X-Amz-SignedHeaders=host&X-Amz-Signature=26a566b8b614ecb788a6b16d4de6cae79c46fc98eedd0ac043f8716dbc5b73dc
2024-06-26T16:24:18.975+03:00  INFO 14040 --- [habhab-api] [           main] techsea.habhabapi.V1.Service.Monday      : {"account_id":23739270,"data":{"assets":[{"public_url":"https://prod-euc1-files-monday-com.s3.eu-central-1.amazonaws.com/23739270/resources/54382392/b44b425c-8a49-40e9-8b7c-add91d455063.jpg?response-content-disposition=attachment&X-Amz-Algorithm=AWS4-HMAC-SHA256&X-Amz-Credential=AKIA4MPVJMFXILAOBJXD%2F20240626%2Feu-central-1%2Fs3%2Faws4_request&X-Amz-Date=20240626T132418Z&X-Amz-Expires=3600&X-Amz-SignedHeaders=host&X-Amz-Signature=c99821ff9f35470c9bb4a8b6397396618bc5309c8cae3d021115a7394a2901aa","name":"b44b425c-8a49-40e9-8b7c-add91d455063.jpg","id":"54382392"}]}}
2024-06-26T16:24:18.977+03:00  INFO 14040 --- [habhab-api] [           main] techsea.habhabapi.V1.Service.Monday      : https://prod-euc1-files-monday-com.s3.eu-central-1.amazonaws.com/23739270/resources/54382392/b44b425c-8a49-40e9-8b7c-add91d455063.jpg?response-content-disposition=attachment&X-Amz-Algorithm=AWS4-HMAC-SHA256&X-Amz-Credential=AKIA4MPVJMFXILAOBJXD%2F20240626%2Feu-central-1%2Fs3%2Faws4_request&X-Amz-Date=20240626T132418Z&X-Amz-Expires=3600&X-Amz-SignedHeaders=host&X-Amz-Signature=c99821ff9f35470c9bb4a8b6397396618bc5309c8cae3d021115a7394a2901aa
2024-06-26T16:24:24.378+03:00  INFO 14040 --- [habhab-api] [           main] techsea.habhabapi.V1.Service.Monday      : {"account_id":23739270,"data":{"assets":[{"public_url":"https://prod-euc1-files-monday-com.s3.eu-central-1.amazonaws.com/23739270/resources/54382840/65703102-1a5e-4d31-8a43-7d3604c8749d.jpg?response-content-disposition=attachment&X-Amz-Algorithm=AWS4-HMAC-SHA256&X-Amz-Credential=AKIA4MPVJMFXILAOBJXD%2F20240626%2Feu-central-1%2Fs3%2Faws4_request&X-Amz-Date=20240626T132424Z&X-Amz-Expires=3600&X-Amz-SignedHeaders=host&X-Amz-Signature=e216b6f4139468ee1e16bede238ad13cadeb8add70c3a44f1efb0ae96a14d1a2","name":"65703102-1a5e-4d31-8a43-7d3604c8749d.jpg","id":"54382840"}]}}
2024-06-26T16:24:24.379+03:00  INFO 14040 --- [habhab-api] [           main] techsea.habhabapi.V1.Service.Monday      : https://prod-euc1-files-monday-com.s3.eu-central-1.amazonaws.com/23739270/resources/54382840/65703102-1a5e-4d31-8a43-7d3604c8749d.jpg?response-content-disposition=attachment&X-Amz-Algorithm=AWS4-HMAC-SHA256&X-Amz-Credential=AKIA4MPVJMFXILAOBJXD%2F20240626%2Feu-central-1%2Fs3%2Faws4_request&X-Amz-Date=20240626T132424Z&X-Amz-Expires=3600&X-Amz-SignedHeaders=host&X-Amz-Signature=e216b6f4139468ee1e16bede238ad13cadeb8add70c3a44f1efb0ae96a14d1a2
2024-06-26T16:24:27.462+03:00  INFO 14040 --- [habhab-api] [           main] techsea.habhabapi.V1.Service.Monday      : {"account_id":23739270,"data":{"assets":[{"public_url":"https://prod-euc1-files-monday-com.s3.eu-central-1.amazonaws.com/23739270/resources/54358117/5.jpg?response-content-disposition=attachment&X-Amz-Algorithm=AWS4-HMAC-SHA256&X-Amz-Credential=AKIA4MPVJMFXILAOBJXD%2F20240626%2Feu-central-1%2Fs3%2Faws4_request&X-Amz-Date=20240626T132427Z&X-Amz-Expires=3600&X-Amz-SignedHeaders=host&X-Amz-Signature=4dfc0d156949dd5306c9e2c50b8c595fa97c67e8c99b782a1cadbba2231a7ccf","name":"5.jpg","id":"54358117"}]}}
2024-06-26T16:24:27.463+03:00  INFO 14040 --- [habhab-api] [           main] techsea.habhabapi.V1.Service.Monday      : https://prod-euc1-files-monday-com.s3.eu-central-1.amazonaws.com/23739270/resources/54358117/5.jpg?response-content-disposition=attachment&X-Amz-Algorithm=AWS4-HMAC-SHA256&X-Amz-Credential=AKIA4MPVJMFXILAOBJXD%2F20240626%2Feu-central-1%2Fs3%2Faws4_request&X-Amz-Date=20240626T132427Z&X-Amz-Expires=3600&X-Amz-SignedHeaders=host&X-Amz-Signature=4dfc0d156949dd5306c9e2c50b8c595fa97c67e8c99b782a1cadbba2231a7ccf
2024-06-26T16:24:41.521+03:00  INFO 14040 --- [habhab-api] [           main] techsea.habhabapi.V1.Service.Monday      : {"account_id":23739270,"data":{"assets":[{"public_url":"https://prod-euc1-files-monday-com.s3.eu-central-1.amazonaws.com/23739270/resources/54355129/unnamed.jpg?response-content-disposition=attachment&X-Amz-Algorithm=AWS4-HMAC-SHA256&X-Amz-Credential=AKIA4MPVJMFXILAOBJXD%2F20240626%2Feu-central-1%2Fs3%2Faws4_request&X-Amz-Date=20240626T132441Z&X-Amz-Expires=3600&X-Amz-SignedHeaders=host&X-Amz-Signature=0fda165e04ac83563089b0edf2806a13df4a34597662f5ce6e877feadca38b2e","name":"unnamed.jpg","id":"54355129"}]}}
2024-06-26T16:24:41.521+03:00  INFO 14040 --- [habhab-api] [           main] techsea.habhabapi.V1.Service.Monday      : https://prod-euc1-files-monday-com.s3.eu-central-1.amazonaws.com/23739270/resources/54355129/unnamed.jpg?response-content-disposition=attachment&X-Amz-Algorithm=AWS4-HMAC-SHA256&X-Amz-Credential=AKIA4MPVJMFXILAOBJXD%2F20240626%2Feu-central-1%2Fs3%2Faws4_request&X-Amz-Date=20240626T132441Z&X-Amz-Expires=3600&X-Amz-SignedHeaders=host&X-Amz-Signature=0fda165e04ac83563089b0edf2806a13df4a34597662f5ce6e877feadca38b2e
2024-06-26T16:24:43.435+03:00  INFO 14040 --- [habhab-api] [           main] techsea.habhabapi.V1.Service.Monday      : {"account_id":23739270,"data":{"assets":[{"public_url":"https://prod-euc1-files-monday-com.s3.eu-central-1.amazonaws.com/23739270/resources/54191587/unnamed.jpg?response-content-disposition=attachment&X-Amz-Algorithm=AWS4-HMAC-SHA256&X-Amz-Credential=AKIA4MPVJMFXILAOBJXD%2F20240626%2Feu-central-1%2Fs3%2Faws4_request&X-Amz-Date=20240626T132443Z&X-Amz-Expires=3600&X-Amz-SignedHeaders=host&X-Amz-Signature=bd8bf9fde11204a5a4915969f55ec0f63e1fa9443b563cd5bb41e20d2799b476","name":"unnamed.jpg","id":"54191587"}]}}
2024-06-26T16:24:43.435+03:00  INFO 14040 --- [habhab-api] [           main] techsea.habhabapi.V1.Service.Monday      : https://prod-euc1-files-monday-com.s3.eu-central-1.amazonaws.com/23739270/resources/54191587/unnamed.jpg?response-content-disposition=attachment&X-Amz-Algorithm=AWS4-HMAC-SHA256&X-Amz-Credential=AKIA4MPVJMFXILAOBJXD%2F20240626%2Feu-central-1%2Fs3%2Faws4_request&X-Amz-Date=20240626T132443Z&X-Amz-Expires=3600&X-Amz-SignedHeaders=host&X-Amz-Signature=bd8bf9fde11204a5a4915969f55ec0f63e1fa9443b563cd5bb41e20d2799b476
2024-06-26T16:24:44.960+03:00  INFO 14040 --- [habhab-api] [           main] techsea.habhabapi.V1.Service.Monday      : {"account_id":23739270,"data":{"assets":[{"public_url":"https://prod-euc1-files-monday-com.s3.eu-central-1.amazonaws.com/23739270/resources/54190929/unnamed.jpg?response-content-disposition=attachment&X-Amz-Algorithm=AWS4-HMAC-SHA256&X-Amz-Credential=AKIA4MPVJMFXILAOBJXD%2F20240626%2Feu-central-1%2Fs3%2Faws4_request&X-Amz-Date=20240626T132444Z&X-Amz-Expires=3600&X-Amz-SignedHeaders=host&X-Amz-Signature=eef6480f1443dc102de9f829d9a5dccd502aa5bd1757b5ae0673442e76eea821","name":"unnamed.jpg","id":"54190929"}]}}
2024-06-26T16:24:44.960+03:00  INFO 14040 --- [habhab-api] [           main] techsea.habhabapi.V1.Service.Monday      : https://prod-euc1-files-monday-com.s3.eu-central-1.amazonaws.com/23739270/resources/54190929/unnamed.jpg?response-content-disposition=attachment&X-Amz-Algorithm=AWS4-HMAC-SHA256&X-Amz-Credential=AKIA4MPVJMFXILAOBJXD%2F20240626%2Feu-central-1%2Fs3%2Faws4_request&X-Amz-Date=20240626T132444Z&X-Amz-Expires=3600&X-Amz-SignedHeaders=host&X-Amz-Signature=eef6480f1443dc102de9f829d9a5dccd502aa5bd1757b5ae0673442e76eea821
2024-06-26T16:24:46.735+03:00  INFO 14040 --- [habhab-api] [           main] techsea.habhabapi.V1.Service.Monday      : {"account_id":23739270,"data":{"assets":[{"public_url":"https://prod-euc1-files-monday-com.s3.eu-central-1.amazonaws.com/23739270/resources/54319164/INTL-Saudi-Arabia-Riyadh-Top_600x450.jpg?response-content-disposition=attachment&X-Amz-Algorithm=AWS4-HMAC-SHA256&X-Amz-Credential=AKIA4MPVJMFXILAOBJXD%2F20240626%2Feu-central-1%2Fs3%2Faws4_request&X-Amz-Date=20240626T132446Z&X-Amz-Expires=3600&X-Amz-SignedHeaders=host&X-Amz-Signature=11f3ff485aa19eb952cf798887f5bca05f5a04c65593c1c951be1396ad1be8fa","name":"INTL-Saudi-Arabia-Riyadh-Top_600x450.jpg","id":"54319164"}]}}
2024-06-26T16:24:46.735+03:00  INFO 14040 --- [habhab-api] [           main] techsea.habhabapi.V1.Service.Monday      : https://prod-euc1-files-monday-com.s3.eu-central-1.amazonaws.com/23739270/resources/54319164/INTL-Saudi-Arabia-Riyadh-Top_600x450.jpg?response-content-disposition=attachment&X-Amz-Algorithm=AWS4-HMAC-SHA256&X-Amz-Credential=AKIA4MPVJMFXILAOBJXD%2F20240626%2Feu-central-1%2Fs3%2Faws4_request&X-Amz-Date=20240626T132446Z&X-Amz-Expires=3600&X-Amz-SignedHeaders=host&X-Amz-Signature=11f3ff485aa19eb952cf798887f5bca05f5a04c65593c1c951be1396ad1be8fa
2024-06-26T16:24:49.301+03:00  INFO 14040 --- [habhab-api] [           main] techsea.habhabapi.V1.Service.Monday      : {"account_id":23739270,"data":{"assets":[{"public_url":"https://prod-euc1-files-monday-com.s3.eu-central-1.amazonaws.com/23739270/resources/54190569/unnamed.jpg?response-content-disposition=attachment&X-Amz-Algorithm=AWS4-HMAC-SHA256&X-Amz-Credential=AKIA4MPVJMFXILAOBJXD%2F20240626%2Feu-central-1%2Fs3%2Faws4_request&X-Amz-Date=20240626T132449Z&X-Amz-Expires=3600&X-Amz-SignedHeaders=host&X-Amz-Signature=2fbf1ece77cad7bcb512eed7c3b6d65f91a125cd68e941e399ceee4171a2620d","name":"unnamed.jpg","id":"54190569"}]}}
2024-06-26T16:24:49.301+03:00  INFO 14040 --- [habhab-api] [           main] techsea.habhabapi.V1.Service.Monday      : https://prod-euc1-files-monday-com.s3.eu-central-1.amazonaws.com/23739270/resources/54190569/unnamed.jpg?response-content-disposition=attachment&X-Amz-Algorithm=AWS4-HMAC-SHA256&X-Amz-Credential=AKIA4MPVJMFXILAOBJXD%2F20240626%2Feu-central-1%2Fs3%2Faws4_request&X-Amz-Date=20240626T132449Z&X-Amz-Expires=3600&X-Amz-SignedHeaders=host&X-Amz-Signature=2fbf1ece77cad7bcb512eed7c3b6d65f91a125cd68e941e399ceee4171a2620d
2024-06-26T16:24:50.898+03:00  INFO 14040 --- [habhab-api] [           main] techsea.habhabapi.V1.Service.Monday      : {"account_id":23739270,"data":{"assets":[{"public_url":"https://prod-euc1-files-monday-com.s3.eu-central-1.amazonaws.com/23739270/resources/54172700/0.jpg?response-content-disposition=attachment&X-Amz-Algorithm=AWS4-HMAC-SHA256&X-Amz-Credential=AKIA4MPVJMFXILAOBJXD%2F20240626%2Feu-central-1%2Fs3%2Faws4_request&X-Amz-Date=20240626T132450Z&X-Amz-Expires=3600&X-Amz-SignedHeaders=host&X-Amz-Signature=746c2d6619e984239f7e0e09b9e6e5db068a554ee16563705ca2ba42ed8c6832","name":"0.jpg","id":"54172700"}]}}
2024-06-26T16:24:50.900+03:00  INFO 14040 --- [habhab-api] [           main] techsea.habhabapi.V1.Service.Monday      : https://prod-euc1-files-monday-com.s3.eu-central-1.amazonaws.com/23739270/resources/54172700/0.jpg?response-content-disposition=attachment&X-Amz-Algorithm=AWS4-HMAC-SHA256&X-Amz-Credential=AKIA4MPVJMFXILAOBJXD%2F20240626%2Feu-central-1%2Fs3%2Faws4_request&X-Amz-Date=20240626T132450Z&X-Amz-Expires=3600&X-Amz-SignedHeaders=host&X-Amz-Signature=746c2d6619e984239f7e0e09b9e6e5db068a554ee16563705ca2ba42ed8c6832
2024-06-26T16:24:53.729+03:00  INFO 14040 --- [habhab-api] [           main] techsea.habhabapi.V1.Service.Monday      : {"account_id":23739270,"data":{"assets":[{"public_url":"https://prod-euc1-files-monday-com.s3.eu-central-1.amazonaws.com/23739270/resources/54150914/Download.mp4?response-content-disposition=attachment&X-Amz-Algorithm=AWS4-HMAC-SHA256&X-Amz-Credential=AKIA4MPVJMFXILAOBJXD%2F20240626%2Feu-central-1%2Fs3%2Faws4_request&X-Amz-Date=20240626T132453Z&X-Amz-Expires=3600&X-Amz-SignedHeaders=host&X-Amz-Signature=4ae51ef533d49a2b9398b046e07f326ae568610985dae6f62fc8c22370267d81","name":"Download.mp4","id":"54150914"}]}}
2024-06-26T16:24:53.729+03:00  INFO 14040 --- [habhab-api] [           main] techsea.habhabapi.V1.Service.Monday      : https://prod-euc1-files-monday-com.s3.eu-central-1.amazonaws.com/23739270/resources/54150914/Download.mp4?response-content-disposition=attachment&X-Amz-Algorithm=AWS4-HMAC-SHA256&X-Amz-Credential=AKIA4MPVJMFXILAOBJXD%2F20240626%2Feu-central-1%2Fs3%2Faws4_request&X-Amz-Date=20240626T132453Z&X-Amz-Expires=3600&X-Amz-SignedHeaders=host&X-Amz-Signature=4ae51ef533d49a2b9398b046e07f326ae568610985dae6f62fc8c22370267d81
2024-06-26T16:25:03.334+03:00  INFO 14040 --- [habhab-api] [           main] techsea.habhabapi.V1.Service.Monday      : {"account_id":23739270,"data":{"assets":[{"public_url":"https://prod-euc1-files-monday-com.s3.eu-central-1.amazonaws.com/23739270/resources/54151393/image_123650291%20%281%29.JPG?response-content-disposition=attachment&X-Amz-Algorithm=AWS4-HMAC-SHA256&X-Amz-Credential=AKIA4MPVJMFXILAOBJXD%2F20240626%2Feu-central-1%2Fs3%2Faws4_request&X-Amz-Date=20240626T132503Z&X-Amz-Expires=3600&X-Amz-SignedHeaders=host&X-Amz-Signature=6628cb28d6e216aee12c4105c2d54390c97bd78f1618f41cc92513ddc91f359a","name":"image_123650291 (1).JPG","id":"54151393"}]}}
2024-06-26T16:25:03.334+03:00  INFO 14040 --- [habhab-api] [           main] techsea.habhabapi.V1.Service.Monday      : https://prod-euc1-files-monday-com.s3.eu-central-1.amazonaws.com/23739270/resources/54151393/image_123650291%20%281%29.JPG?response-content-disposition=attachment&X-Amz-Algorithm=AWS4-HMAC-SHA256&X-Amz-Credential=AKIA4MPVJMFXILAOBJXD%2F20240626%2Feu-central-1%2Fs3%2Faws4_request&X-Amz-Date=20240626T132503Z&X-Amz-Expires=3600&X-Amz-SignedHeaders=host&X-Amz-Signature=6628cb28d6e216aee12c4105c2d54390c97bd78f1618f41cc92513ddc91f359a
2024-06-26T16:25:09.635+03:00  INFO 14040 --- [habhab-api] [           main] techsea.habhabapi.V1.Service.Monday      : {"account_id":23739270,"data":{"assets":[{"public_url":"https://prod-euc1-files-monday-com.s3.eu-central-1.amazonaws.com/23739270/resources/54150944/image_123650291.JPG?response-content-disposition=attachment&X-Amz-Algorithm=AWS4-HMAC-SHA256&X-Amz-Credential=AKIA4MPVJMFXILAOBJXD%2F20240626%2Feu-central-1%2Fs3%2Faws4_request&X-Amz-Date=20240626T132509Z&X-Amz-Expires=3600&X-Amz-SignedHeaders=host&X-Amz-Signature=5ee34a77109933f4ee9af5a4d316b5eb98e3aed4663895074a9ba333d3715ae2","name":"image_123650291.JPG","id":"54150944"}]}}
2024-06-26T16:25:09.635+03:00  INFO 14040 --- [habhab-api] [           main] techsea.habhabapi.V1.Service.Monday      : https://prod-euc1-files-monday-com.s3.eu-central-1.amazonaws.com/23739270/resources/54150944/image_123650291.JPG?response-content-disposition=attachment&X-Amz-Algorithm=AWS4-HMAC-SHA256&X-Amz-Credential=AKIA4MPVJMFXILAOBJXD%2F20240626%2Feu-central-1%2Fs3%2Faws4_request&X-Amz-Date=20240626T132509Z&X-Amz-Expires=3600&X-Amz-SignedHeaders=host&X-Amz-Signature=5ee34a77109933f4ee9af5a4d316b5eb98e3aed4663895074a9ba333d3715ae2
]]></system-out>
    <system-err><![CDATA[WARNING: A Java agent has been loaded dynamically (C:\Users\Abdulaziz\.m2\repository\net\bytebuddy\byte-buddy-agent\1.14.16\byte-buddy-agent-1.14.16.jar)
WARNING: If a serviceability tool is in use, please run with -XX:+EnableDynamicAgentLoading to hide this warning
WARNING: If a serviceability tool is not in use, please run with -Djdk.instrument.traceUsage for more information
WARNING: Dynamic loading of agents will be disallowed by default in a future release
]]></system-err>
  </testcase>
</testsuite>