<?xml version="1.0" encoding="UTF-8"?>
<testsuite xmlns:xsi="http://www.w3.org/2001/XMLSchema-instance" xsi:noNamespaceSchemaLocation="https://maven.apache.org/surefire/maven-surefire-plugin/xsd/surefire-test-report-3.0.xsd" version="3.0" name="techsea.habhabapi.HabhabApiApplicationTests" time="6.827" tests="1" errors="0" skipped="0" failures="0">
  <properties>
    <property name="java.specification.version" value="22"/>
    <property name="sun.jnu.encoding" value="UTF-8"/>
    <property name="java.class.path" value="/Users/abdualzizalosaimi/Desktop/MyProject/habhab-api/target/test-classes:/Users/abdualzizalosaimi/Desktop/MyProject/habhab-api/target/classes:/Users/abdualzizalosaimi/.m2/repository/org/springframework/boot/spring-boot-starter-actuator/3.3.0/spring-boot-starter-actuator-3.3.0.jar:/Users/abdualzizalosaimi/.m2/repository/org/springframework/boot/spring-boot-starter/3.3.0/spring-boot-starter-3.3.0.jar:/Users/abdualzizalosaimi/.m2/repository/org/springframework/boot/spring-boot-starter-logging/3.3.0/spring-boot-starter-logging-3.3.0.jar:/Users/abdualzizalosaimi/.m2/repository/ch/qos/logback/logback-classic/1.5.6/logback-classic-1.5.6.jar:/Users/abdualzizalosaimi/.m2/repository/ch/qos/logback/logback-core/1.5.6/logback-core-1.5.6.jar:/Users/abdualzizalosaimi/.m2/repository/org/apache/logging/log4j/log4j-to-slf4j/2.23.1/log4j-to-slf4j-2.23.1.jar:/Users/abdualzizalosaimi/.m2/repository/org/apache/logging/log4j/log4j-api/2.23.1/log4j-api-2.23.1.jar:/Users/abdualzizalosaimi/.m2/repository/org/slf4j/jul-to-slf4j/2.0.13/jul-to-slf4j-2.0.13.jar:/Users/abdualzizalosaimi/.m2/repository/jakarta/annotation/jakarta.annotation-api/2.1.1/jakarta.annotation-api-2.1.1.jar:/Users/abdualzizalosaimi/.m2/repository/org/yaml/snakeyaml/2.2/snakeyaml-2.2.jar:/Users/abdualzizalosaimi/.m2/repository/org/springframework/boot/spring-boot-actuator-autoconfigure/3.3.0/spring-boot-actuator-autoconfigure-3.3.0.jar:/Users/abdualzizalosaimi/.m2/repository/org/springframework/boot/spring-boot-actuator/3.3.0/spring-boot-actuator-3.3.0.jar:/Users/abdualzizalosaimi/.m2/repository/com/fasterxml/jackson/core/jackson-databind/2.17.1/jackson-databind-2.17.1.jar:/Users/abdualzizalosaimi/.m2/repository/com/fasterxml/jackson/core/jackson-annotations/2.17.1/jackson-annotations-2.17.1.jar:/Users/abdualzizalosaimi/.m2/repository/com/fasterxml/jackson/core/jackson-core/2.17.1/jackson-core-2.17.1.jar:/Users/abdualzizalosaimi/.m2/repository/com/fasterxml/jackson/datatype/jackson-datatype-jsr310/2.17.1/jackson-datatype-jsr310-2.17.1.jar:/Users/abdualzizalosaimi/.m2/repository/io/micrometer/micrometer-observation/1.13.0/micrometer-observation-1.13.0.jar:/Users/abdualzizalosaimi/.m2/repository/io/micrometer/micrometer-commons/1.13.0/micrometer-commons-1.13.0.jar:/Users/abdualzizalosaimi/.m2/repository/io/micrometer/micrometer-jakarta9/1.13.0/micrometer-jakarta9-1.13.0.jar:/Users/abdualzizalosaimi/.m2/repository/io/micrometer/micrometer-core/1.13.0/micrometer-core-1.13.0.jar:/Users/abdualzizalosaimi/.m2/repository/org/hdrhistogram/HdrHistogram/2.2.1/HdrHistogram-2.2.1.jar:/Users/abdualzizalosaimi/.m2/repository/org/latencyutils/LatencyUtils/2.0.3/LatencyUtils-2.0.3.jar:/Users/abdualzizalosaimi/.m2/repository/org/springframework/boot/spring-boot-starter-data-jpa/3.3.0/spring-boot-starter-data-jpa-3.3.0.jar:/Users/abdualzizalosaimi/.m2/repository/org/springframework/boot/spring-boot-starter-aop/3.3.0/spring-boot-starter-aop-3.3.0.jar:/Users/abdualzizalosaimi/.m2/repository/org/aspectj/aspectjweaver/1.9.22/aspectjweaver-1.9.22.jar:/Users/abdualzizalosaimi/.m2/repository/org/springframework/boot/spring-boot-starter-jdbc/3.3.0/spring-boot-starter-jdbc-3.3.0.jar:/Users/abdualzizalosaimi/.m2/repository/com/zaxxer/HikariCP/5.1.0/HikariCP-5.1.0.jar:/Users/abdualzizalosaimi/.m2/repository/org/springframework/spring-jdbc/6.1.8/spring-jdbc-6.1.8.jar:/Users/abdualzizalosaimi/.m2/repository/org/hibernate/orm/hibernate-core/6.5.2.Final/hibernate-core-6.5.2.Final.jar:/Users/abdualzizalosaimi/.m2/repository/jakarta/persistence/jakarta.persistence-api/3.1.0/jakarta.persistence-api-3.1.0.jar:/Users/abdualzizalosaimi/.m2/repository/jakarta/transaction/jakarta.transaction-api/2.0.1/jakarta.transaction-api-2.0.1.jar:/Users/abdualzizalosaimi/.m2/repository/org/jboss/logging/jboss-logging/3.5.3.Final/jboss-logging-3.5.3.Final.jar:/Users/abdualzizalosaimi/.m2/repository/org/hibernate/common/hibernate-commons-annotations/6.0.6.Final/hibernate-commons-annotations-6.0.6.Final.jar:/Users/abdualzizalosaimi/.m2/repository/io/smallrye/jandex/3.1.2/jandex-3.1.2.jar:/Users/abdualzizalosaimi/.m2/repository/com/fasterxml/classmate/1.7.0/classmate-1.7.0.jar:/Users/abdualzizalosaimi/.m2/repository/net/bytebuddy/byte-buddy/1.14.16/byte-buddy-1.14.16.jar:/Users/abdualzizalosaimi/.m2/repository/org/glassfish/jaxb/jaxb-runtime/4.0.5/jaxb-runtime-4.0.5.jar:/Users/abdualzizalosaimi/.m2/repository/org/glassfish/jaxb/jaxb-core/4.0.5/jaxb-core-4.0.5.jar:/Users/abdualzizalosaimi/.m2/repository/org/eclipse/angus/angus-activation/2.0.2/angus-activation-2.0.2.jar:/Users/abdualzizalosaimi/.m2/repository/org/glassfish/jaxb/txw2/4.0.5/txw2-4.0.5.jar:/Users/abdualzizalosaimi/.m2/repository/com/sun/istack/istack-commons-runtime/4.1.2/istack-commons-runtime-4.1.2.jar:/Users/abdualzizalosaimi/.m2/repository/jakarta/inject/jakarta.inject-api/2.0.1/jakarta.inject-api-2.0.1.jar:/Users/abdualzizalosaimi/.m2/repository/org/antlr/antlr4-runtime/4.13.0/antlr4-runtime-4.13.0.jar:/Users/abdualzizalosaimi/.m2/repository/org/springframework/data/spring-data-jpa/3.3.0/spring-data-jpa-3.3.0.jar:/Users/abdualzizalosaimi/.m2/repository/org/springframework/data/spring-data-commons/3.3.0/spring-data-commons-3.3.0.jar:/Users/abdualzizalosaimi/.m2/repository/org/springframework/spring-orm/6.1.8/spring-orm-6.1.8.jar:/Users/abdualzizalosaimi/.m2/repository/org/springframework/spring-context/6.1.8/spring-context-6.1.8.jar:/Users/abdualzizalosaimi/.m2/repository/org/springframework/spring-tx/6.1.8/spring-tx-6.1.8.jar:/Users/abdualzizalosaimi/.m2/repository/org/springframework/spring-beans/6.1.8/spring-beans-6.1.8.jar:/Users/abdualzizalosaimi/.m2/repository/org/springframework/spring-aspects/6.1.8/spring-aspects-6.1.8.jar:/Users/abdualzizalosaimi/.m2/repository/org/springframework/boot/spring-boot-starter-security/3.3.0/spring-boot-starter-security-3.3.0.jar:/Users/abdualzizalosaimi/.m2/repository/org/springframework/spring-aop/6.1.8/spring-aop-6.1.8.jar:/Users/abdualzizalosaimi/.m2/repository/org/springframework/security/spring-security-config/6.3.0/spring-security-config-6.3.0.jar:/Users/abdualzizalosaimi/.m2/repository/org/springframework/security/spring-security-web/6.3.0/spring-security-web-6.3.0.jar:/Users/abdualzizalosaimi/.m2/repository/org/springframework/spring-expression/6.1.8/spring-expression-6.1.8.jar:/Users/abdualzizalosaimi/.m2/repository/org/springframework/boot/spring-boot-starter-web/3.3.0/spring-boot-starter-web-3.3.0.jar:/Users/abdualzizalosaimi/.m2/repository/org/springframework/boot/spring-boot-starter-json/3.3.0/spring-boot-starter-json-3.3.0.jar:/Users/abdualzizalosaimi/.m2/repository/com/fasterxml/jackson/datatype/jackson-datatype-jdk8/2.17.1/jackson-datatype-jdk8-2.17.1.jar:/Users/abdualzizalosaimi/.m2/repository/com/fasterxml/jackson/module/jackson-module-parameter-names/2.17.1/jackson-module-parameter-names-2.17.1.jar:/Users/abdualzizalosaimi/.m2/repository/org/springframework/boot/spring-boot-starter-tomcat/3.3.0/spring-boot-starter-tomcat-3.3.0.jar:/Users/abdualzizalosaimi/.m2/repository/org/apache/tomcat/embed/tomcat-embed-core/10.1.24/tomcat-embed-core-10.1.24.jar:/Users/abdualzizalosaimi/.m2/repository/org/apache/tomcat/embed/tomcat-embed-el/10.1.24/tomcat-embed-el-10.1.24.jar:/Users/abdualzizalosaimi/.m2/repository/org/apache/tomcat/embed/tomcat-embed-websocket/10.1.24/tomcat-embed-websocket-10.1.24.jar:/Users/abdualzizalosaimi/.m2/repository/org/springframework/spring-web/6.1.8/spring-web-6.1.8.jar:/Users/abdualzizalosaimi/.m2/repository/org/springframework/spring-webmvc/6.1.8/spring-webmvc-6.1.8.jar:/Users/abdualzizalosaimi/.m2/repository/org/springframework/boot/spring-boot-devtools/3.3.0/spring-boot-devtools-3.3.0.jar:/Users/abdualzizalosaimi/.m2/repository/org/springframework/boot/spring-boot/3.3.0/spring-boot-3.3.0.jar:/Users/abdualzizalosaimi/.m2/repository/org/springframework/boot/spring-boot-autoconfigure/3.3.0/spring-boot-autoconfigure-3.3.0.jar:/Users/abdualzizalosaimi/.m2/repository/org/postgresql/postgresql/42.7.3/postgresql-42.7.3.jar:/Users/abdualzizalosaimi/.m2/repository/org/checkerframework/checker-qual/3.42.0/checker-qual-3.42.0.jar:/Users/abdualzizalosaimi/.m2/repository/org/projectlombok/lombok/1.18.32/lombok-1.18.32.jar:/Users/abdualzizalosaimi/.m2/repository/org/springframework/boot/spring-boot-starter-test/3.3.0/spring-boot-starter-test-3.3.0.jar:/Users/abdualzizalosaimi/.m2/repository/org/springframework/boot/spring-boot-test/3.3.0/spring-boot-test-3.3.0.jar:/Users/abdualzizalosaimi/.m2/repository/org/springframework/boot/spring-boot-test-autoconfigure/3.3.0/spring-boot-test-autoconfigure-3.3.0.jar:/Users/abdualzizalosaimi/.m2/repository/com/jayway/jsonpath/json-path/2.9.0/json-path-2.9.0.jar:/Users/abdualzizalosaimi/.m2/repository/jakarta/xml/bind/jakarta.xml.bind-api/4.0.2/jakarta.xml.bind-api-4.0.2.jar:/Users/abdualzizalosaimi/.m2/repository/jakarta/activation/jakarta.activation-api/2.1.3/jakarta.activation-api-2.1.3.jar:/Users/abdualzizalosaimi/.m2/repository/net/minidev/json-smart/2.5.1/json-smart-2.5.1.jar:/Users/abdualzizalosaimi/.m2/repository/net/minidev/accessors-smart/2.5.1/accessors-smart-2.5.1.jar:/Users/abdualzizalosaimi/.m2/repository/org/ow2/asm/asm/9.6/asm-9.6.jar:/Users/abdualzizalosaimi/.m2/repository/org/assertj/assertj-core/3.25.3/assertj-core-3.25.3.jar:/Users/abdualzizalosaimi/.m2/repository/org/awaitility/awaitility/4.2.1/awaitility-4.2.1.jar:/Users/abdualzizalosaimi/.m2/repository/org/hamcrest/hamcrest/2.2/hamcrest-2.2.jar:/Users/abdualzizalosaimi/.m2/repository/org/junit/jupiter/junit-jupiter/5.10.2/junit-jupiter-5.10.2.jar:/Users/abdualzizalosaimi/.m2/repository/org/junit/jupiter/junit-jupiter-api/5.10.2/junit-jupiter-api-5.10.2.jar:/Users/abdualzizalosaimi/.m2/repository/org/opentest4j/opentest4j/1.3.0/opentest4j-1.3.0.jar:/Users/abdualzizalosaimi/.m2/repository/org/junit/platform/junit-platform-commons/1.10.2/junit-platform-commons-1.10.2.jar:/Users/abdualzizalosaimi/.m2/repository/org/apiguardian/apiguardian-api/1.1.2/apiguardian-api-1.1.2.jar:/Users/abdualzizalosaimi/.m2/repository/org/junit/jupiter/junit-jupiter-params/5.10.2/junit-jupiter-params-5.10.2.jar:/Users/abdualzizalosaimi/.m2/repository/org/junit/jupiter/junit-jupiter-engine/5.10.2/junit-jupiter-engine-5.10.2.jar:/Users/abdualzizalosaimi/.m2/repository/org/junit/platform/junit-platform-engine/1.10.2/junit-platform-engine-1.10.2.jar:/Users/abdualzizalosaimi/.m2/repository/org/mockito/mockito-core/5.11.0/mockito-core-5.11.0.jar:/Users/abdualzizalosaimi/.m2/repository/net/bytebuddy/byte-buddy-agent/1.14.16/byte-buddy-agent-1.14.16.jar:/Users/abdualzizalosaimi/.m2/repository/org/objenesis/objenesis/3.3/objenesis-3.3.jar:/Users/abdualzizalosaimi/.m2/repository/org/mockito/mockito-junit-jupiter/5.11.0/mockito-junit-jupiter-5.11.0.jar:/Users/abdualzizalosaimi/.m2/repository/org/skyscreamer/jsonassert/1.5.1/jsonassert-1.5.1.jar:/Users/abdualzizalosaimi/.m2/repository/org/springframework/spring-core/6.1.8/spring-core-6.1.8.jar:/Users/abdualzizalosaimi/.m2/repository/org/springframework/spring-jcl/6.1.8/spring-jcl-6.1.8.jar:/Users/abdualzizalosaimi/.m2/repository/org/springframework/spring-test/6.1.8/spring-test-6.1.8.jar:/Users/abdualzizalosaimi/.m2/repository/org/xmlunit/xmlunit-core/2.9.1/xmlunit-core-2.9.1.jar:/Users/abdualzizalosaimi/.m2/repository/org/springframework/security/spring-security-test/6.3.0/spring-security-test-6.3.0.jar:/Users/abdualzizalosaimi/.m2/repository/org/springframework/security/spring-security-core/6.3.0/spring-security-core-6.3.0.jar:/Users/abdualzizalosaimi/.m2/repository/org/springframework/security/spring-security-crypto/6.3.0/spring-security-crypto-6.3.0.jar:/Users/abdualzizalosaimi/.m2/repository/org/json/json/20240303/json-20240303.jar:/Users/abdualzizalosaimi/.m2/repository/org/springdoc/springdoc-openapi-starter-webmvc-ui/2.5.0/springdoc-openapi-starter-webmvc-ui-2.5.0.jar:/Users/abdualzizalosaimi/.m2/repository/org/springdoc/springdoc-openapi-starter-webmvc-api/2.5.0/springdoc-openapi-starter-webmvc-api-2.5.0.jar:/Users/abdualzizalosaimi/.m2/repository/org/springdoc/springdoc-openapi-starter-common/2.5.0/springdoc-openapi-starter-common-2.5.0.jar:/Users/abdualzizalosaimi/.m2/repository/io/swagger/core/v3/swagger-core-jakarta/2.2.21/swagger-core-jakarta-2.2.21.jar:/Users/abdualzizalosaimi/.m2/repository/org/apache/commons/commons-lang3/3.14.0/commons-lang3-3.14.0.jar:/Users/abdualzizalosaimi/.m2/repository/io/swagger/core/v3/swagger-annotations-jakarta/2.2.21/swagger-annotations-jakarta-2.2.21.jar:/Users/abdualzizalosaimi/.m2/repository/io/swagger/core/v3/swagger-models-jakarta/2.2.21/swagger-models-jakarta-2.2.21.jar:/Users/abdualzizalosaimi/.m2/repository/jakarta/validation/jakarta.validation-api/3.0.2/jakarta.validation-api-3.0.2.jar:/Users/abdualzizalosaimi/.m2/repository/com/fasterxml/jackson/dataformat/jackson-dataformat-yaml/2.17.1/jackson-dataformat-yaml-2.17.1.jar:/Users/abdualzizalosaimi/.m2/repository/org/webjars/swagger-ui/5.13.0/swagger-ui-5.13.0.jar:/Users/abdualzizalosaimi/.m2/repository/com/nimbusds/nimbus-jose-jwt/9.37.3/nimbus-jose-jwt-9.37.3.jar:/Users/abdualzizalosaimi/.m2/repository/com/github/stephenc/jcip/jcip-annotations/1.0-1/jcip-annotations-1.0-1.jar:/Users/abdualzizalosaimi/.m2/repository/org/apache/httpcomponents/httpclient/4.5.14/httpclient-4.5.14.jar:/Users/abdualzizalosaimi/.m2/repository/org/apache/httpcomponents/httpcore/4.4.16/httpcore-4.4.16.jar:/Users/abdualzizalosaimi/.m2/repository/commons-logging/commons-logging/1.2/commons-logging-1.2.jar:/Users/abdualzizalosaimi/.m2/repository/commons-codec/commons-codec/1.16.1/commons-codec-1.16.1.jar:/Users/abdualzizalosaimi/.m2/repository/org/springframework/boot/spring-boot-starter-amqp/3.3.0/spring-boot-starter-amqp-3.3.0.jar:/Users/abdualzizalosaimi/.m2/repository/org/springframework/spring-messaging/6.1.8/spring-messaging-6.1.8.jar:/Users/abdualzizalosaimi/.m2/repository/org/springframework/amqp/spring-rabbit/3.1.5/spring-rabbit-3.1.5.jar:/Users/abdualzizalosaimi/.m2/repository/org/springframework/amqp/spring-amqp/3.1.5/spring-amqp-3.1.5.jar:/Users/abdualzizalosaimi/.m2/repository/org/springframework/retry/spring-retry/2.0.6/spring-retry-2.0.6.jar:/Users/abdualzizalosaimi/.m2/repository/com/rabbitmq/amqp-client/5.21.0/amqp-client-5.21.0.jar:/Users/abdualzizalosaimi/.m2/repository/org/springframework/amqp/spring-rabbit-test/3.1.5/spring-rabbit-test-3.1.5.jar:/Users/abdualzizalosaimi/.m2/repository/org/springframework/amqp/spring-rabbit-junit/3.1.5/spring-rabbit-junit-3.1.5.jar:/Users/abdualzizalosaimi/.m2/repository/org/hamcrest/hamcrest-library/2.2/hamcrest-library-2.2.jar:/Users/abdualzizalosaimi/.m2/repository/org/hamcrest/hamcrest-core/2.2/hamcrest-core-2.2.jar:/Users/abdualzizalosaimi/.m2/repository/org/springframework/boot/spring-boot-starter-thymeleaf/3.3.0/spring-boot-starter-thymeleaf-3.3.0.jar:/Users/abdualzizalosaimi/.m2/repository/org/thymeleaf/thymeleaf-spring6/3.1.2.RELEASE/thymeleaf-spring6-3.1.2.RELEASE.jar:/Users/abdualzizalosaimi/.m2/repository/org/thymeleaf/thymeleaf/3.1.2.RELEASE/thymeleaf-3.1.2.RELEASE.jar:/Users/abdualzizalosaimi/.m2/repository/org/attoparser/attoparser/2.0.7.RELEASE/attoparser-2.0.7.RELEASE.jar:/Users/abdualzizalosaimi/.m2/repository/org/unbescape/unbescape/1.1.6.RELEASE/unbescape-1.1.6.RELEASE.jar:/Users/abdualzizalosaimi/.m2/repository/org/thymeleaf/extras/thymeleaf-extras-springsecurity6/3.1.2.RELEASE/thymeleaf-extras-springsecurity6-3.1.2.RELEASE.jar:/Users/abdualzizalosaimi/.m2/repository/org/slf4j/slf4j-api/2.0.13/slf4j-api-2.0.13.jar:"/>
    <property name="java.vm.vendor" value="Oracle Corporation"/>
    <property name="sun.arch.data.model" value="64"/>
    <property name="java.vendor.url" value="https://java.oracle.com/"/>
    <property name="user.timezone" value="Asia/Riyadh"/>
    <property name="org.jboss.logging.provider" value="slf4j"/>
    <property name="os.name" value="Mac OS X"/>
    <property name="java.vm.specification.version" value="22"/>
    <property name="sun.java.launcher" value="SUN_STANDARD"/>
    <property name="user.country" value="SA"/>
    <property name="sun.boot.library.path" value="/Users/abdualzizalosaimi/Library/Java/JavaVirtualMachines/openjdk-22.0.1/Contents/Home/lib"/>
    <property name="sun.java.command" value="/Users/abdualzizalosaimi/Desktop/MyProject/habhab-api/target/surefire/surefirebooter-20240628124725748_3.jar /Users/abdualzizalosaimi/Desktop/MyProject/habhab-api/target/surefire 2024-06-28T12-47-25_713-jvmRun1 surefire-20240628124725748_1tmp surefire_0-20240628124725748_2tmp"/>
    <property name="http.nonProxyHosts" value="local|*.local|169.254/16|*.169.254/16"/>
    <property name="jdk.debug" value="release"/>
    <property name="surefire.test.class.path" value="/Users/abdualzizalosaimi/Desktop/MyProject/habhab-api/target/test-classes:/Users/abdualzizalosaimi/Desktop/MyProject/habhab-api/target/classes:/Users/abdualzizalosaimi/.m2/repository/org/springframework/boot/spring-boot-starter-actuator/3.3.0/spring-boot-starter-actuator-3.3.0.jar:/Users/abdualzizalosaimi/.m2/repository/org/springframework/boot/spring-boot-starter/3.3.0/spring-boot-starter-3.3.0.jar:/Users/abdualzizalosaimi/.m2/repository/org/springframework/boot/spring-boot-starter-logging/3.3.0/spring-boot-starter-logging-3.3.0.jar:/Users/abdualzizalosaimi/.m2/repository/ch/qos/logback/logback-classic/1.5.6/logback-classic-1.5.6.jar:/Users/abdualzizalosaimi/.m2/repository/ch/qos/logback/logback-core/1.5.6/logback-core-1.5.6.jar:/Users/abdualzizalosaimi/.m2/repository/org/apache/logging/log4j/log4j-to-slf4j/2.23.1/log4j-to-slf4j-2.23.1.jar:/Users/abdualzizalosaimi/.m2/repository/org/apache/logging/log4j/log4j-api/2.23.1/log4j-api-2.23.1.jar:/Users/abdualzizalosaimi/.m2/repository/org/slf4j/jul-to-slf4j/2.0.13/jul-to-slf4j-2.0.13.jar:/Users/abdualzizalosaimi/.m2/repository/jakarta/annotation/jakarta.annotation-api/2.1.1/jakarta.annotation-api-2.1.1.jar:/Users/abdualzizalosaimi/.m2/repository/org/yaml/snakeyaml/2.2/snakeyaml-2.2.jar:/Users/abdualzizalosaimi/.m2/repository/org/springframework/boot/spring-boot-actuator-autoconfigure/3.3.0/spring-boot-actuator-autoconfigure-3.3.0.jar:/Users/abdualzizalosaimi/.m2/repository/org/springframework/boot/spring-boot-actuator/3.3.0/spring-boot-actuator-3.3.0.jar:/Users/abdualzizalosaimi/.m2/repository/com/fasterxml/jackson/core/jackson-databind/2.17.1/jackson-databind-2.17.1.jar:/Users/abdualzizalosaimi/.m2/repository/com/fasterxml/jackson/core/jackson-annotations/2.17.1/jackson-annotations-2.17.1.jar:/Users/abdualzizalosaimi/.m2/repository/com/fasterxml/jackson/core/jackson-core/2.17.1/jackson-core-2.17.1.jar:/Users/abdualzizalosaimi/.m2/repository/com/fasterxml/jackson/datatype/jackson-datatype-jsr310/2.17.1/jackson-datatype-jsr310-2.17.1.jar:/Users/abdualzizalosaimi/.m2/repository/io/micrometer/micrometer-observation/1.13.0/micrometer-observation-1.13.0.jar:/Users/abdualzizalosaimi/.m2/repository/io/micrometer/micrometer-commons/1.13.0/micrometer-commons-1.13.0.jar:/Users/abdualzizalosaimi/.m2/repository/io/micrometer/micrometer-jakarta9/1.13.0/micrometer-jakarta9-1.13.0.jar:/Users/abdualzizalosaimi/.m2/repository/io/micrometer/micrometer-core/1.13.0/micrometer-core-1.13.0.jar:/Users/abdualzizalosaimi/.m2/repository/org/hdrhistogram/HdrHistogram/2.2.1/HdrHistogram-2.2.1.jar:/Users/abdualzizalosaimi/.m2/repository/org/latencyutils/LatencyUtils/2.0.3/LatencyUtils-2.0.3.jar:/Users/abdualzizalosaimi/.m2/repository/org/springframework/boot/spring-boot-starter-data-jpa/3.3.0/spring-boot-starter-data-jpa-3.3.0.jar:/Users/abdualzizalosaimi/.m2/repository/org/springframework/boot/spring-boot-starter-aop/3.3.0/spring-boot-starter-aop-3.3.0.jar:/Users/abdualzizalosaimi/.m2/repository/org/aspectj/aspectjweaver/1.9.22/aspectjweaver-1.9.22.jar:/Users/abdualzizalosaimi/.m2/repository/org/springframework/boot/spring-boot-starter-jdbc/3.3.0/spring-boot-starter-jdbc-3.3.0.jar:/Users/abdualzizalosaimi/.m2/repository/com/zaxxer/HikariCP/5.1.0/HikariCP-5.1.0.jar:/Users/abdualzizalosaimi/.m2/repository/org/springframework/spring-jdbc/6.1.8/spring-jdbc-6.1.8.jar:/Users/abdualzizalosaimi/.m2/repository/org/hibernate/orm/hibernate-core/6.5.2.Final/hibernate-core-6.5.2.Final.jar:/Users/abdualzizalosaimi/.m2/repository/jakarta/persistence/jakarta.persistence-api/3.1.0/jakarta.persistence-api-3.1.0.jar:/Users/abdualzizalosaimi/.m2/repository/jakarta/transaction/jakarta.transaction-api/2.0.1/jakarta.transaction-api-2.0.1.jar:/Users/abdualzizalosaimi/.m2/repository/org/jboss/logging/jboss-logging/3.5.3.Final/jboss-logging-3.5.3.Final.jar:/Users/abdualzizalosaimi/.m2/repository/org/hibernate/common/hibernate-commons-annotations/6.0.6.Final/hibernate-commons-annotations-6.0.6.Final.jar:/Users/abdualzizalosaimi/.m2/repository/io/smallrye/jandex/3.1.2/jandex-3.1.2.jar:/Users/abdualzizalosaimi/.m2/repository/com/fasterxml/classmate/1.7.0/classmate-1.7.0.jar:/Users/abdualzizalosaimi/.m2/repository/net/bytebuddy/byte-buddy/1.14.16/byte-buddy-1.14.16.jar:/Users/abdualzizalosaimi/.m2/repository/org/glassfish/jaxb/jaxb-runtime/4.0.5/jaxb-runtime-4.0.5.jar:/Users/abdualzizalosaimi/.m2/repository/org/glassfish/jaxb/jaxb-core/4.0.5/jaxb-core-4.0.5.jar:/Users/abdualzizalosaimi/.m2/repository/org/eclipse/angus/angus-activation/2.0.2/angus-activation-2.0.2.jar:/Users/abdualzizalosaimi/.m2/repository/org/glassfish/jaxb/txw2/4.0.5/txw2-4.0.5.jar:/Users/abdualzizalosaimi/.m2/repository/com/sun/istack/istack-commons-runtime/4.1.2/istack-commons-runtime-4.1.2.jar:/Users/abdualzizalosaimi/.m2/repository/jakarta/inject/jakarta.inject-api/2.0.1/jakarta.inject-api-2.0.1.jar:/Users/abdualzizalosaimi/.m2/repository/org/antlr/antlr4-runtime/4.13.0/antlr4-runtime-4.13.0.jar:/Users/abdualzizalosaimi/.m2/repository/org/springframework/data/spring-data-jpa/3.3.0/spring-data-jpa-3.3.0.jar:/Users/abdualzizalosaimi/.m2/repository/org/springframework/data/spring-data-commons/3.3.0/spring-data-commons-3.3.0.jar:/Users/abdualzizalosaimi/.m2/repository/org/springframework/spring-orm/6.1.8/spring-orm-6.1.8.jar:/Users/abdualzizalosaimi/.m2/repository/org/springframework/spring-context/6.1.8/spring-context-6.1.8.jar:/Users/abdualzizalosaimi/.m2/repository/org/springframework/spring-tx/6.1.8/spring-tx-6.1.8.jar:/Users/abdualzizalosaimi/.m2/repository/org/springframework/spring-beans/6.1.8/spring-beans-6.1.8.jar:/Users/abdualzizalosaimi/.m2/repository/org/springframework/spring-aspects/6.1.8/spring-aspects-6.1.8.jar:/Users/abdualzizalosaimi/.m2/repository/org/springframework/boot/spring-boot-starter-security/3.3.0/spring-boot-starter-security-3.3.0.jar:/Users/abdualzizalosaimi/.m2/repository/org/springframework/spring-aop/6.1.8/spring-aop-6.1.8.jar:/Users/abdualzizalosaimi/.m2/repository/org/springframework/security/spring-security-config/6.3.0/spring-security-config-6.3.0.jar:/Users/abdualzizalosaimi/.m2/repository/org/springframework/security/spring-security-web/6.3.0/spring-security-web-6.3.0.jar:/Users/abdualzizalosaimi/.m2/repository/org/springframework/spring-expression/6.1.8/spring-expression-6.1.8.jar:/Users/abdualzizalosaimi/.m2/repository/org/springframework/boot/spring-boot-starter-web/3.3.0/spring-boot-starter-web-3.3.0.jar:/Users/abdualzizalosaimi/.m2/repository/org/springframework/boot/spring-boot-starter-json/3.3.0/spring-boot-starter-json-3.3.0.jar:/Users/abdualzizalosaimi/.m2/repository/com/fasterxml/jackson/datatype/jackson-datatype-jdk8/2.17.1/jackson-datatype-jdk8-2.17.1.jar:/Users/abdualzizalosaimi/.m2/repository/com/fasterxml/jackson/module/jackson-module-parameter-names/2.17.1/jackson-module-parameter-names-2.17.1.jar:/Users/abdualzizalosaimi/.m2/repository/org/springframework/boot/spring-boot-starter-tomcat/3.3.0/spring-boot-starter-tomcat-3.3.0.jar:/Users/abdualzizalosaimi/.m2/repository/org/apache/tomcat/embed/tomcat-embed-core/10.1.24/tomcat-embed-core-10.1.24.jar:/Users/abdualzizalosaimi/.m2/repository/org/apache/tomcat/embed/tomcat-embed-el/10.1.24/tomcat-embed-el-10.1.24.jar:/Users/abdualzizalosaimi/.m2/repository/org/apache/tomcat/embed/tomcat-embed-websocket/10.1.24/tomcat-embed-websocket-10.1.24.jar:/Users/abdualzizalosaimi/.m2/repository/org/springframework/spring-web/6.1.8/spring-web-6.1.8.jar:/Users/abdualzizalosaimi/.m2/repository/org/springframework/spring-webmvc/6.1.8/spring-webmvc-6.1.8.jar:/Users/abdualzizalosaimi/.m2/repository/org/springframework/boot/spring-boot-devtools/3.3.0/spring-boot-devtools-3.3.0.jar:/Users/abdualzizalosaimi/.m2/repository/org/springframework/boot/spring-boot/3.3.0/spring-boot-3.3.0.jar:/Users/abdualzizalosaimi/.m2/repository/org/springframework/boot/spring-boot-autoconfigure/3.3.0/spring-boot-autoconfigure-3.3.0.jar:/Users/abdualzizalosaimi/.m2/repository/org/postgresql/postgresql/42.7.3/postgresql-42.7.3.jar:/Users/abdualzizalosaimi/.m2/repository/org/checkerframework/checker-qual/3.42.0/checker-qual-3.42.0.jar:/Users/abdualzizalosaimi/.m2/repository/org/projectlombok/lombok/1.18.32/lombok-1.18.32.jar:/Users/abdualzizalosaimi/.m2/repository/org/springframework/boot/spring-boot-starter-test/3.3.0/spring-boot-starter-test-3.3.0.jar:/Users/abdualzizalosaimi/.m2/repository/org/springframework/boot/spring-boot-test/3.3.0/spring-boot-test-3.3.0.jar:/Users/abdualzizalosaimi/.m2/repository/org/springframework/boot/spring-boot-test-autoconfigure/3.3.0/spring-boot-test-autoconfigure-3.3.0.jar:/Users/abdualzizalosaimi/.m2/repository/com/jayway/jsonpath/json-path/2.9.0/json-path-2.9.0.jar:/Users/abdualzizalosaimi/.m2/repository/jakarta/xml/bind/jakarta.xml.bind-api/4.0.2/jakarta.xml.bind-api-4.0.2.jar:/Users/abdualzizalosaimi/.m2/repository/jakarta/activation/jakarta.activation-api/2.1.3/jakarta.activation-api-2.1.3.jar:/Users/abdualzizalosaimi/.m2/repository/net/minidev/json-smart/2.5.1/json-smart-2.5.1.jar:/Users/abdualzizalosaimi/.m2/repository/net/minidev/accessors-smart/2.5.1/accessors-smart-2.5.1.jar:/Users/abdualzizalosaimi/.m2/repository/org/ow2/asm/asm/9.6/asm-9.6.jar:/Users/abdualzizalosaimi/.m2/repository/org/assertj/assertj-core/3.25.3/assertj-core-3.25.3.jar:/Users/abdualzizalosaimi/.m2/repository/org/awaitility/awaitility/4.2.1/awaitility-4.2.1.jar:/Users/abdualzizalosaimi/.m2/repository/org/hamcrest/hamcrest/2.2/hamcrest-2.2.jar:/Users/abdualzizalosaimi/.m2/repository/org/junit/jupiter/junit-jupiter/5.10.2/junit-jupiter-5.10.2.jar:/Users/abdualzizalosaimi/.m2/repository/org/junit/jupiter/junit-jupiter-api/5.10.2/junit-jupiter-api-5.10.2.jar:/Users/abdualzizalosaimi/.m2/repository/org/opentest4j/opentest4j/1.3.0/opentest4j-1.3.0.jar:/Users/abdualzizalosaimi/.m2/repository/org/junit/platform/junit-platform-commons/1.10.2/junit-platform-commons-1.10.2.jar:/Users/abdualzizalosaimi/.m2/repository/org/apiguardian/apiguardian-api/1.1.2/apiguardian-api-1.1.2.jar:/Users/abdualzizalosaimi/.m2/repository/org/junit/jupiter/junit-jupiter-params/5.10.2/junit-jupiter-params-5.10.2.jar:/Users/abdualzizalosaimi/.m2/repository/org/junit/jupiter/junit-jupiter-engine/5.10.2/junit-jupiter-engine-5.10.2.jar:/Users/abdualzizalosaimi/.m2/repository/org/junit/platform/junit-platform-engine/1.10.2/junit-platform-engine-1.10.2.jar:/Users/abdualzizalosaimi/.m2/repository/org/mockito/mockito-core/5.11.0/mockito-core-5.11.0.jar:/Users/abdualzizalosaimi/.m2/repository/net/bytebuddy/byte-buddy-agent/1.14.16/byte-buddy-agent-1.14.16.jar:/Users/abdualzizalosaimi/.m2/repository/org/objenesis/objenesis/3.3/objenesis-3.3.jar:/Users/abdualzizalosaimi/.m2/repository/org/mockito/mockito-junit-jupiter/5.11.0/mockito-junit-jupiter-5.11.0.jar:/Users/abdualzizalosaimi/.m2/repository/org/skyscreamer/jsonassert/1.5.1/jsonassert-1.5.1.jar:/Users/abdualzizalosaimi/.m2/repository/org/springframework/spring-core/6.1.8/spring-core-6.1.8.jar:/Users/abdualzizalosaimi/.m2/repository/org/springframework/spring-jcl/6.1.8/spring-jcl-6.1.8.jar:/Users/abdualzizalosaimi/.m2/repository/org/springframework/spring-test/6.1.8/spring-test-6.1.8.jar:/Users/abdualzizalosaimi/.m2/repository/org/xmlunit/xmlunit-core/2.9.1/xmlunit-core-2.9.1.jar:/Users/abdualzizalosaimi/.m2/repository/org/springframework/security/spring-security-test/6.3.0/spring-security-test-6.3.0.jar:/Users/abdualzizalosaimi/.m2/repository/org/springframework/security/spring-security-core/6.3.0/spring-security-core-6.3.0.jar:/Users/abdualzizalosaimi/.m2/repository/org/springframework/security/spring-security-crypto/6.3.0/spring-security-crypto-6.3.0.jar:/Users/abdualzizalosaimi/.m2/repository/org/json/json/20240303/json-20240303.jar:/Users/abdualzizalosaimi/.m2/repository/org/springdoc/springdoc-openapi-starter-webmvc-ui/2.5.0/springdoc-openapi-starter-webmvc-ui-2.5.0.jar:/Users/abdualzizalosaimi/.m2/repository/org/springdoc/springdoc-openapi-starter-webmvc-api/2.5.0/springdoc-openapi-starter-webmvc-api-2.5.0.jar:/Users/abdualzizalosaimi/.m2/repository/org/springdoc/springdoc-openapi-starter-common/2.5.0/springdoc-openapi-starter-common-2.5.0.jar:/Users/abdualzizalosaimi/.m2/repository/io/swagger/core/v3/swagger-core-jakarta/2.2.21/swagger-core-jakarta-2.2.21.jar:/Users/abdualzizalosaimi/.m2/repository/org/apache/commons/commons-lang3/3.14.0/commons-lang3-3.14.0.jar:/Users/abdualzizalosaimi/.m2/repository/io/swagger/core/v3/swagger-annotations-jakarta/2.2.21/swagger-annotations-jakarta-2.2.21.jar:/Users/abdualzizalosaimi/.m2/repository/io/swagger/core/v3/swagger-models-jakarta/2.2.21/swagger-models-jakarta-2.2.21.jar:/Users/abdualzizalosaimi/.m2/repository/jakarta/validation/jakarta.validation-api/3.0.2/jakarta.validation-api-3.0.2.jar:/Users/abdualzizalosaimi/.m2/repository/com/fasterxml/jackson/dataformat/jackson-dataformat-yaml/2.17.1/jackson-dataformat-yaml-2.17.1.jar:/Users/abdualzizalosaimi/.m2/repository/org/webjars/swagger-ui/5.13.0/swagger-ui-5.13.0.jar:/Users/abdualzizalosaimi/.m2/repository/com/nimbusds/nimbus-jose-jwt/9.37.3/nimbus-jose-jwt-9.37.3.jar:/Users/abdualzizalosaimi/.m2/repository/com/github/stephenc/jcip/jcip-annotations/1.0-1/jcip-annotations-1.0-1.jar:/Users/abdualzizalosaimi/.m2/repository/org/apache/httpcomponents/httpclient/4.5.14/httpclient-4.5.14.jar:/Users/abdualzizalosaimi/.m2/repository/org/apache/httpcomponents/httpcore/4.4.16/httpcore-4.4.16.jar:/Users/abdualzizalosaimi/.m2/repository/commons-logging/commons-logging/1.2/commons-logging-1.2.jar:/Users/abdualzizalosaimi/.m2/repository/commons-codec/commons-codec/1.16.1/commons-codec-1.16.1.jar:/Users/abdualzizalosaimi/.m2/repository/org/springframework/boot/spring-boot-starter-amqp/3.3.0/spring-boot-starter-amqp-3.3.0.jar:/Users/abdualzizalosaimi/.m2/repository/org/springframework/spring-messaging/6.1.8/spring-messaging-6.1.8.jar:/Users/abdualzizalosaimi/.m2/repository/org/springframework/amqp/spring-rabbit/3.1.5/spring-rabbit-3.1.5.jar:/Users/abdualzizalosaimi/.m2/repository/org/springframework/amqp/spring-amqp/3.1.5/spring-amqp-3.1.5.jar:/Users/abdualzizalosaimi/.m2/repository/org/springframework/retry/spring-retry/2.0.6/spring-retry-2.0.6.jar:/Users/abdualzizalosaimi/.m2/repository/com/rabbitmq/amqp-client/5.21.0/amqp-client-5.21.0.jar:/Users/abdualzizalosaimi/.m2/repository/org/springframework/amqp/spring-rabbit-test/3.1.5/spring-rabbit-test-3.1.5.jar:/Users/abdualzizalosaimi/.m2/repository/org/springframework/amqp/spring-rabbit-junit/3.1.5/spring-rabbit-junit-3.1.5.jar:/Users/abdualzizalosaimi/.m2/repository/org/hamcrest/hamcrest-library/2.2/hamcrest-library-2.2.jar:/Users/abdualzizalosaimi/.m2/repository/org/hamcrest/hamcrest-core/2.2/hamcrest-core-2.2.jar:/Users/abdualzizalosaimi/.m2/repository/org/springframework/boot/spring-boot-starter-thymeleaf/3.3.0/spring-boot-starter-thymeleaf-3.3.0.jar:/Users/abdualzizalosaimi/.m2/repository/org/thymeleaf/thymeleaf-spring6/3.1.2.RELEASE/thymeleaf-spring6-3.1.2.RELEASE.jar:/Users/abdualzizalosaimi/.m2/repository/org/thymeleaf/thymeleaf/3.1.2.RELEASE/thymeleaf-3.1.2.RELEASE.jar:/Users/abdualzizalosaimi/.m2/repository/org/attoparser/attoparser/2.0.7.RELEASE/attoparser-2.0.7.RELEASE.jar:/Users/abdualzizalosaimi/.m2/repository/org/unbescape/unbescape/1.1.6.RELEASE/unbescape-1.1.6.RELEASE.jar:/Users/abdualzizalosaimi/.m2/repository/org/thymeleaf/extras/thymeleaf-extras-springsecurity6/3.1.2.RELEASE/thymeleaf-extras-springsecurity6-3.1.2.RELEASE.jar:/Users/abdualzizalosaimi/.m2/repository/org/slf4j/slf4j-api/2.0.13/slf4j-api-2.0.13.jar:"/>
    <property name="sun.cpu.endian" value="little"/>
    <property name="user.home" value="/Users/abdualzizalosaimi"/>
    <property name="user.language" value="en"/>
    <property name="java.specification.vendor" value="Oracle Corporation"/>
    <property name="java.version.date" value="2024-04-16"/>
    <property name="java.home" value="/Users/abdualzizalosaimi/Library/Java/JavaVirtualMachines/openjdk-22.0.1/Contents/Home"/>
    <property name="file.separator" value="/"/>
    <property name="basedir" value="/Users/abdualzizalosaimi/Desktop/MyProject/habhab-api"/>
    <property name="java.vm.compressedOopsMode" value="Zero based"/>
    <property name="line.separator" value="&#10;"/>
    <property name="java.vm.specification.vendor" value="Oracle Corporation"/>
    <property name="java.specification.name" value="Java Platform API Specification"/>
    <property name="FILE_LOG_CHARSET" value="UTF-8"/>
    <property name="java.awt.headless" value="true"/>
    <property name="apple.awt.application.name" value="ForkedBooter"/>
    <property name="surefire.real.class.path" value="/Users/abdualzizalosaimi/Desktop/MyProject/habhab-api/target/surefire/surefirebooter-20240628124725748_3.jar"/>
    <property name="junit.platform.listeners.uid.tracking.enabled" value="true"/>
    <property name="sun.management.compiler" value="HotSpot 64-Bit Tiered Compilers"/>
    <property name="ftp.nonProxyHosts" value="local|*.local|169.254/16|*.169.254/16"/>
    <property name="junit.platform.listeners.uid.tracking.output.dir" value="/Users/abdualzizalosaimi/Desktop/MyProject/habhab-api/target/test-ids"/>
    <property name="java.runtime.version" value="22.0.1+8-16"/>
    <property name="user.name" value="abdualzizalosaimi"/>
    <property name="stdout.encoding" value="UTF-8"/>
    <property name="path.separator" value=":"/>
    <property name="os.version" value="14.5"/>
    <property name="java.runtime.name" value="OpenJDK Runtime Environment"/>
    <property name="file.encoding" value="UTF-8"/>
    <property name="java.vm.name" value="OpenJDK 64-Bit Server VM"/>
    <property name="localRepository" value="/Users/abdualzizalosaimi/.m2/repository"/>
    <property name="java.vendor.url.bug" value="https://bugreport.java.com/bugreport/"/>
    <property name="java.io.tmpdir" value="/var/folders/4t/f8bh6kv15sg0926f_h7rzf7m0000gn/T/"/>
    <property name="idea.version" value="2024.1.4"/>
    <property name="com.zaxxer.hikari.pool_number" value="1"/>
    <property name="java.version" value="22.0.1"/>
    <property name="user.dir" value="/Users/abdualzizalosaimi/Desktop/MyProject/habhab-api"/>
    <property name="os.arch" value="aarch64"/>
    <property name="java.vm.specification.name" value="Java Virtual Machine Specification"/>
    <property name="PID" value="6085"/>
    <property name="CONSOLE_LOG_CHARSET" value="UTF-8"/>
    <property name="native.encoding" value="UTF-8"/>
    <property name="java.library.path" value="/Users/abdualzizalosaimi/Library/Java/Extensions:/Library/Java/Extensions:/Network/Library/Java/Extensions:/System/Library/Java/Extensions:/usr/lib/java:."/>
    <property name="java.vm.info" value="mixed mode, sharing"/>
    <property name="stderr.encoding" value="UTF-8"/>
    <property name="java.vendor" value="Oracle Corporation"/>
    <property name="java.vm.version" value="22.0.1+8-16"/>
    <property name="sun.io.unicode.encoding" value="UnicodeBig"/>
    <property name="socksNonProxyHosts" value="local|*.local|169.254/16|*.169.254/16"/>
    <property name="java.class.version" value="66.0"/>
    <property name="LOGGED_APPLICATION_NAME" value="[habhab-api] "/>
  </properties>
  <testcase name="contextLoads" classname="techsea.habhabapi.HabhabApiApplicationTests" time="0.285">
    <system-out><![CDATA[12:47:26.102 [main] INFO org.springframework.test.context.support.AnnotationConfigContextLoaderUtils -- Could not detect default configuration classes for test class [techsea.habhabapi.HabhabApiApplicationTests]: HabhabApiApplicationTests does not declare any static, non-private, non-final, nested classes annotated with @Configuration.
12:47:26.147 [main] INFO org.springframework.boot.test.context.SpringBootTestContextBootstrapper -- Found @SpringBootConfiguration techsea.habhabapi.HabhabApiApplication for test class techsea.habhabapi.HabhabApiApplicationTests
12:47:26.215 [main] INFO org.springframework.boot.devtools.restart.RestartApplicationListener -- Restart disabled due to context in which it is running
  .   ____          _            __ _ _
 /\\ / ___'_ __ _ _(_)_ __  __ _ \ \ \ \
( ( )\___ | '_ | '_| | '_ \/ _` | \ \ \ \
 \\/  ___)| |_)| | | | | || (_| |  ) ) ) )
  '  |____| .__|_| |_|_| |_\__, | / / / /
 =========|_|==============|___/=/_/_/_/

 :: Spring Boot ::                (v3.3.0)

2024-06-28T12:47:26.356+03:00  INFO 6085 --- [habhab-api] [           main] t.habhabapi.HabhabApiApplicationTests    : Starting HabhabApiApplicationTests using Java 22.0.1 with PID 6085 (started by abdualzizalosaimi in /Users/abdualzizalosaimi/Desktop/MyProject/habhab-api)
2024-06-28T12:47:26.357+03:00  INFO 6085 --- [habhab-api] [           main] t.habhabapi.HabhabApiApplicationTests    : The following 1 profile is active: "dev"
2024-06-28T12:47:26.915+03:00  INFO 6085 --- [habhab-api] [           main] .s.d.r.c.RepositoryConfigurationDelegate : Bootstrapping Spring Data JPA repositories in DEFAULT mode.
2024-06-28T12:47:26.948+03:00  INFO 6085 --- [habhab-api] [           main] .s.d.r.c.RepositoryConfigurationDelegate : Finished Spring Data repository scanning in 29 ms. Found 15 JPA repository interfaces.
2024-06-28T12:47:27.270+03:00  INFO 6085 --- [habhab-api] [           main] o.hibernate.jpa.internal.util.LogHelper  : HHH000204: Processing PersistenceUnitInfo [name: default]
2024-06-28T12:47:27.299+03:00  INFO 6085 --- [habhab-api] [           main] org.hibernate.Version                    : HHH000412: Hibernate ORM core version 6.5.2.Final
2024-06-28T12:47:27.316+03:00  INFO 6085 --- [habhab-api] [           main] o.h.c.internal.RegionFactoryInitiator    : HHH000026: Second-level cache disabled
2024-06-28T12:47:27.437+03:00  INFO 6085 --- [habhab-api] [           main] o.s.o.j.p.SpringPersistenceUnitInfo      : No LoadTimeWeaver setup: ignoring JPA class transformer
2024-06-28T12:47:27.448+03:00  INFO 6085 --- [habhab-api] [           main] com.zaxxer.hikari.HikariDataSource       : HikariPool-1 - Starting...
2024-06-28T12:47:27.785+03:00  INFO 6085 --- [habhab-api] [           main] com.zaxxer.hikari.pool.HikariPool        : HikariPool-1 - Added connection org.postgresql.jdbc.PgConnection@5e62ca19
2024-06-28T12:47:27.787+03:00  INFO 6085 --- [habhab-api] [           main] com.zaxxer.hikari.HikariDataSource       : HikariPool-1 - Start completed.
2024-06-28T12:47:28.337+03:00  INFO 6085 --- [habhab-api] [           main] o.h.e.t.j.p.i.JtaPlatformInitiator       : HHH000489: No JTA platform available (set 'hibernate.transaction.jta.platform' to enable JTA platform integration)
2024-06-28T12:47:28.558+03:00  INFO 6085 --- [habhab-api] [           main] j.LocalContainerEntityManagerFactoryBean : Initialized JPA EntityManagerFactory for persistence unit 'default'
2024-06-28T12:47:29.138+03:00  WARN 6085 --- [habhab-api] [           main] JpaBaseConfiguration$JpaWebConfiguration : spring.jpa.open-in-view is enabled by default. Therefore, database queries may be performed during view rendering. Explicitly configure spring.jpa.open-in-view to disable this warning
2024-06-28T12:47:29.157+03:00  INFO 6085 --- [habhab-api] [           main] r$InitializeUserDetailsManagerConfigurer : Global AuthenticationManager configured with UserDetailsService bean with name authService
2024-06-28T12:47:29.373+03:00  INFO 6085 --- [habhab-api] [           main] o.s.b.a.e.web.EndpointLinksResolver      : Exposing 1 endpoint beneath base path '/actuator'
2024-06-28T12:47:29.406+03:00  INFO 6085 --- [habhab-api] [           main] o.s.s.web.DefaultSecurityFilterChain     : Will secure any request with [org.springframework.security.web.session.DisableEncodeUrlFilter@113b39e9, org.springframework.security.web.context.request.async.WebAsyncManagerIntegrationFilter@70b7fec0, org.springframework.security.web.context.SecurityContextHolderFilter@9fe1e14, org.springframework.security.web.header.HeaderWriterFilter@6af6a3b, org.springframework.web.filter.CorsFilter@361eed12, org.springframework.security.web.authentication.logout.LogoutFilter@427c8f6, techsea.habhabapi.V1.Config.JwtAuthenticationFilter@f4a21cb, org.springframework.security.web.savedrequest.RequestCacheAwareFilter@53af65eb, org.springframework.security.web.servletapi.SecurityContextHolderAwareRequestFilter@340b7fca, org.springframework.security.web.authentication.AnonymousAuthenticationFilter@73c5b676, org.springframework.security.web.session.SessionManagementFilter@4015c65b, org.springframework.security.web.access.ExceptionTranslationFilter@105d2c27, org.springframework.security.web.access.intercept.AuthorizationFilter@61b3de5b]
2024-06-28T12:47:29.727+03:00  INFO 6085 --- [habhab-api] [           main] o.s.a.r.c.CachingConnectionFactory       : Attempting to connect to: [localhost:5672]
2024-06-28T12:47:29.764+03:00  INFO 6085 --- [habhab-api] [           main] o.s.a.r.c.CachingConnectionFactory       : Created new connection: rabbitConnectionFactory#6fa48ee4:0/SimpleConnection@6e1787ba [delegate=amqp://guest@127.0.0.1:5672/, localPort=51583]
2024-06-28T12:47:29.808+03:00  INFO 6085 --- [habhab-api] [           main] t.habhabapi.HabhabApiApplicationTests    : Started HabhabApiApplicationTests in 3.6 seconds (process running for 4.021)
2024-06-28T12:47:30.738+03:00  INFO 6085 --- [habhab-api] [   scheduling-1] techsea.habhabapi.V1.Service.Monday      : {"name":"الأحد","id":1}
2024-06-28T12:47:30.741+03:00  INFO 6085 --- [habhab-api] [   scheduling-1] techsea.habhabapi.V1.Service.Monday      : {"name":"الإثنين","id":2}
2024-06-28T12:47:30.742+03:00  INFO 6085 --- [habhab-api] [   scheduling-1] techsea.habhabapi.V1.Service.Monday      : {"name":"الثلاثاء","id":3}
2024-06-28T12:47:30.743+03:00  INFO 6085 --- [habhab-api] [   scheduling-1] techsea.habhabapi.V1.Service.Monday      : {"name":"الأربعاء","id":4}
2024-06-28T12:47:30.744+03:00  INFO 6085 --- [habhab-api] [   scheduling-1] techsea.habhabapi.V1.Service.Monday      : {"name":"الخميس","id":5}
2024-06-28T12:47:30.744+03:00  INFO 6085 --- [habhab-api] [   scheduling-1] techsea.habhabapi.V1.Service.Monday      : {"name":"الجمعة","id":6}
2024-06-28T12:47:30.745+03:00  INFO 6085 --- [habhab-api] [   scheduling-1] techsea.habhabapi.V1.Service.Monday      : {"name":"السبت","id":7}
2024-06-28T12:47:31.095+03:00  INFO 6085 --- [habhab-api] [           main] techsea.habhabapi.V1.Service.Monday      : {"name":"الأحد","id":1}
2024-06-28T12:47:31.096+03:00  INFO 6085 --- [habhab-api] [           main] techsea.habhabapi.V1.Service.Monday      : {"name":"الإثنين","id":2}
2024-06-28T12:47:31.097+03:00  INFO 6085 --- [habhab-api] [           main] techsea.habhabapi.V1.Service.Monday      : {"name":"الثلاثاء","id":3}
2024-06-28T12:47:31.098+03:00  INFO 6085 --- [habhab-api] [           main] techsea.habhabapi.V1.Service.Monday      : {"name":"الأربعاء","id":4}
2024-06-28T12:47:31.098+03:00  INFO 6085 --- [habhab-api] [           main] techsea.habhabapi.V1.Service.Monday      : {"name":"الخميس","id":5}
2024-06-28T12:47:31.099+03:00  INFO 6085 --- [habhab-api] [           main] techsea.habhabapi.V1.Service.Monday      : {"name":"الجمعة","id":6}
2024-06-28T12:47:31.099+03:00  INFO 6085 --- [habhab-api] [           main] techsea.habhabapi.V1.Service.Monday      : {"name":"السبت","id":7}
]]></system-out>
    <system-err><![CDATA[WARNING: A Java agent has been loaded dynamically (/Users/abdualzizalosaimi/.m2/repository/net/bytebuddy/byte-buddy-agent/1.14.16/byte-buddy-agent-1.14.16.jar)
WARNING: If a serviceability tool is in use, please run with -XX:+EnableDynamicAgentLoading to hide this warning
WARNING: If a serviceability tool is not in use, please run with -Djdk.instrument.traceUsage for more information
WARNING: Dynamic loading of agents will be disallowed by default in a future release
]]></system-err>
  </testcase>
</testsuite>